<?xml version="1.0" encoding="UTF-8" standalone="yes"?><!DOCTYPE report PUBLIC "-//JACOCO//DTD Report 1.1//EN" "report.dtd"><report name="Java-Linear-Algebra"><sessioninfo id="DESKTOP-3F0SSFQ-fe00496a" start="1632785396729" dump="1632785398884"/><sessioninfo id="DESKTOP-3F0SSFQ-9cdf880c" start="1632787027066" dump="1632787028389"/><sessioninfo id="DESKTOP-3F0SSFQ-33e4a7ad" start="1632787824685" dump="1632787826107"/><sessioninfo id="DESKTOP-3F0SSFQ-d759012b" start="1632787898313" dump="1632787899650"/><sessioninfo id="DESKTOP-3F0SSFQ-653be16e" start="1632788590487" dump="1632788591452"/><sessioninfo id="DESKTOP-3F0SSFQ-e4543b44" start="1632788616892" dump="1632788617864"/><sessioninfo id="DESKTOP-3F0SSFQ-4d4af810" start="1632788635046" dump="1632788635903"/><sessioninfo id="DESKTOP-3F0SSFQ-ca0ff9dc" start="1632789177899" dump="1632789179094"/><sessioninfo id="DESKTOP-3F0SSFQ-2b03aa12" start="1632789197815" dump="1632789198970"/><sessioninfo id="DESKTOP-3F0SSFQ-92377961" start="1632789713743" dump="1632789715200"/><sessioninfo id="DESKTOP-3F0SSFQ-f67dcf9d" start="1632791223035" dump="1632791223756"/><sessioninfo id="DESKTOP-3F0SSFQ-3deffdcc" start="1632791225995" dump="1632791227517"/><sessioninfo id="DESKTOP-3F0SSFQ-8370ba74" start="1632791234697" dump="1632791236818"/><sessioninfo id="DESKTOP-3F0SSFQ-e80853d4" start="1632791240963" dump="1632791242073"/><sessioninfo id="DESKTOP-3F0SSFQ-9ee31791" start="1632791253485" dump="1632791254576"/><sessioninfo id="DESKTOP-3F0SSFQ-58a45499" start="1632791643884" dump="1632791645145"/><sessioninfo id="DESKTOP-3F0SSFQ-6b36a7ae" start="1632791710919" dump="1632791711976"/><sessioninfo id="DESKTOP-3F0SSFQ-cd238e7f" start="1632792212364" dump="1632792213589"/><sessioninfo id="DESKTOP-3F0SSFQ-32a355ac" start="1632792226532" dump="1632792227738"/><sessioninfo id="DESKTOP-3F0SSFQ-cf2ae673" start="1632792263916" dump="1632792265083"/><sessioninfo id="DESKTOP-3F0SSFQ-d8ae4a1d" start="1632792284518" dump="1632792285894"/><sessioninfo id="DESKTOP-3F0SSFQ-590642cc" start="1632792572203" dump="1632792573348"/><sessioninfo id="DESKTOP-3F0SSFQ-c18502e8" start="1632792970189" dump="1632792971270"/><sessioninfo id="DESKTOP-3F0SSFQ-bb68ec51" start="1632793008312" dump="1632793009524"/><sessioninfo id="DESKTOP-3F0SSFQ-dc7eaf97" start="1632794014578" dump="1632794015732"/><sessioninfo id="DESKTOP-3F0SSFQ-4fd69810" start="1632794041217" dump="1632794042229"/><sessioninfo id="DESKTOP-3F0SSFQ-96825214" start="1632794338912" dump="1632794340518"/><sessioninfo id="DESKTOP-3F0SSFQ-89a0fc42" start="1632794376493" dump="1632794377631"/><sessioninfo id="DESKTOP-3F0SSFQ-cab82cf0" start="1632794402490" dump="1632794403864"/><sessioninfo id="DESKTOP-3F0SSFQ-c139591e" start="1632796470111" dump="1632796470839"/><sessioninfo id="DESKTOP-3F0SSFQ-82b8fd28" start="1632796538375" dump="1632796539119"/><sessioninfo id="DESKTOP-3F0SSFQ-3bdff75d" start="1632796570427" dump="1632796571185"/><sessioninfo id="DESKTOP-3F0SSFQ-cdb98687" start="1632796751134" dump="1632796751986"/><sessioninfo id="DESKTOP-3F0SSFQ-e6b68394" start="1632796813525" dump="1632796814279"/><sessioninfo id="DESKTOP-3F0SSFQ-9c517ae6" start="1632796822743" dump="1632796823495"/><sessioninfo id="DESKTOP-3F0SSFQ-7849bf85" start="1632805631900" dump="1632805632787"/><sessioninfo id="DESKTOP-3F0SSFQ-8af91b33" start="1634341976579" dump="1634341977263"/><sessioninfo id="DESKTOP-3F0SSFQ-3c496517" start="1634341993197" dump="1634341994053"/><sessioninfo id="DESKTOP-3F0SSFQ-a1df1e07" start="1634342019237" dump="1634342019963"/><sessioninfo id="DESKTOP-3F0SSFQ-aff8a924" start="1634342037885" dump="1634342038662"/><sessioninfo id="DESKTOP-3F0SSFQ-f94da3ae" start="1634342585320" dump="1634342586098"/><sessioninfo id="Jacobs-MacBook-Pro.local-f3f79794" start="1634836555186" dump="1634836564541"/><sessioninfo id="DESKTOP-3F0SSFQ-1c4bcb6b" start="1643427498985" dump="1643427499604"/><sessioninfo id="BLD-c8e7ccc5" start="1648586512480" dump="1648586512952"/><sessioninfo id="BLD-c491da1c" start="1648586843512" dump="1648586843962"/><sessioninfo id="BLD-300bdcd5" start="1648588459474" dump="1648588459917"/><sessioninfo id="BLD-9e01c2de" start="1648588475317" dump="1648588475782"/><sessioninfo id="BLD-d744592a" start="1648588519577" dump="1648588520034"/><sessioninfo id="BLD-1a703741" start="1648588673639" dump="1648588674055"/><sessioninfo id="BLD-8a20d0c8" start="1648589226291" dump="1648589226761"/><sessioninfo id="BLD-3030a010" start="1648589319924" dump="1648589320357"/><sessioninfo id="BLD-892f94a5" start="1648589383943" dump="1648589384382"/><sessioninfo id="BLD-6cc24976" start="1648589419751" dump="1648589420212"/><sessioninfo id="BLD-c3b8dd62" start="1648589445801" dump="1648589446224"/><sessioninfo id="BLD-c0ccf981" start="1648589467449" dump="1648589467877"/><sessioninfo id="BLD-948c79a4" start="1648589473788" dump="1648589474223"/><sessioninfo id="BLD-c6bbb7e8" start="1648589488090" dump="1648589488533"/><sessioninfo id="BLD-22e49a32" start="1648589515570" dump="1648589516009"/><sessioninfo id="BLD-d3238213" start="1648589555989" dump="1648589556424"/><sessioninfo id="BLD-43a1f50d" start="1648589660252" dump="1648589660678"/><sessioninfo id="BLD-2ed097bf" start="1648590138897" dump="1648590139349"/><sessioninfo id="BLD-269efbd9" start="1648590392805" dump="1648590393215"/><sessioninfo id="BLD-1533ae4" start="1648590590949" dump="1648590591368"/><sessioninfo id="BLD-a686b3fb" start="1648590822861" dump="1648590823292"/><sessioninfo id="BLD-fe1d22aa" start="1648591280094" dump="1648591280506"/><sessioninfo id="BLD-5a81a566" start="1648591317809" dump="1648591318229"/><sessioninfo id="BLD-10a9b533" start="1648591421984" dump="1648591422420"/><sessioninfo id="BLD-e2881bf7" start="1648591446520" dump="1648591446944"/><sessioninfo id="BLD-c094cb3a" start="1648591467831" dump="1648591468249"/><sessioninfo id="BLD-80cc61fe" start="1648591477324" dump="1648591477744"/><sessioninfo id="BLD-5b054816" start="1648592084167" dump="1648592084631"/><sessioninfo id="BLD-d93b6239" start="1648592106565" dump="1648592107030"/><sessioninfo id="BLD-8c9886dd" start="1648592181670" dump="1648592182107"/><sessioninfo id="BLD-6564bb77" start="1648592461087" dump="1648592461528"/><sessioninfo id="BLD-648ad67e" start="1648592650127" dump="1648592650553"/><sessioninfo id="BLD-cefd6473" start="1648592668193" dump="1648592668598"/><sessioninfo id="BLD-1a65e0fd" start="1648592939691" dump="1648592940117"/><sessioninfo id="BLD-dff79074" start="1648592956815" dump="1648592957239"/><sessioninfo id="BLD-5e38fd9b" start="1648593012153" dump="1648593012564"/><sessioninfo id="BLD-af6df989" start="1648593057865" dump="1648593058301"/><sessioninfo id="BLD-cddcd7ce" start="1648593098760" dump="1648593099186"/><sessioninfo id="BLD-43673dfe" start="1648593109824" dump="1648593110258"/><sessioninfo id="BLD-f2c4f26" start="1648593123169" dump="1648593123598"/><sessioninfo id="BLD-61cbd324" start="1648593146774" dump="1648593147181"/><sessioninfo id="BLD-d00f4124" start="1648593312792" dump="1648593313214"/><sessioninfo id="BLD-b428b62e" start="1648593345362" dump="1648593345783"/><sessioninfo id="BLD-87d6ce32" start="1648594317118" dump="1648594317547"/><sessioninfo id="BLD-3440b24b" start="1648594373772" dump="1648594374194"/><sessioninfo id="BLD-cb5d41ed" start="1648594431594" dump="1648594432015"/><sessioninfo id="BLD-a81280dc" start="1648594684966" dump="1648594685371"/><sessioninfo id="BLD-21907c89" start="1648595226257" dump="1648595226717"/><sessioninfo id="BLD-5df0796f" start="1648595244300" dump="1648595244726"/><sessioninfo id="BLD-d8d16d7c" start="1648595303932" dump="1648595304362"/><sessioninfo id="BLD-8fd5a3f2" start="1648595332686" dump="1648595333110"/><sessioninfo id="BLD-226af732" start="1648595346742" dump="1648595347184"/><sessioninfo id="BLD-180c8e3b" start="1648595824669" dump="1648595825081"/><sessioninfo id="BLD-79969db6" start="1648595850050" dump="1648595850477"/><sessioninfo id="BLD-9623b436" start="1648595964518" dump="1648595964940"/><sessioninfo id="BLD-5bdc6827" start="1648595981115" dump="1648595981545"/><sessioninfo id="BLD-d04e8049" start="1648596000066" dump="1648596000483"/><sessioninfo id="BLD-eada422" start="1648596051545" dump="1648596051973"/><sessioninfo id="BLD-99c33b6d" start="1648596074339" dump="1648596074748"/><sessioninfo id="BLD-97453a81" start="1648596235421" dump="1648596235848"/><sessioninfo id="BLD-c0b76a65" start="1648596473809" dump="1648596474265"/><sessioninfo id="BLD-f2ec7a99" start="1648596545395" dump="1648596545815"/><sessioninfo id="BLD-c74207aa" start="1648596570487" dump="1648596570912"/><sessioninfo id="BLD-20b67fe6" start="1648596604298" dump="1648596604737"/><sessioninfo id="BLD-c035a472" start="1648596779949" dump="1648596780366"/><sessioninfo id="BLD-5b8b0209" start="1648596995450" dump="1648596995870"/><sessioninfo id="BLD-a34898d6" start="1648597228475" dump="1648597228920"/><sessioninfo id="BLD-e8057c1d" start="1648597703001" dump="1648597703418"/><sessioninfo id="BLD-a30ea399" start="1648597728931" dump="1648597729355"/><sessioninfo id="BLD-3a980334" start="1648597741643" dump="1648597742077"/><sessioninfo id="BLD-f8e93beb" start="1648935886497" dump="1648935887036"/><sessioninfo id="BLD-b68fb5ab" start="1648935933756" dump="1648935934217"/><sessioninfo id="BLD-f8282eba" start="1648935977116" dump="1648935977553"/><sessioninfo id="BLD-1842ad85" start="1648936044487" dump="1648936044977"/><sessioninfo id="BLD-e5ca4200" start="1648936896024" dump="1648936896463"/><sessioninfo id="BLD-3ed243e3" start="1648936984217" dump="1648936984620"/><sessioninfo id="BLD-dd708c19" start="1648947317354" dump="1648947317938"/><sessioninfo id="BLD-a93085be" start="1648947448377" dump="1648947448803"/><sessioninfo id="BLD-13213f3b" start="1648947560211" dump="1648947560618"/><sessioninfo id="BLD-c763d477" start="1648947723270" dump="1648947723680"/><sessioninfo id="BLD-6e2020c2" start="1648947852953" dump="1648947853366"/><sessioninfo id="BLD-946852b0" start="1648948036692" dump="1648948037121"/><sessioninfo id="BLD-477e0a2" start="1648950799986" dump="1648950800428"/><sessioninfo id="BLD-9a7c80d2" start="1648951025726" dump="1648951026132"/><sessioninfo id="BLD-49193ea5" start="1648951067639" dump="1648951068066"/><sessioninfo id="BLD-393eaf67" start="1648951103117" dump="1648951103524"/><sessioninfo id="BLD-82cec709" start="1648954136076" dump="1648954136516"/><sessioninfo id="BLD-d7701a8e" start="1648954156185" dump="1648954156603"/><sessioninfo id="BLD-2cf002a0" start="1648954490671" dump="1648954491104"/><sessioninfo id="BLD-276f6414" start="1648954610166" dump="1648954610597"/><sessioninfo id="BLD-8d1ce9a6" start="1648954624745" dump="1648954625164"/><sessioninfo id="BLD-d12edc94" start="1648954654834" dump="1648954655262"/><sessioninfo id="BLD-32522866" start="1648954663310" dump="1648954663720"/><sessioninfo id="BLD-b1d72ff3" start="1648954698695" dump="1648954699112"/><sessioninfo id="BLD-e7a3325c" start="1648954803668" dump="1648954804071"/><sessioninfo id="BLD-aaac4c26" start="1648954941209" dump="1648954941626"/><sessioninfo id="BLD-6938f69f" start="1648955013098" dump="1648955013538"/><sessioninfo id="BLD-99a849da" start="1648955139872" dump="1648955140297"/><sessioninfo id="BLD-ed1fbd80" start="1648955575435" dump="1648955575850"/><sessioninfo id="BLD-ff2339d0" start="1648955645174" dump="1648955645579"/><sessioninfo id="BLD-43d015bf" start="1648955671982" dump="1648955672418"/><sessioninfo id="BLD-8e074178" start="1648955732936" dump="1648955733346"/><sessioninfo id="BLD-f143b42b" start="1648955747256" dump="1648955747685"/><sessioninfo id="BLD-fedc15e" start="1648955780443" dump="1648955780853"/><sessioninfo id="BLD-4a9c2466" start="1648955986703" dump="1648955987112"/><sessioninfo id="BLD-4fd30142" start="1648956045098" dump="1648956045510"/><sessioninfo id="BLD-d9b02a93" start="1648956064428" dump="1648956064849"/><sessioninfo id="BLD-4dd0f852" start="1648956078819" dump="1648956079230"/><sessioninfo id="BLD-3e5d3fb6" start="1648956088938" dump="1648956089355"/><sessioninfo id="BLD-86354440" start="1648956099457" dump="1648956099864"/><sessioninfo id="BLD-fe91b055" start="1648956113535" dump="1648956113953"/><sessioninfo id="BLD-3f09e07" start="1648956250163" dump="1648956250616"/><sessioninfo id="BLD-f7d24ab1" start="1648956295239" dump="1648956295646"/><sessioninfo id="BLD-1fea41e3" start="1648956310997" dump="1648956311415"/><sessioninfo id="BLD-d181661" start="1648956339970" dump="1648956340385"/><sessioninfo id="BLD-676f6b83" start="1648956366236" dump="1648956366653"/><sessioninfo id="BLD-3c882173" start="1648956398306" dump="1648956398743"/><sessioninfo id="BLD-14ba9302" start="1648956440975" dump="1648956441377"/><sessioninfo id="BLD-4f61f6fe" start="1648956479095" dump="1648956479505"/><sessioninfo id="BLD-c3db04e7" start="1648956528112" dump="1648956528574"/><sessioninfo id="BLD-f8571c4" start="1648956540998" dump="1648956541410"/><sessioninfo id="BLD-10b6ade1" start="1648956567780" dump="1648956568213"/><sessioninfo id="BLD-4ccfb9a8" start="1648956642718" dump="1648956643176"/><sessioninfo id="BLD-8c065754" start="1648956695813" dump="1648956696226"/><sessioninfo id="BLD-7cfb960a" start="1648961850330" dump="1648961850773"/><sessioninfo id="BLD-2fdffa1" start="1648961875543" dump="1648961875966"/><sessioninfo id="BLD-398a79d3" start="1648961991054" dump="1648961991495"/><sessioninfo id="BLD-c27dc3a9" start="1648962138880" dump="1648962139316"/><sessioninfo id="BLD-af09d8ea" start="1648962191812" dump="1648962192234"/><sessioninfo id="BLD-f61ab345" start="1648962254293" dump="1648962254731"/><sessioninfo id="BLD-a9bac67c" start="1648962287289" dump="1648962287734"/><sessioninfo id="BLD-23360019" start="1648962390704" dump="1648962391136"/><sessioninfo id="BLD-d9e031dd" start="1648962402854" dump="1648962403268"/><sessioninfo id="BLD-ef1306ee" start="1648962434218" dump="1648962434622"/><sessioninfo id="BLD-171a6466" start="1648962506309" dump="1648962506749"/><sessioninfo id="BLD-be84aa5a" start="1648962527650" dump="1648962528074"/><sessioninfo id="BLD-1ee05672" start="1648962537368" dump="1648962537812"/><sessioninfo id="BLD-fea78b93" start="1648962576110" dump="1648962576558"/><sessioninfo id="BLD-ef7c6dc5" start="1648963657265" dump="1648963657709"/><sessioninfo id="BLD-d6e9bc74" start="1648963667978" dump="1648963668429"/><sessioninfo id="BLD-457992e7" start="1648963773606" dump="1648963774023"/><sessioninfo id="BLD-78664744" start="1648965653844" dump="1648965654270"/><sessioninfo id="BLD-2dff1848" start="1648966082750" dump="1648966083179"/><sessioninfo id="BLD-8dfb71b1" start="1648966397629" dump="1648966398071"/><sessioninfo id="BLD-60bf1d62" start="1648966851060" dump="1648966851534"/><sessioninfo id="BLD-a477f3ba" start="1648966907464" dump="1648966907908"/><sessioninfo id="BLD-819b2dc6" start="1649106903655" dump="1649106904247"/><sessioninfo id="BLD-250b8df1" start="1649107636002" dump="1649107636512"/><sessioninfo id="BLD-ff7faf4d" start="1649107656362" dump="1649107656832"/><sessioninfo id="BLD-b5fabd2a" start="1649107771355" dump="1649107771824"/><sessioninfo id="BLD-79421589" start="1649107789151" dump="1649107789626"/><sessioninfo id="BLD-26843419" start="1649107843676" dump="1649107844172"/><sessioninfo id="BLD-5a012a75" start="1649107928303" dump="1649107928857"/><sessioninfo id="BLD-10cd3c15" start="1649107952499" dump="1649107952971"/><sessioninfo id="BLD-2f404ef6" start="1649108301551" dump="1649108302019"/><sessioninfo id="BLD-903c5b8a" start="1649109108353" dump="1649109108821"/><sessioninfo id="BLD-7f350ebf" start="1649109230798" dump="1649109231281"/><sessioninfo id="BLD-65e018ff" start="1649109320153" dump="1649109320620"/><sessioninfo id="BLD-c473a221" start="1649110090017" dump="1649110090514"/><sessioninfo id="BLD-70720eaf" start="1649111564119" dump="1649111564577"/><sessioninfo id="BLD-2badcee2" start="1649111582900" dump="1649111583403"/><sessioninfo id="BLD-4cb9bc3e" start="1649111627664" dump="1649111628136"/><sessioninfo id="BLD-4c267931" start="1649111642100" dump="1649111642559"/><sessioninfo id="BLD-bd0445f1" start="1649278228246" dump="1649278228768"/><sessioninfo id="BLD-76a3638f" start="1649278758681" dump="1649278759155"/><sessioninfo id="BLD-a2f739a2" start="1649278783093" dump="1649278783510"/><sessioninfo id="BLD-aa102059" start="1649278791342" dump="1649278791747"/><sessioninfo id="BLD-65f48916" start="1649279113602" dump="1649279114046"/><sessioninfo id="BLD-24a31060" start="1649279150810" dump="1649279151242"/><sessioninfo id="BLD-a5f9a43d" start="1649279310654" dump="1649279311082"/><sessioninfo id="BLD-5a23a10e" start="1649279522580" dump="1649279523002"/><sessioninfo id="BLD-852c935b" start="1649279850163" dump="1649279850571"/><sessioninfo id="BLD-b80a0c75" start="1649280979035" dump="1649280979546"/><sessioninfo id="BLD-5625753f" start="1649281037121" dump="1649281037573"/><sessioninfo id="BLD-f4212231" start="1649281051128" dump="1649281051565"/><sessioninfo id="BLD-76329e78" start="1649281073520" dump="1649281073966"/><sessioninfo id="BLD-4b16cd56" start="1649544126374" dump="1649544126820"/><sessioninfo id="BLD-bcad43c" start="1649544176418" dump="1649544176878"/><sessioninfo id="BLD-f398fac5" start="1649544219473" dump="1649544219871"/><sessioninfo id="BLD-fd01622b" start="1649544235002" dump="1649544235392"/><sessioninfo id="BLD-e0814889" start="1649544238408" dump="1649544238805"/><sessioninfo id="BLD-e1e97b1b" start="1649544292150" dump="1649544292550"/><sessioninfo id="BLD-468d4334" start="1649544373658" dump="1649544374071"/><sessioninfo id="BLD-1bd52203" start="1649895260376" dump="1649895260877"/><sessioninfo id="BLD-5e54329" start="1649896401653" dump="1649896402130"/><sessioninfo id="BLD-f14a2567" start="1649896464867" dump="1649896465321"/><sessioninfo id="BLD-82c8c44e" start="1649898628551" dump="1649898628981"/><sessioninfo id="BLD-608ec8f3" start="1649898723635" dump="1649898724088"/><sessioninfo id="BLD-48751f5e" start="1649898825366" dump="1649898825826"/><sessioninfo id="BLD-4c9f168" start="1649898842137" dump="1649898842602"/><sessioninfo id="BLD-c177e08" start="1649898860813" dump="1649898861252"/><sessioninfo id="BLD-52ab754b" start="1649899051905" dump="1649899052354"/><sessioninfo id="BLD-9c4b18ff" start="1649902648716" dump="1649902649179"/><sessioninfo id="BLD-ced04837" start="1649902679858" dump="1649902680297"/><sessioninfo id="BLD-f9f761b1" start="1649902782857" dump="1649902783277"/><sessioninfo id="BLD-465c88be" start="1649902978141" dump="1649902978566"/><sessioninfo id="BLD-46534852" start="1649902993375" dump="1649902993783"/><sessioninfo id="BLD-9af2f17a" start="1649903007235" dump="1649903007673"/><sessioninfo id="BLD-fbc2fc8d" start="1649961801891" dump="1649961802317"/><sessioninfo id="BLD-eee646c0" start="1649961813621" dump="1649961814010"/><sessioninfo id="BLD-a1317dc2" start="1649961880031" dump="1649961880428"/><sessioninfo id="BLD-eeb93ac9" start="1649961911295" dump="1649961911716"/><sessioninfo id="BLD-300030df" start="1649961920091" dump="1649961920511"/><sessioninfo id="BLD-572dc7f5" start="1649961922697" dump="1649961923151"/><sessioninfo id="BLD-a62a600" start="1649961933852" dump="1649961934263"/><package name="linalg/concurrent"><class name="linalg/concurrent/ThreadTypes" sourcefilename="ThreadTypes.java"><method name="&lt;clinit&gt;" desc="()V" line="7"><counter type="INSTRUCTION" missed="27" covered="0"/><counter type="LINE" missed="2" covered="0"/><counter type="COMPLEXITY" missed="1" covered="0"/><counter type="METHOD" missed="1" covered="0"/></method><counter type="INSTRUCTION" missed="27" covered="0"/><counter type="LINE" missed="2" covered="0"/><counter type="COMPLEXITY" missed="1" covered="0"/><counter type="METHOD" missed="1" covered="0"/><counter type="CLASS" missed="1" covered="0"/></class><class name="linalg/concurrent/Concurrency" sourcefilename="Concurrency.java"><method name="&lt;init&gt;" desc="()V" line="8"><counter type="INSTRUCTION" missed="7" covered="0"/><counter type="LINE" missed="2" covered="0"/><counter type="COMPLEXITY" missed="1" covered="0"/><counter type="METHOD" missed="1" covered="0"/></method><method name="updateProcessors" desc="()V" line="24"><counter type="INSTRUCTION" missed="4" covered="0"/><counter type="LINE" missed="2" covered="0"/><counter type="COMPLEXITY" missed="1" covered="0"/><counter type="METHOD" missed="1" covered="0"/></method><method name="&lt;clinit&gt;" desc="()V" line="17"><counter type="INSTRUCTION" missed="4" covered="0"/><counter type="LINE" missed="1" covered="0"/><counter type="COMPLEXITY" missed="1" covered="0"/><counter type="METHOD" missed="1" covered="0"/></method><counter type="INSTRUCTION" missed="15" covered="0"/><counter type="LINE" missed="5" covered="0"/><counter type="COMPLEXITY" missed="3" covered="0"/><counter type="METHOD" missed="3" covered="0"/><counter type="CLASS" missed="1" covered="0"/></class><class name="linalg/concurrent/MatrixAdditionWorker" sourcefilename="MatrixAdditionWorker.java"><method name="&lt;init&gt;" desc="(Llinalg/concurrent/ConcurrentMatrixAddition;II)V" line="23"><counter type="INSTRUCTION" missed="20" covered="0"/><counter type="LINE" missed="7" covered="0"/><counter type="COMPLEXITY" missed="1" covered="0"/><counter type="METHOD" missed="1" covered="0"/></method><method name="&lt;init&gt;" desc="(Llinalg/concurrent/ConcurrentMatrixAddition;IIII)V" line="42"><counter type="INSTRUCTION" missed="18" covered="0"/><counter type="LINE" missed="7" covered="0"/><counter type="COMPLEXITY" missed="1" covered="0"/><counter type="METHOD" missed="1" covered="0"/></method><method name="run" desc="()V" line="55"><counter type="INSTRUCTION" missed="67" covered="0"/><counter type="BRANCH" missed="4" covered="0"/><counter type="LINE" missed="4" covered="0"/><counter type="COMPLEXITY" missed="3" covered="0"/><counter type="METHOD" missed="1" covered="0"/></method><counter type="INSTRUCTION" missed="105" covered="0"/><counter type="BRANCH" missed="4" covered="0"/><counter type="LINE" missed="18" covered="0"/><counter type="COMPLEXITY" missed="5" covered="0"/><counter type="METHOD" missed="3" covered="0"/><counter type="CLASS" missed="1" covered="0"/></class><class name="linalg/concurrent/ConcurrentMatrixAddition" sourcefilename="ConcurrentMatrixAddition.java"><method name="&lt;init&gt;" desc="(Llinalg/Matrix;Llinalg/Matrix;)V" line="30"><counter type="INSTRUCTION" missed="37" covered="0"/><counter type="BRANCH" missed="2" covered="0"/><counter type="LINE" missed="9" covered="0"/><counter type="COMPLEXITY" missed="2" covered="0"/><counter type="METHOD" missed="1" covered="0"/></method><method name="add" desc="()Llinalg/Matrix;" line="51"><counter type="INSTRUCTION" missed="35" covered="0"/><counter type="BRANCH" missed="2" covered="0"/><counter type="LINE" missed="10" covered="0"/><counter type="COMPLEXITY" missed="2" covered="0"/><counter type="METHOD" missed="1" covered="0"/></method><method name="allocateThreadsByRows" desc="()V" line="74"><counter type="INSTRUCTION" missed="56" covered="0"/><counter type="BRANCH" missed="4" covered="0"/><counter type="LINE" missed="11" covered="0"/><counter type="COMPLEXITY" missed="3" covered="0"/><counter type="METHOD" missed="1" covered="0"/></method><method name="&lt;clinit&gt;" desc="()V" line="15"><counter type="INSTRUCTION" missed="3" covered="0"/><counter type="LINE" missed="1" covered="0"/><counter type="COMPLEXITY" missed="1" covered="0"/><counter type="METHOD" missed="1" covered="0"/></method><counter type="INSTRUCTION" missed="131" covered="0"/><counter type="BRANCH" missed="8" covered="0"/><counter type="LINE" missed="31" covered="0"/><counter type="COMPLEXITY" missed="8" covered="0"/><counter type="METHOD" missed="4" covered="0"/><counter type="CLASS" missed="1" covered="0"/></class><class name="linalg/concurrent/MatrixMultiplicationWorker" sourcefilename="MatrixMultiplicationWorker.java"><method name="&lt;init&gt;" desc="(Llinalg/concurrent/ConcurrentMatrixMultiplication;II)V" line="9"><counter type="INSTRUCTION" missed="15" covered="0"/><counter type="LINE" missed="6" covered="0"/><counter type="COMPLEXITY" missed="1" covered="0"/><counter type="METHOD" missed="1" covered="0"/></method><method name="run" desc="()V" line="30"><counter type="INSTRUCTION" missed="160" covered="0"/><counter type="BRANCH" missed="14" covered="0"/><counter type="LINE" missed="10" covered="0"/><counter type="COMPLEXITY" missed="8" covered="0"/><counter type="METHOD" missed="1" covered="0"/></method><counter type="INSTRUCTION" missed="175" covered="0"/><counter type="BRANCH" missed="14" covered="0"/><counter type="LINE" missed="16" covered="0"/><counter type="COMPLEXITY" missed="9" covered="0"/><counter type="METHOD" missed="2" covered="0"/><counter type="CLASS" missed="1" covered="0"/></class><class name="linalg/concurrent/ConcurrentMatrixMultiplication" sourcefilename="ConcurrentMatrixMultiplication.java"><method name="&lt;init&gt;" desc="(Llinalg/Matrix;Llinalg/Matrix;)V" line="30"><counter type="INSTRUCTION" missed="44" covered="0"/><counter type="BRANCH" missed="2" covered="0"/><counter type="LINE" missed="10" covered="0"/><counter type="COMPLEXITY" missed="2" covered="0"/><counter type="METHOD" missed="1" covered="0"/></method><method name="mult" desc="()Llinalg/Matrix;" line="52"><counter type="INSTRUCTION" missed="35" covered="0"/><counter type="BRANCH" missed="2" covered="0"/><counter type="LINE" missed="10" covered="0"/><counter type="COMPLEXITY" missed="2" covered="0"/><counter type="METHOD" missed="1" covered="0"/></method><method name="allocateThreadsByRows" desc="()V" line="70"><counter type="INSTRUCTION" missed="56" covered="0"/><counter type="BRANCH" missed="4" covered="0"/><counter type="LINE" missed="11" covered="0"/><counter type="COMPLEXITY" missed="3" covered="0"/><counter type="METHOD" missed="1" covered="0"/></method><method name="&lt;clinit&gt;" desc="()V" line="14"><counter type="INSTRUCTION" missed="3" covered="0"/><counter type="LINE" missed="1" covered="0"/><counter type="COMPLEXITY" missed="1" covered="0"/><counter type="METHOD" missed="1" covered="0"/></method><counter type="INSTRUCTION" missed="138" covered="0"/><counter type="BRANCH" missed="8" covered="0"/><counter type="LINE" missed="32" covered="0"/><counter type="COMPLEXITY" missed="8" covered="0"/><counter type="METHOD" missed="4" covered="0"/><counter type="CLASS" missed="1" covered="0"/></class><sourcefile name="ConcurrentMatrixMultiplication.java"><line nr="14" mi="3" ci="0" mb="0" cb="0"/><line nr="30" mi="2" ci="0" mb="0" cb="0"/><line nr="31" mi="3" ci="0" mb="0" cb="0"/><line nr="32" mi="3" ci="0" mb="0" cb="0"/><line nr="33" mi="9" ci="0" mb="0" cb="0"/><line nr="34" mi="5" ci="0" mb="0" cb="0"/><line nr="37" mi="5" ci="0" mb="2" cb="0"/><line nr="38" mi="6" ci="0" mb="0" cb="0"/><line nr="40" mi="3" ci="0" mb="0" cb="0"/><line nr="43" mi="7" ci="0" mb="0" cb="0"/><line nr="44" mi="1" ci="0" mb="0" cb="0"/><line nr="52" mi="2" ci="0" mb="0" cb="0"/><line nr="54" mi="11" ci="0" mb="2" cb="0"/><line nr="56" mi="2" ci="0" mb="0" cb="0"/><line nr="57" mi="1" ci="0" mb="0" cb="0"/><line nr="58" mi="2" ci="0" mb="0" cb="0"/><line nr="59" mi="1" ci="0" mb="0" cb="0"/><line nr="60" mi="1" ci="0" mb="0" cb="0"/><line nr="62" mi="3" ci="0" mb="0" cb="0"/><line nr="63" mi="6" ci="0" mb="0" cb="0"/><line nr="65" mi="6" ci="0" mb="0" cb="0"/><line nr="70" mi="8" ci="0" mb="0" cb="0"/><line nr="71" mi="2" ci="0" mb="0" cb="0"/><line nr="72" mi="3" ci="0" mb="0" cb="0"/><line nr="74" mi="8" ci="0" mb="2" cb="0"/><line nr="75" mi="10" ci="0" mb="0" cb="0"/><line nr="76" mi="6" ci="0" mb="0" cb="0"/><line nr="77" mi="2" ci="0" mb="0" cb="0"/><line nr="79" mi="6" ci="0" mb="2" cb="0"/><line nr="80" mi="5" ci="0" mb="0" cb="0"/><line nr="82" mi="5" ci="0" mb="0" cb="0"/><line nr="85" mi="1" ci="0" mb="0" cb="0"/><counter type="INSTRUCTION" missed="138" covered="0"/><counter type="BRANCH" missed="8" covered="0"/><counter type="LINE" missed="32" covered="0"/><counter type="COMPLEXITY" missed="8" covered="0"/><counter type="METHOD" missed="4" covered="0"/><counter type="CLASS" missed="1" covered="0"/></sourcefile><sourcefile name="MatrixMultiplicationWorker.java"><line nr="9" mi="3" ci="0" mb="0" cb="0"/><line nr="21" mi="2" ci="0" mb="0" cb="0"/><line nr="22" mi="3" ci="0" mb="0" cb="0"/><line nr="23" mi="3" ci="0" mb="0" cb="0"/><line nr="24" mi="3" ci="0" mb="0" cb="0"/><line nr="25" mi="1" ci="0" mb="0" cb="0"/><line nr="30" mi="5" ci="0" mb="0" cb="0"/><line nr="31" mi="5" ci="0" mb="0" cb="0"/><line nr="34" mi="7" ci="0" mb="2" cb="0"/><line nr="35" mi="7" ci="0" mb="2" cb="0"/><line nr="38" mi="9" ci="0" mb="2" cb="0"/><line nr="39" mi="12" ci="0" mb="4" cb="0"/><line nr="40" mi="12" ci="0" mb="4" cb="0"/><line nr="41" mi="51" ci="0" mb="0" cb="0"/><line nr="43" mi="51" ci="0" mb="0" cb="0"/><line nr="50" mi="1" ci="0" mb="0" cb="0"/><counter type="INSTRUCTION" missed="175" covered="0"/><counter type="BRANCH" missed="14" covered="0"/><counter type="LINE" missed="16" covered="0"/><counter type="COMPLEXITY" missed="9" covered="0"/><counter type="METHOD" missed="2" covered="0"/><counter type="CLASS" missed="1" covered="0"/></sourcefile><sourcefile name="ThreadTypes.java"><line nr="7" mi="3" ci="0" mb="0" cb="0"/><line nr="8" mi="24" ci="0" mb="0" cb="0"/><counter type="INSTRUCTION" missed="27" covered="0"/><counter type="LINE" missed="2" covered="0"/><counter type="COMPLEXITY" missed="1" covered="0"/><counter type="METHOD" missed="1" covered="0"/><counter type="CLASS" missed="1" covered="0"/></sourcefile><sourcefile name="Concurrency.java"><line nr="8" mi="2" ci="0" mb="0" cb="0"/><line nr="9" mi="5" ci="0" mb="0" cb="0"/><line nr="17" mi="4" ci="0" mb="0" cb="0"/><line nr="24" mi="3" ci="0" mb="0" cb="0"/><line nr="25" mi="1" ci="0" mb="0" cb="0"/><counter type="INSTRUCTION" missed="15" covered="0"/><counter type="LINE" missed="5" covered="0"/><counter type="COMPLEXITY" missed="3" covered="0"/><counter type="METHOD" missed="3" covered="0"/><counter type="CLASS" missed="1" covered="0"/></sourcefile><sourcefile name="ConcurrentMatrixAddition.java"><line nr="15" mi="3" ci="0" mb="0" cb="0"/><line nr="30" mi="2" ci="0" mb="0" cb="0"/><line nr="31" mi="3" ci="0" mb="0" cb="0"/><line nr="32" mi="3" ci="0" mb="0" cb="0"/><line nr="33" mi="7" ci="0" mb="0" cb="0"/><line nr="36" mi="5" ci="0" mb="2" cb="0"/><line nr="37" mi="6" ci="0" mb="0" cb="0"/><line nr="39" mi="3" ci="0" mb="0" cb="0"/><line nr="42" mi="7" ci="0" mb="0" cb="0"/><line nr="43" mi="1" ci="0" mb="0" cb="0"/><line nr="51" mi="2" ci="0" mb="0" cb="0"/><line nr="53" mi="11" ci="0" mb="2" cb="0"/><line nr="55" mi="2" ci="0" mb="0" cb="0"/><line nr="56" mi="1" ci="0" mb="0" cb="0"/><line nr="57" mi="2" ci="0" mb="0" cb="0"/><line nr="58" mi="1" ci="0" mb="0" cb="0"/><line nr="59" mi="1" ci="0" mb="0" cb="0"/><line nr="61" mi="3" ci="0" mb="0" cb="0"/><line nr="62" mi="6" ci="0" mb="0" cb="0"/><line nr="64" mi="6" ci="0" mb="0" cb="0"/><line nr="74" mi="8" ci="0" mb="0" cb="0"/><line nr="75" mi="2" ci="0" mb="0" cb="0"/><line nr="76" mi="3" ci="0" mb="0" cb="0"/><line nr="78" mi="8" ci="0" mb="2" cb="0"/><line nr="79" mi="10" ci="0" mb="0" cb="0"/><line nr="80" mi="6" ci="0" mb="0" cb="0"/><line nr="81" mi="2" ci="0" mb="0" cb="0"/><line nr="83" mi="6" ci="0" mb="2" cb="0"/><line nr="84" mi="5" ci="0" mb="0" cb="0"/><line nr="86" mi="5" ci="0" mb="0" cb="0"/><line nr="89" mi="1" ci="0" mb="0" cb="0"/><counter type="INSTRUCTION" missed="131" covered="0"/><counter type="BRANCH" missed="8" covered="0"/><counter type="LINE" missed="31" covered="0"/><counter type="COMPLEXITY" missed="8" covered="0"/><counter type="METHOD" missed="4" covered="0"/><counter type="CLASS" missed="1" covered="0"/></sourcefile><sourcefile name="MatrixAdditionWorker.java"><line nr="23" mi="2" ci="0" mb="0" cb="0"/><line nr="24" mi="3" ci="0" mb="0" cb="0"/><line nr="25" mi="3" ci="0" mb="0" cb="0"/><line nr="26" mi="3" ci="0" mb="0" cb="0"/><line nr="27" mi="3" ci="0" mb="0" cb="0"/><line nr="28" mi="5" ci="0" mb="0" cb="0"/><line nr="29" mi="1" ci="0" mb="0" cb="0"/><line nr="42" mi="2" ci="0" mb="0" cb="0"/><line nr="43" mi="3" ci="0" mb="0" cb="0"/><line nr="44" mi="3" ci="0" mb="0" cb="0"/><line nr="45" mi="3" ci="0" mb="0" cb="0"/><line nr="46" mi="3" ci="0" mb="0" cb="0"/><line nr="47" mi="3" ci="0" mb="0" cb="0"/><line nr="48" mi="1" ci="0" mb="0" cb="0"/><line nr="55" mi="9" ci="0" mb="2" cb="0"/><line nr="56" mi="9" ci="0" mb="2" cb="0"/><line nr="57" mi="48" ci="0" mb="0" cb="0"/><line nr="61" mi="1" ci="0" mb="0" cb="0"/><counter type="INSTRUCTION" missed="105" covered="0"/><counter type="BRANCH" missed="4" covered="0"/><counter type="LINE" missed="18" covered="0"/><counter type="COMPLEXITY" missed="5" covered="0"/><counter type="METHOD" missed="3" covered="0"/><counter type="CLASS" missed="1" covered="0"/></sourcefile><counter type="INSTRUCTION" missed="591" covered="0"/><counter type="BRANCH" missed="34" covered="0"/><counter type="LINE" missed="104" covered="0"/><counter type="COMPLEXITY" missed="34" covered="0"/><counter type="METHOD" missed="17" covered="0"/><counter type="CLASS" missed="6" covered="0"/></package><package name="linalg/complex_number"><class name="linalg/complex_number/CNumber" sourcefilename="CNumber.java"><method name="&lt;init&gt;" desc="()V" line="67"><counter type="INSTRUCTION" missed="9" covered="0"/><counter type="LINE" missed="3" covered="0"/><counter type="COMPLEXITY" missed="1" covered="0"/><counter type="METHOD" missed="1" covered="0"/></method><method name="&lt;init&gt;" desc="(D)V" line="72"><counter type="INSTRUCTION" missed="0" covered="9"/><counter type="LINE" missed="0" covered="4"/><counter type="COMPLEXITY" missed="0" covered="1"/><counter type="METHOD" missed="0" covered="1"/></method><method name="&lt;init&gt;" desc="(DD)V" line="78"><counter type="INSTRUCTION" missed="9" covered="0"/><counter type="LINE" missed="4" covered="0"/><counter type="COMPLEXITY" missed="1" covered="0"/><counter type="METHOD" missed="1" covered="0"/></method><method name="&lt;init&gt;" desc="(Ljava/lang/String;)V" line="84"><counter type="INSTRUCTION" missed="0" covered="16"/><counter type="LINE" missed="0" covered="5"/><counter type="COMPLEXITY" missed="0" covered="1"/><counter type="METHOD" missed="0" covered="1"/></method><method name="&lt;init&gt;" desc="(Llinalg/complex_number/CNumber;)V" line="92"><counter type="INSTRUCTION" missed="0" covered="11"/><counter type="LINE" missed="0" covered="4"/><counter type="COMPLEXITY" missed="0" covered="1"/><counter type="METHOD" missed="0" covered="1"/></method><method name="randn" desc="(Z)Llinalg/complex_number/CNumber;" line="107"><counter type="INSTRUCTION" missed="19" covered="0"/><counter type="BRANCH" missed="2" covered="0"/><counter type="LINE" missed="5" covered="0"/><counter type="COMPLEXITY" missed="2" covered="0"/><counter type="METHOD" missed="1" covered="0"/></method><method name="randn" desc="()Llinalg/complex_number/CNumber;" line="126"><counter type="INSTRUCTION" missed="3" covered="0"/><counter type="LINE" missed="1" covered="0"/><counter type="COMPLEXITY" missed="1" covered="0"/><counter type="METHOD" missed="1" covered="0"/></method><method name="random" desc="()Llinalg/complex_number/CNumber;" line="135"><counter type="INSTRUCTION" missed="5" covered="0"/><counter type="LINE" missed="1" covered="0"/><counter type="COMPLEXITY" missed="1" covered="0"/><counter type="METHOD" missed="1" covered="0"/></method><method name="random" desc="(D)Llinalg/complex_number/CNumber;" line="148"><counter type="INSTRUCTION" missed="67" covered="0"/><counter type="BRANCH" missed="2" covered="0"/><counter type="LINE" missed="6" covered="0"/><counter type="COMPLEXITY" missed="2" covered="0"/><counter type="METHOD" missed="1" covered="0"/></method><method name="random" desc="(DD[Z)Llinalg/complex_number/CNumber;" line="182"><counter type="INSTRUCTION" missed="67" covered="0"/><counter type="BRANCH" missed="12" covered="0"/><counter type="LINE" missed="10" covered="0"/><counter type="COMPLEXITY" missed="7" covered="0"/><counter type="METHOD" missed="1" covered="0"/></method><method name="conjugate" desc="(Llinalg/complex_number/CNumber;)Llinalg/complex_number/CNumber;" line="213"><counter type="INSTRUCTION" missed="9" covered="0"/><counter type="LINE" missed="1" covered="0"/><counter type="COMPLEXITY" missed="1" covered="0"/><counter type="METHOD" missed="1" covered="0"/></method><method name="add" desc="(Llinalg/complex_number/CNumber;Llinalg/complex_number/CNumber;)Llinalg/complex_number/CNumber;" line="225"><counter type="INSTRUCTION" missed="14" covered="0"/><counter type="LINE" missed="1" covered="0"/><counter type="COMPLEXITY" missed="1" covered="0"/><counter type="METHOD" missed="1" covered="0"/></method><method name="add" desc="(Llinalg/complex_number/CNumber;Llinalg/complex_number/CNumber;[Llinalg/complex_number/CNumber;)Llinalg/complex_number/CNumber;" line="239"><counter type="INSTRUCTION" missed="40" covered="0"/><counter type="BRANCH" missed="2" covered="0"/><counter type="LINE" missed="6" covered="0"/><counter type="COMPLEXITY" missed="2" covered="0"/><counter type="METHOD" missed="1" covered="0"/></method><method name="subtract" desc="(Llinalg/complex_number/CNumber;Llinalg/complex_number/CNumber;)Llinalg/complex_number/CNumber;" line="259"><counter type="INSTRUCTION" missed="14" covered="0"/><counter type="LINE" missed="1" covered="0"/><counter type="COMPLEXITY" missed="1" covered="0"/><counter type="METHOD" missed="1" covered="0"/></method><method name="multiply" desc="(Llinalg/complex_number/CNumber;Llinalg/complex_number/CNumber;)Llinalg/complex_number/CNumber;" line="271"><counter type="INSTRUCTION" missed="26" covered="0"/><counter type="LINE" missed="1" covered="0"/><counter type="COMPLEXITY" missed="1" covered="0"/><counter type="METHOD" missed="1" covered="0"/></method><method name="divide" desc="(Llinalg/complex_number/CNumber;Llinalg/complex_number/CNumber;)Llinalg/complex_number/CNumber;" line="283"><counter type="INSTRUCTION" missed="74" covered="0"/><counter type="BRANCH" missed="6" covered="0"/><counter type="LINE" missed="7" covered="0"/><counter type="COMPLEXITY" missed="4" covered="0"/><counter type="METHOD" missed="1" covered="0"/></method><method name="abs" desc="(Llinalg/complex_number/CNumber;)Llinalg/complex_number/CNumber;" line="310"><counter type="INSTRUCTION" missed="6" covered="0"/><counter type="LINE" missed="1" covered="0"/><counter type="COMPLEXITY" missed="1" covered="0"/><counter type="METHOD" missed="1" covered="0"/></method><method name="inv" desc="(Llinalg/complex_number/CNumber;)Llinalg/complex_number/CNumber;" line="324"><counter type="INSTRUCTION" missed="4" covered="0"/><counter type="LINE" missed="1" covered="0"/><counter type="COMPLEXITY" missed="1" covered="0"/><counter type="METHOD" missed="1" covered="0"/></method><method name="addInv" desc="(Llinalg/complex_number/CNumber;)Llinalg/complex_number/CNumber;" line="338"><counter type="INSTRUCTION" missed="4" covered="0"/><counter type="LINE" missed="1" covered="0"/><counter type="COMPLEXITY" missed="1" covered="0"/><counter type="METHOD" missed="1" covered="0"/></method><method name="pow" desc="(Llinalg/complex_number/CNumber;I)Llinalg/complex_number/CNumber;" line="356"><counter type="INSTRUCTION" missed="40" covered="0"/><counter type="BRANCH" missed="8" covered="0"/><counter type="LINE" missed="11" covered="0"/><counter type="COMPLEXITY" missed="5" covered="0"/><counter type="METHOD" missed="1" covered="0"/></method><method name="pow" desc="(Llinalg/complex_number/CNumber;Llinalg/complex_number/CNumber;)Llinalg/complex_number/CNumber;" line="388"><counter type="INSTRUCTION" missed="28" covered="0"/><counter type="BRANCH" missed="4" covered="0"/><counter type="LINE" missed="7" covered="0"/><counter type="COMPLEXITY" missed="3" covered="0"/><counter type="METHOD" missed="1" covered="0"/></method><method name="exp" desc="(D)Llinalg/complex_number/CNumber;" line="409"><counter type="INSTRUCTION" missed="2" covered="0"/><counter type="LINE" missed="1" covered="0"/><counter type="COMPLEXITY" missed="1" covered="0"/><counter type="METHOD" missed="1" covered="0"/></method><method name="exp" desc="(Llinalg/complex_number/CNumber;)Llinalg/complex_number/CNumber;" line="420"><counter type="INSTRUCTION" missed="2" covered="0"/><counter type="LINE" missed="1" covered="0"/><counter type="COMPLEXITY" missed="1" covered="0"/><counter type="METHOD" missed="1" covered="0"/></method><method name="sqrt" desc="(Llinalg/complex_number/CNumber;)Llinalg/complex_number/CNumber;" line="436"><counter type="INSTRUCTION" missed="62" covered="0"/><counter type="BRANCH" missed="8" covered="0"/><counter type="LINE" missed="13" covered="0"/><counter type="COMPLEXITY" missed="5" covered="0"/><counter type="METHOD" missed="1" covered="0"/></method><method name="allSqrt" desc="(Llinalg/complex_number/CNumber;)[Llinalg/complex_number/CNumber;" line="469"><counter type="INSTRUCTION" missed="18" covered="0"/><counter type="LINE" missed="4" covered="0"/><counter type="COMPLEXITY" missed="1" covered="0"/><counter type="METHOD" missed="1" covered="0"/></method><method name="sign" desc="(Llinalg/complex_number/CNumber;)Llinalg/complex_number/CNumber;" line="483"><counter type="INSTRUCTION" missed="14" covered="0"/><counter type="BRANCH" missed="2" covered="0"/><counter type="LINE" missed="3" covered="0"/><counter type="COMPLEXITY" missed="2" covered="0"/><counter type="METHOD" missed="1" covered="0"/></method><method name="equals" desc="(Ljava/lang/Object;)Z" line="498"><counter type="INSTRUCTION" missed="0" covered="24"/><counter type="BRANCH" missed="3" covered="3"/><counter type="LINE" missed="0" covered="6"/><counter type="COMPLEXITY" missed="3" covered="1"/><counter type="METHOD" missed="0" covered="1"/></method><method name="equals" desc="(D)Z" line="521"><counter type="INSTRUCTION" missed="16" covered="0"/><counter type="BRANCH" missed="4" covered="0"/><counter type="LINE" missed="4" covered="0"/><counter type="COMPLEXITY" missed="3" covered="0"/><counter type="METHOD" missed="1" covered="0"/></method><method name="round" desc="(Llinalg/complex_number/CNumber;I)Llinalg/complex_number/CNumber;" line="542"><counter type="INSTRUCTION" missed="30" covered="0"/><counter type="BRANCH" missed="2" covered="0"/><counter type="LINE" missed="5" covered="0"/><counter type="COMPLEXITY" missed="2" covered="0"/><counter type="METHOD" missed="1" covered="0"/></method><method name="nearZero" desc="(D)Z" line="564"><counter type="INSTRUCTION" missed="9" covered="0"/><counter type="BRANCH" missed="2" covered="0"/><counter type="LINE" missed="1" covered="0"/><counter type="COMPLEXITY" missed="2" covered="0"/><counter type="METHOD" missed="1" covered="0"/></method><method name="compareTo" desc="(Llinalg/complex_number/CNumber;)I" line="578"><counter type="INSTRUCTION" missed="18" covered="0"/><counter type="BRANCH" missed="4" covered="0"/><counter type="LINE" missed="3" covered="0"/><counter type="COMPLEXITY" missed="3" covered="0"/><counter type="METHOD" missed="1" covered="0"/></method><method name="compareToReal" desc="(Llinalg/complex_number/CNumber;)I" line="594"><counter type="INSTRUCTION" missed="18" covered="0"/><counter type="BRANCH" missed="4" covered="0"/><counter type="LINE" missed="3" covered="0"/><counter type="COMPLEXITY" missed="3" covered="0"/><counter type="METHOD" missed="1" covered="0"/></method><method name="compareToReal" desc="(D)I" line="610"><counter type="INSTRUCTION" missed="7" covered="0"/><counter type="LINE" missed="1" covered="0"/><counter type="COMPLEXITY" missed="1" covered="0"/><counter type="METHOD" missed="1" covered="0"/></method><method name="mag" desc="()D" line="623"><counter type="INSTRUCTION" missed="13" covered="0"/><counter type="LINE" missed="1" covered="0"/><counter type="COMPLEXITY" missed="1" covered="0"/><counter type="METHOD" missed="1" covered="0"/></method><method name="max" desc="([Llinalg/complex_number/CNumber;)Llinalg/complex_number/CNumber;" line="638"><counter type="INSTRUCTION" missed="28" covered="0"/><counter type="BRANCH" missed="4" covered="0"/><counter type="LINE" missed="5" covered="0"/><counter type="COMPLEXITY" missed="3" covered="0"/><counter type="METHOD" missed="1" covered="0"/></method><method name="min" desc="([Llinalg/complex_number/CNumber;)Llinalg/complex_number/CNumber;" line="661"><counter type="INSTRUCTION" missed="28" covered="0"/><counter type="BRANCH" missed="4" covered="0"/><counter type="LINE" missed="5" covered="0"/><counter type="COMPLEXITY" missed="3" covered="0"/><counter type="METHOD" missed="1" covered="0"/></method><method name="getReal" desc="()D" line="677"><counter type="INSTRUCTION" missed="3" covered="0"/><counter type="LINE" missed="1" covered="0"/><counter type="COMPLEXITY" missed="1" covered="0"/><counter type="METHOD" missed="1" covered="0"/></method><method name="getImaginary" desc="()D" line="685"><counter type="INSTRUCTION" missed="3" covered="0"/><counter type="LINE" missed="1" covered="0"/><counter type="COMPLEXITY" missed="1" covered="0"/><counter type="METHOD" missed="1" covered="0"/></method><method name="isReal" desc="()Z" line="695"><counter type="INSTRUCTION" missed="9" covered="0"/><counter type="BRANCH" missed="2" covered="0"/><counter type="LINE" missed="1" covered="0"/><counter type="COMPLEXITY" missed="2" covered="0"/><counter type="METHOD" missed="1" covered="0"/></method><method name="isComplex" desc="()Z" line="705"><counter type="INSTRUCTION" missed="9" covered="0"/><counter type="BRANCH" missed="2" covered="0"/><counter type="LINE" missed="1" covered="0"/><counter type="COMPLEXITY" missed="2" covered="0"/><counter type="METHOD" missed="1" covered="0"/></method><method name="isImaginary" desc="()Z" line="715"><counter type="INSTRUCTION" missed="14" covered="0"/><counter type="BRANCH" missed="4" covered="0"/><counter type="LINE" missed="1" covered="0"/><counter type="COMPLEXITY" missed="3" covered="0"/><counter type="METHOD" missed="1" covered="0"/></method><method name="isInt" desc="()Z" line="725"><counter type="INSTRUCTION" missed="21" covered="0"/><counter type="BRANCH" missed="4" covered="0"/><counter type="LINE" missed="6" covered="0"/><counter type="COMPLEXITY" missed="3" covered="0"/><counter type="METHOD" missed="1" covered="0"/></method><method name="doubleValue" desc="()D" line="742"><counter type="INSTRUCTION" missed="3" covered="0"/><counter type="LINE" missed="1" covered="0"/><counter type="COMPLEXITY" missed="1" covered="0"/><counter type="METHOD" missed="1" covered="0"/></method><method name="floatValue" desc="()F" line="752"><counter type="INSTRUCTION" missed="4" covered="0"/><counter type="LINE" missed="1" covered="0"/><counter type="COMPLEXITY" missed="1" covered="0"/><counter type="METHOD" missed="1" covered="0"/></method><method name="intValue" desc="()I" line="762"><counter type="INSTRUCTION" missed="4" covered="0"/><counter type="LINE" missed="1" covered="0"/><counter type="COMPLEXITY" missed="1" covered="0"/><counter type="METHOD" missed="1" covered="0"/></method><method name="longValue" desc="()J" line="772"><counter type="INSTRUCTION" missed="4" covered="0"/><counter type="LINE" missed="1" covered="0"/><counter type="COMPLEXITY" missed="1" covered="0"/><counter type="METHOD" missed="1" covered="0"/></method><method name="doubleImaginaryValue" desc="()D" line="780"><counter type="INSTRUCTION" missed="3" covered="0"/><counter type="LINE" missed="1" covered="0"/><counter type="COMPLEXITY" missed="1" covered="0"/><counter type="METHOD" missed="1" covered="0"/></method><method name="floatImaginaryValue" desc="()F" line="790"><counter type="INSTRUCTION" missed="4" covered="0"/><counter type="LINE" missed="1" covered="0"/><counter type="COMPLEXITY" missed="1" covered="0"/><counter type="METHOD" missed="1" covered="0"/></method><method name="intImaginaryValue" desc="()I" line="799"><counter type="INSTRUCTION" missed="4" covered="0"/><counter type="LINE" missed="1" covered="0"/><counter type="COMPLEXITY" missed="1" covered="0"/><counter type="METHOD" missed="1" covered="0"/></method><method name="longImaginaryValue" desc="()J" line="809"><counter type="INSTRUCTION" missed="4" covered="0"/><counter type="LINE" missed="1" covered="0"/><counter type="COMPLEXITY" missed="1" covered="0"/><counter type="METHOD" missed="1" covered="0"/></method><method name="length" desc="(Llinalg/complex_number/CNumber;)I" line="818"><counter type="INSTRUCTION" missed="4" covered="0"/><counter type="LINE" missed="1" covered="0"/><counter type="COMPLEXITY" missed="1" covered="0"/><counter type="METHOD" missed="1" covered="0"/></method><method name="toString" desc="()Ljava/lang/String;" line="823"><counter type="INSTRUCTION" missed="97" covered="0"/><counter type="BRANCH" missed="22" covered="0"/><counter type="LINE" missed="22" covered="0"/><counter type="COMPLEXITY" missed="12" covered="0"/><counter type="METHOD" missed="1" covered="0"/></method><method name="&lt;clinit&gt;" desc="()V" line="18"><counter type="INSTRUCTION" missed="0" covered="46"/><counter type="LINE" missed="0" covered="9"/><counter type="COMPLEXITY" missed="0" covered="1"/><counter type="METHOD" missed="0" covered="1"/></method><counter type="INSTRUCTION" missed="893" covered="106"/><counter type="BRANCH" missed="107" covered="3"/><counter type="LINE" missed="160" covered="28"/><counter type="COMPLEXITY" missed="103" covered="5"/><counter type="METHOD" missed="48" covered="5"/><counter type="CLASS" missed="0" covered="1"/></class><sourcefile name="CNumber.java"><line nr="18" mi="0" ci="4" mb="0" cb="0"/><line nr="28" mi="0" ci="5" mb="0" cb="0"/><line nr="33" mi="0" ci="5" mb="0" cb="0"/><line nr="38" mi="0" ci="5" mb="0" cb="0"/><line nr="43" mi="0" ci="5" mb="0" cb="0"/><line nr="48" mi="0" ci="5" mb="0" cb="0"/><line nr="53" mi="0" ci="6" mb="0" cb="0"/><line nr="58" mi="0" ci="5" mb="0" cb="0"/><line nr="63" mi="0" ci="6" mb="0" cb="0"/><line nr="67" mi="2" ci="0" mb="0" cb="0"/><line nr="68" mi="6" ci="0" mb="0" cb="0"/><line nr="69" mi="1" ci="0" mb="0" cb="0"/><line nr="72" mi="0" ci="2" mb="0" cb="0"/><line nr="73" mi="0" ci="3" mb="0" cb="0"/><line nr="74" mi="0" ci="3" mb="0" cb="0"/><line nr="75" mi="0" ci="1" mb="0" cb="0"/><line nr="78" mi="2" ci="0" mb="0" cb="0"/><line nr="79" mi="3" ci="0" mb="0" cb="0"/><line nr="80" mi="3" ci="0" mb="0" cb="0"/><line nr="81" mi="1" ci="0" mb="0" cb="0"/><line nr="84" mi="0" ci="2" mb="0" cb="0"/><line nr="85" mi="0" ci="3" mb="0" cb="0"/><line nr="87" mi="0" ci="5" mb="0" cb="0"/><line nr="88" mi="0" ci="5" mb="0" cb="0"/><line nr="89" mi="0" ci="1" mb="0" cb="0"/><line nr="92" mi="0" ci="2" mb="0" cb="0"/><line nr="93" mi="0" ci="4" mb="0" cb="0"/><line nr="94" mi="0" ci="4" mb="0" cb="0"/><line nr="95" mi="0" ci="1" mb="0" cb="0"/><line nr="107" mi="3" ci="0" mb="0" cb="0"/><line nr="110" mi="2" ci="0" mb="2" cb="0"/><line nr="111" mi="3" ci="0" mb="0" cb="0"/><line nr="112" mi="6" ci="0" mb="0" cb="0"/><line nr="114" mi="5" ci="0" mb="0" cb="0"/><line nr="126" mi="3" ci="0" mb="0" cb="0"/><line nr="135" mi="5" ci="0" mb="0" cb="0"/><line nr="148" mi="4" ci="0" mb="2" cb="0"/><line nr="149" mi="5" ci="0" mb="0" cb="0"/><line nr="153" mi="4" ci="0" mb="0" cb="0"/><line nr="154" mi="9" ci="0" mb="0" cb="0"/><line nr="156" mi="39" ci="0" mb="0" cb="0"/><line nr="161" mi="6" ci="0" mb="0" cb="0"/><line nr="182" mi="4" ci="0" mb="2" cb="0"/><line nr="183" mi="7" ci="0" mb="0" cb="0"/><line nr="186" mi="4" ci="0" mb="2" cb="0"/><line nr="187" mi="7" ci="0" mb="0" cb="0"/><line nr="191" mi="8" ci="0" mb="4" cb="0"/><line nr="192" mi="8" ci="0" mb="4" cb="0"/><line nr="193" mi="7" ci="0" mb="0" cb="0"/><line nr="197" mi="8" ci="0" mb="0" cb="0"/><line nr="198" mi="3" ci="0" mb="0" cb="0"/><line nr="200" mi="11" ci="0" mb="0" cb="0"/><line nr="213" mi="9" ci="0" mb="0" cb="0"/><line nr="225" mi="14" ci="0" mb="0" cb="0"/><line nr="239" mi="6" ci="0" mb="0" cb="0"/><line nr="240" mi="6" ci="0" mb="0" cb="0"/><line nr="242" mi="8" ci="0" mb="2" cb="0"/><line nr="243" mi="7" ci="0" mb="0" cb="0"/><line nr="244" mi="7" ci="0" mb="0" cb="0"/><line nr="247" mi="6" ci="0" mb="0" cb="0"/><line nr="259" mi="14" ci="0" mb="0" cb="0"/><line nr="271" mi="26" ci="0" mb="0" cb="0"/><line nr="283" mi="2" ci="0" mb="0" cb="0"/><line nr="285" mi="8" ci="0" mb="4" cb="0"/><line nr="286" mi="3" ci="0" mb="0" cb="0"/><line nr="287" mi="4" ci="0" mb="2" cb="0"/><line nr="288" mi="5" ci="0" mb="0" cb="0"/><line nr="290" mi="50" ci="0" mb="0" cb="0"/><line nr="296" mi="2" ci="0" mb="0" cb="0"/><line nr="310" mi="6" ci="0" mb="0" cb="0"/><line nr="324" mi="4" ci="0" mb="0" cb="0"/><line nr="338" mi="4" ci="0" mb="0" cb="0"/><line nr="356" mi="2" ci="0" mb="2" cb="0"/><line nr="357" mi="3" ci="0" mb="0" cb="0"/><line nr="358" mi="2" ci="0" mb="2" cb="0"/><line nr="359" mi="2" ci="0" mb="0" cb="0"/><line nr="361" mi="8" ci="0" mb="2" cb="0"/><line nr="362" mi="4" ci="0" mb="0" cb="0"/><line nr="365" mi="2" ci="0" mb="0" cb="0"/><line nr="367" mi="7" ci="0" mb="2" cb="0"/><line nr="368" mi="4" ci="0" mb="0" cb="0"/><line nr="371" mi="4" ci="0" mb="0" cb="0"/><line nr="374" mi="2" ci="0" mb="0" cb="0"/><line nr="388" mi="2" ci="0" mb="0" cb="0"/><line nr="390" mi="3" ci="0" mb="2" cb="0"/><line nr="391" mi="6" ci="0" mb="0" cb="0"/><line nr="392" mi="3" ci="0" mb="2" cb="0"/><line nr="393" mi="6" ci="0" mb="0" cb="0"/><line nr="395" mi="6" ci="0" mb="0" cb="0"/><line nr="398" mi="2" ci="0" mb="0" cb="0"/><line nr="409" mi="2" ci="0" mb="0" cb="0"/><line nr="420" mi="2" ci="0" mb="0" cb="0"/><line nr="436" mi="3" ci="0" mb="2" cb="0"/><line nr="437" mi="4" ci="0" mb="2" cb="0"/><line nr="438" mi="8" ci="0" mb="0" cb="0"/><line nr="440" mi="11" ci="0" mb="0" cb="0"/><line nr="443" mi="6" ci="0" mb="0" cb="0"/><line nr="445" mi="3" ci="0" mb="0" cb="0"/><line nr="446" mi="3" ci="0" mb="0" cb="0"/><line nr="447" mi="1" ci="0" mb="0" cb="0"/><line nr="448" mi="5" ci="0" mb="0" cb="0"/><line nr="449" mi="3" ci="0" mb="0" cb="0"/><line nr="452" mi="7" ci="0" mb="4" cb="0"/><line nr="453" mi="6" ci="0" mb="0" cb="0"/><line nr="457" mi="2" ci="0" mb="0" cb="0"/><line nr="469" mi="3" ci="0" mb="0" cb="0"/><line nr="470" mi="5" ci="0" mb="0" cb="0"/><line nr="471" mi="8" ci="0" mb="0" cb="0"/><line nr="472" mi="2" ci="0" mb="0" cb="0"/><line nr="483" mi="4" ci="0" mb="2" cb="0"/><line nr="484" mi="2" ci="0" mb="0" cb="0"/><line nr="487" mi="8" ci="0" mb="0" cb="0"/><line nr="498" mi="0" ci="2" mb="0" cb="0"/><line nr="500" mi="0" ci="3" mb="1" cb="1"/><line nr="501" mi="0" ci="3" mb="0" cb="0"/><line nr="503" mi="0" ci="12" mb="2" cb="2"/><line nr="504" mi="0" ci="2" mb="0" cb="0"/><line nr="508" mi="0" ci="2" mb="0" cb="0"/><line nr="521" mi="2" ci="0" mb="0" cb="0"/><line nr="523" mi="10" ci="0" mb="4" cb="0"/><line nr="524" mi="2" ci="0" mb="0" cb="0"/><line nr="527" mi="2" ci="0" mb="0" cb="0"/><line nr="542" mi="2" ci="0" mb="2" cb="0"/><line nr="543" mi="6" ci="0" mb="0" cb="0"/><line nr="547" mi="8" ci="0" mb="0" cb="0"/><line nr="548" mi="8" ci="0" mb="0" cb="0"/><line nr="550" mi="6" ci="0" mb="0" cb="0"/><line nr="564" mi="9" ci="0" mb="2" cb="0"/><line nr="578" mi="8" ci="0" mb="2" cb="0"/><line nr="579" mi="8" ci="0" mb="2" cb="0"/><line nr="580" mi="2" ci="0" mb="0" cb="0"/><line nr="594" mi="8" ci="0" mb="2" cb="0"/><line nr="595" mi="8" ci="0" mb="2" cb="0"/><line nr="596" mi="2" ci="0" mb="0" cb="0"/><line nr="610" mi="7" ci="0" mb="0" cb="0"/><line nr="623" mi="13" ci="0" mb="0" cb="0"/><line nr="638" mi="2" ci="0" mb="0" cb="0"/><line nr="640" mi="16" ci="0" mb="2" cb="0"/><line nr="641" mi="6" ci="0" mb="2" cb="0"/><line nr="642" mi="2" ci="0" mb="0" cb="0"/><line nr="646" mi="2" ci="0" mb="0" cb="0"/><line nr="661" mi="2" ci="0" mb="0" cb="0"/><line nr="663" mi="16" ci="0" mb="2" cb="0"/><line nr="664" mi="6" ci="0" mb="2" cb="0"/><line nr="665" mi="2" ci="0" mb="0" cb="0"/><line nr="669" mi="2" ci="0" mb="0" cb="0"/><line nr="677" mi="3" ci="0" mb="0" cb="0"/><line nr="685" mi="3" ci="0" mb="0" cb="0"/><line nr="695" mi="9" ci="0" mb="2" cb="0"/><line nr="705" mi="9" ci="0" mb="2" cb="0"/><line nr="715" mi="14" ci="0" mb="4" cb="0"/><line nr="725" mi="2" ci="0" mb="0" cb="0"/><line nr="727" mi="3" ci="0" mb="2" cb="0"/><line nr="728" mi="3" ci="0" mb="0" cb="0"/><line nr="729" mi="9" ci="0" mb="2" cb="0"/><line nr="731" mi="2" ci="0" mb="0" cb="0"/><line nr="734" mi="2" ci="0" mb="0" cb="0"/><line nr="742" mi="3" ci="0" mb="0" cb="0"/><line nr="752" mi="4" ci="0" mb="0" cb="0"/><line nr="762" mi="4" ci="0" mb="0" cb="0"/><line nr="772" mi="4" ci="0" mb="0" cb="0"/><line nr="780" mi="3" ci="0" mb="0" cb="0"/><line nr="790" mi="4" ci="0" mb="0" cb="0"/><line nr="799" mi="4" ci="0" mb="0" cb="0"/><line nr="809" mi="4" ci="0" mb="0" cb="0"/><line nr="818" mi="4" ci="0" mb="0" cb="0"/><line nr="823" mi="2" ci="0" mb="0" cb="0"/><line nr="825" mi="6" ci="0" mb="0" cb="0"/><line nr="827" mi="4" ci="0" mb="2" cb="0"/><line nr="828" mi="6" ci="0" mb="2" cb="0"/><line nr="829" mi="6" ci="0" mb="0" cb="0"/><line nr="831" mi="4" ci="0" mb="0" cb="0"/><line nr="835" mi="4" ci="0" mb="2" cb="0"/><line nr="836" mi="8" ci="0" mb="4" cb="0"/><line nr="837" mi="3" ci="0" mb="0" cb="0"/><line nr="838" mi="4" ci="0" mb="0" cb="0"/><line nr="839" mi="4" ci="0" mb="2" cb="0"/><line nr="840" mi="3" ci="0" mb="0" cb="0"/><line nr="843" mi="6" ci="0" mb="2" cb="0"/><line nr="844" mi="4" ci="0" mb="2" cb="0"/><line nr="845" mi="4" ci="0" mb="2" cb="0"/><line nr="846" mi="4" ci="0" mb="0" cb="0"/><line nr="848" mi="6" ci="0" mb="0" cb="0"/><line nr="852" mi="4" ci="0" mb="0" cb="0"/><line nr="855" mi="3" ci="0" mb="0" cb="0"/><line nr="858" mi="8" ci="0" mb="4" cb="0"/><line nr="859" mi="2" ci="0" mb="0" cb="0"/><line nr="862" mi="2" ci="0" mb="0" cb="0"/><counter type="INSTRUCTION" missed="893" covered="106"/><counter type="BRANCH" missed="107" covered="3"/><counter type="LINE" missed="160" covered="28"/><counter type="COMPLEXITY" missed="103" covered="5"/><counter type="METHOD" missed="48" covered="5"/><counter type="CLASS" missed="0" covered="1"/></sourcefile><counter type="INSTRUCTION" missed="893" covered="106"/><counter type="BRANCH" missed="107" covered="3"/><counter type="LINE" missed="160" covered="28"/><counter type="COMPLEXITY" missed="103" covered="5"/><counter type="METHOD" missed="48" covered="5"/><counter type="CLASS" missed="0" covered="1"/></package><package name="linalg/util"><class name="linalg/util/StringUtils" sourcefilename="StringUtils.java"><method name="&lt;init&gt;" desc="()V" line="4"><counter type="INSTRUCTION" missed="7" covered="0"/><counter type="LINE" missed="2" covered="0"/><counter type="COMPLEXITY" missed="1" covered="0"/><counter type="METHOD" missed="1" covered="0"/></method><method name="center" desc="(Ljava/lang/String;I)Ljava/lang/String;" line="9"><counter type="INSTRUCTION" missed="0" covered="5"/><counter type="LINE" missed="0" covered="1"/><counter type="COMPLEXITY" missed="0" covered="1"/><counter type="METHOD" missed="0" covered="1"/></method><method name="center" desc="(Ljava/lang/String;IC)Ljava/lang/String;" line="13"><counter type="INSTRUCTION" missed="2" covered="43"/><counter type="BRANCH" missed="2" covered="6"/><counter type="LINE" missed="1" covered="8"/><counter type="COMPLEXITY" missed="2" covered="3"/><counter type="METHOD" missed="0" covered="1"/></method><counter type="INSTRUCTION" missed="9" covered="48"/><counter type="BRANCH" missed="2" covered="6"/><counter type="LINE" missed="3" covered="9"/><counter type="COMPLEXITY" missed="3" covered="4"/><counter type="METHOD" missed="1" covered="2"/><counter type="CLASS" missed="0" covered="1"/></class><class name="linalg/util/Token" sourcefilename="Token.java"><method name="&lt;init&gt;" desc="(Ljava/lang/String;Ljava/lang/String;)V" line="16"><counter type="INSTRUCTION" missed="0" covered="9"/><counter type="LINE" missed="0" covered="3"/><counter type="COMPLEXITY" missed="0" covered="1"/><counter type="METHOD" missed="0" covered="1"/></method><method name="isKind" desc="(Ljava/lang/String;)Z" line="28"><counter type="INSTRUCTION" missed="0" covered="5"/><counter type="LINE" missed="0" covered="1"/><counter type="COMPLEXITY" missed="0" covered="1"/><counter type="METHOD" missed="0" covered="1"/></method><method name="getKind" desc="()Ljava/lang/String;" line="36"><counter type="INSTRUCTION" missed="3" covered="0"/><counter type="LINE" missed="1" covered="0"/><counter type="COMPLEXITY" missed="1" covered="0"/><counter type="METHOD" missed="1" covered="0"/></method><method name="getDetails" desc="()Ljava/lang/String;" line="43"><counter type="INSTRUCTION" missed="0" covered="3"/><counter type="LINE" missed="0" covered="1"/><counter type="COMPLEXITY" missed="0" covered="1"/><counter type="METHOD" missed="0" covered="1"/></method><method name="matches" desc="(Ljava/lang/String;Ljava/lang/String;)Z" line="54"><counter type="INSTRUCTION" missed="0" covered="14"/><counter type="BRANCH" missed="1" covered="3"/><counter type="LINE" missed="0" covered="1"/><counter type="COMPLEXITY" missed="1" covered="2"/><counter type="METHOD" missed="0" covered="1"/></method><method name="errorCheck" desc="(Ljava/lang/String;Ljava/lang/String;)V" line="65"><counter type="INSTRUCTION" missed="8" covered="6"/><counter type="BRANCH" missed="1" covered="1"/><counter type="LINE" missed="2" covered="2"/><counter type="COMPLEXITY" missed="1" covered="1"/><counter type="METHOD" missed="0" covered="1"/></method><method name="errorCheck" desc="(Ljava/lang/String;)V" line="78"><counter type="INSTRUCTION" missed="7" covered="6"/><counter type="BRANCH" missed="1" covered="1"/><counter type="LINE" missed="2" covered="2"/><counter type="COMPLEXITY" missed="1" covered="1"/><counter type="METHOD" missed="0" covered="1"/></method><method name="toString" desc="()Ljava/lang/String;" line="90"><counter type="INSTRUCTION" missed="6" covered="0"/><counter type="LINE" missed="1" covered="0"/><counter type="COMPLEXITY" missed="1" covered="0"/><counter type="METHOD" missed="1" covered="0"/></method><counter type="INSTRUCTION" missed="24" covered="43"/><counter type="BRANCH" missed="3" covered="5"/><counter type="LINE" missed="6" covered="10"/><counter type="COMPLEXITY" missed="5" covered="7"/><counter type="METHOD" missed="2" covered="6"/><counter type="CLASS" missed="0" covered="1"/></class><class name="linalg/util/ShapeLexer" sourcefilename="ShapeLexer.java"><method name="&lt;init&gt;" desc="(Ljava/lang/String;)V" line="10"><counter type="INSTRUCTION" missed="6" covered="0"/><counter type="LINE" missed="3" covered="0"/><counter type="COMPLEXITY" missed="1" covered="0"/><counter type="METHOD" missed="1" covered="0"/></method><method name="getContent" desc="()Ljava/lang/String;" line="18"><counter type="INSTRUCTION" missed="3" covered="0"/><counter type="LINE" missed="1" covered="0"/><counter type="COMPLEXITY" missed="1" covered="0"/><counter type="METHOD" missed="1" covered="0"/></method><method name="getNextToken" desc="()Llinalg/util/Token;" line="29"><counter type="INSTRUCTION" missed="120" covered="0"/><counter type="BRANCH" missed="30" covered="0"/><counter type="LINE" missed="33" covered="0"/><counter type="COMPLEXITY" missed="16" covered="0"/><counter type="METHOD" missed="1" covered="0"/></method><counter type="INSTRUCTION" missed="129" covered="0"/><counter type="BRANCH" missed="30" covered="0"/><counter type="LINE" missed="37" covered="0"/><counter type="COMPLEXITY" missed="18" covered="0"/><counter type="METHOD" missed="3" covered="0"/><counter type="CLASS" missed="1" covered="0"/></class><class name="linalg/util/LinAlgArrayUtils" sourcefilename="LinAlgArrayUtils.java"><method name="&lt;init&gt;" desc="()V" line="13"><counter type="INSTRUCTION" missed="7" covered="0"/><counter type="LINE" missed="2" covered="0"/><counter type="COMPLEXITY" missed="1" covered="0"/><counter type="METHOD" missed="1" covered="0"/></method><method name="random" desc="(IIDD[Z)[[Llinalg/complex_number/CNumber;" line="21"><counter type="INSTRUCTION" missed="47" covered="0"/><counter type="BRANCH" missed="6" covered="0"/><counter type="LINE" missed="8" covered="0"/><counter type="COMPLEXITY" missed="4" covered="0"/><counter type="METHOD" missed="1" covered="0"/></method><method name="random" desc="(II)[[Llinalg/complex_number/CNumber;" line="40"><counter type="INSTRUCTION" missed="8" covered="0"/><counter type="LINE" missed="1" covered="0"/><counter type="COMPLEXITY" missed="1" covered="0"/><counter type="METHOD" missed="1" covered="0"/></method><method name="random" desc="(IID)[[Llinalg/complex_number/CNumber;" line="45"><counter type="INSTRUCTION" missed="27" covered="0"/><counter type="BRANCH" missed="4" covered="0"/><counter type="LINE" missed="5" covered="0"/><counter type="COMPLEXITY" missed="3" covered="0"/><counter type="METHOD" missed="1" covered="0"/></method><method name="randomComplex" desc="(II)[[Llinalg/complex_number/CNumber;" line="58"><counter type="INSTRUCTION" missed="27" covered="0"/><counter type="BRANCH" missed="4" covered="0"/><counter type="LINE" missed="5" covered="0"/><counter type="COMPLEXITY" missed="3" covered="0"/><counter type="METHOD" missed="1" covered="0"/></method><method name="randn" desc="(IIZ)[[Llinalg/complex_number/CNumber;" line="71"><counter type="INSTRUCTION" missed="27" covered="0"/><counter type="BRANCH" missed="4" covered="0"/><counter type="LINE" missed="5" covered="0"/><counter type="COMPLEXITY" missed="3" covered="0"/><counter type="METHOD" missed="1" covered="0"/></method><method name="printArr" desc="([[Llinalg/complex_number/CNumber;)V" line="84"><counter type="INSTRUCTION" missed="29" covered="0"/><counter type="BRANCH" missed="4" covered="0"/><counter type="LINE" missed="5" covered="0"/><counter type="COMPLEXITY" missed="3" covered="0"/><counter type="METHOD" missed="1" covered="0"/></method><method name="printArr" desc="([Llinalg/complex_number/CNumber;)V" line="94"><counter type="INSTRUCTION" missed="15" covered="0"/><counter type="BRANCH" missed="2" covered="0"/><counter type="LINE" missed="3" covered="0"/><counter type="COMPLEXITY" missed="2" covered="0"/><counter type="METHOD" missed="1" covered="0"/></method><method name="getDims" desc="([[Llinalg/complex_number/CNumber;)Ljava/lang/String;" line="101"><counter type="INSTRUCTION" missed="8" covered="0"/><counter type="LINE" missed="1" covered="0"/><counter type="COMPLEXITY" missed="1" covered="0"/><counter type="METHOD" missed="1" covered="0"/></method><method name="zeros" desc="(II)[[Llinalg/complex_number/CNumber;" line="106"><counter type="INSTRUCTION" missed="0" covered="29"/><counter type="BRANCH" missed="0" covered="4"/><counter type="LINE" missed="0" covered="5"/><counter type="COMPLEXITY" missed="0" covered="3"/><counter type="METHOD" missed="0" covered="1"/></method><method name="abs" desc="([Llinalg/complex_number/CNumber;)[Llinalg/complex_number/CNumber;" line="119"><counter type="INSTRUCTION" missed="17" covered="0"/><counter type="BRANCH" missed="2" covered="0"/><counter type="LINE" missed="3" covered="0"/><counter type="COMPLEXITY" missed="2" covered="0"/><counter type="METHOD" missed="1" covered="0"/></method><method name="flatten" desc="([[Llinalg/complex_number/CNumber;)[Llinalg/complex_number/CNumber;" line="128"><counter type="INSTRUCTION" missed="40" covered="0"/><counter type="BRANCH" missed="4" covered="0"/><counter type="LINE" missed="7" covered="0"/><counter type="COMPLEXITY" missed="3" covered="0"/><counter type="METHOD" missed="1" covered="0"/></method><method name="getSection" desc="([[Llinalg/complex_number/CNumber;IIII)[[Llinalg/complex_number/CNumber;" line="144"><counter type="INSTRUCTION" missed="42" covered="0"/><counter type="BRANCH" missed="4" covered="0"/><counter type="LINE" missed="5" covered="0"/><counter type="COMPLEXITY" missed="3" covered="0"/><counter type="METHOD" missed="1" covered="0"/></method><method name="contains" desc="([II)Z" line="157"><counter type="INSTRUCTION" missed="26" covered="0"/><counter type="BRANCH" missed="4" covered="0"/><counter type="LINE" missed="6" covered="0"/><counter type="COMPLEXITY" missed="3" covered="0"/><counter type="METHOD" missed="1" covered="0"/></method><method name="extend2D" desc="([Llinalg/complex_number/CNumber;I)[[Llinalg/complex_number/CNumber;" line="189"><counter type="INSTRUCTION" missed="45" covered="0"/><counter type="BRANCH" missed="6" covered="0"/><counter type="LINE" missed="9" covered="0"/><counter type="COMPLEXITY" missed="4" covered="0"/><counter type="METHOD" missed="1" covered="0"/></method><method name="extend2D" desc="([DI)[[Llinalg/complex_number/CNumber;" line="226"><counter type="INSTRUCTION" missed="63" covered="0"/><counter type="BRANCH" missed="8" covered="0"/><counter type="LINE" missed="10" covered="0"/><counter type="COMPLEXITY" missed="5" covered="0"/><counter type="METHOD" missed="1" covered="0"/></method><method name="extend2D" desc="([II)[[Llinalg/complex_number/CNumber;" line="265"><counter type="INSTRUCTION" missed="65" covered="0"/><counter type="BRANCH" missed="8" covered="0"/><counter type="LINE" missed="10" covered="0"/><counter type="COMPLEXITY" missed="5" covered="0"/><counter type="METHOD" missed="1" covered="0"/></method><method name="norm" desc="([Llinalg/complex_number/CNumber;)Llinalg/complex_number/CNumber;" line="291"><counter type="INSTRUCTION" missed="26" covered="0"/><counter type="BRANCH" missed="2" covered="0"/><counter type="LINE" missed="4" covered="0"/><counter type="COMPLEXITY" missed="2" covered="0"/><counter type="METHOD" missed="1" covered="0"/></method><method name="group" desc="([Llinalg/complex_number/CNumber;)[Llinalg/complex_number/CNumber;" line="304"><counter type="INSTRUCTION" missed="54" covered="0"/><counter type="BRANCH" missed="6" covered="0"/><counter type="LINE" missed="8" covered="0"/><counter type="COMPLEXITY" missed="4" covered="0"/><counter type="METHOD" missed="1" covered="0"/></method><counter type="INSTRUCTION" missed="573" covered="29"/><counter type="BRANCH" missed="68" covered="4"/><counter type="LINE" missed="97" covered="5"/><counter type="COMPLEXITY" missed="52" covered="3"/><counter type="METHOD" missed="18" covered="1"/><counter type="CLASS" missed="0" covered="1"/></class><class name="linalg/util/NumberLexer" sourcefilename="NumberLexer.java"><method name="&lt;init&gt;" desc="(Ljava/lang/String;)V" line="22"><counter type="INSTRUCTION" missed="0" covered="6"/><counter type="LINE" missed="0" covered="3"/><counter type="COMPLEXITY" missed="0" covered="1"/><counter type="METHOD" missed="0" covered="1"/></method><method name="getNextToken" desc="()Llinalg/util/Token;" line="35"><counter type="INSTRUCTION" missed="113" covered="136"/><counter type="BRANCH" missed="31" covered="29"/><counter type="LINE" missed="29" covered="36"/><counter type="COMPLEXITY" missed="22" covered="9"/><counter type="METHOD" missed="0" covered="1"/></method><counter type="INSTRUCTION" missed="113" covered="142"/><counter type="BRANCH" missed="31" covered="29"/><counter type="LINE" missed="29" covered="39"/><counter type="COMPLEXITY" missed="22" covered="10"/><counter type="METHOD" missed="0" covered="2"/><counter type="CLASS" missed="0" covered="1"/></class><class name="linalg/util/ExampleMatrices" sourcefilename="ExampleMatrices.java"><method name="&lt;init&gt;" desc="()V" line="27"><counter type="INSTRUCTION" missed="7" covered="0"/><counter type="LINE" missed="2" covered="0"/><counter type="COMPLEXITY" missed="1" covered="0"/><counter type="METHOD" missed="1" covered="0"/></method><method name="&lt;clinit&gt;" desc="()V" line="31"><counter type="INSTRUCTION" missed="893" covered="0"/><counter type="LINE" missed="17" covered="0"/><counter type="COMPLEXITY" missed="1" covered="0"/><counter type="METHOD" missed="1" covered="0"/></method><counter type="INSTRUCTION" missed="900" covered="0"/><counter type="LINE" missed="19" covered="0"/><counter type="COMPLEXITY" missed="2" covered="0"/><counter type="METHOD" missed="2" covered="0"/><counter type="CLASS" missed="1" covered="0"/></class><class name="linalg/util/Parser" sourcefilename="Parser.java"><method name="&lt;init&gt;" desc="()V" line="7"><counter type="INSTRUCTION" missed="3" covered="0"/><counter type="LINE" missed="1" covered="0"/><counter type="COMPLEXITY" missed="1" covered="0"/><counter type="METHOD" missed="1" covered="0"/></method><method name="parseShape" desc="(Ljava/lang/String;)[I" line="16"><counter type="INSTRUCTION" missed="40" covered="0"/><counter type="LINE" missed="11" covered="0"/><counter type="COMPLEXITY" missed="1" covered="0"/><counter type="METHOD" missed="1" covered="0"/></method><method name="parseNumber" desc="(Ljava/lang/String;)[D" line="46"><counter type="INSTRUCTION" missed="85" covered="90"/><counter type="BRANCH" missed="11" covered="7"/><counter type="LINE" missed="17" covered="23"/><counter type="COMPLEXITY" missed="8" covered="2"/><counter type="METHOD" missed="0" covered="1"/></method><counter type="INSTRUCTION" missed="128" covered="90"/><counter type="BRANCH" missed="11" covered="7"/><counter type="LINE" missed="29" covered="23"/><counter type="COMPLEXITY" missed="10" covered="2"/><counter type="METHOD" missed="2" covered="1"/><counter type="CLASS" missed="0" covered="1"/></class><class name="linalg/util/FileManager" sourcefilename="FileManager.java"><method name="&lt;init&gt;" desc="()V" line="21"><counter type="INSTRUCTION" missed="7" covered="0"/><counter type="LINE" missed="2" covered="0"/><counter type="COMPLEXITY" missed="1" covered="0"/><counter type="METHOD" missed="1" covered="0"/></method><method name="readcsv" desc="(Ljava/lang/String;)Llinalg/Matrix;" line="33"><counter type="INSTRUCTION" missed="118" covered="0"/><counter type="BRANCH" missed="8" covered="0"/><counter type="LINE" missed="27" covered="0"/><counter type="COMPLEXITY" missed="5" covered="0"/><counter type="METHOD" missed="1" covered="0"/></method><method name="write2csv" desc="(Llinalg/Matrix;Ljava/lang/String;)V" line="85"><counter type="INSTRUCTION" missed="68" covered="0"/><counter type="BRANCH" missed="8" covered="0"/><counter type="LINE" missed="15" covered="0"/><counter type="COMPLEXITY" missed="5" covered="0"/><counter type="METHOD" missed="1" covered="0"/></method><method name="main" desc="([Ljava/lang/String;)V" line="113"><counter type="INSTRUCTION" missed="54" covered="0"/><counter type="LINE" missed="5" covered="0"/><counter type="COMPLEXITY" missed="1" covered="0"/><counter type="METHOD" missed="1" covered="0"/></method><counter type="INSTRUCTION" missed="247" covered="0"/><counter type="BRANCH" missed="16" covered="0"/><counter type="LINE" missed="49" covered="0"/><counter type="COMPLEXITY" missed="12" covered="0"/><counter type="METHOD" missed="4" covered="0"/><counter type="CLASS" missed="1" covered="0"/></class><class name="linalg/util/Lexer" sourcefilename="Lexer.java"><method name="&lt;init&gt;" desc="()V" line="6"><counter type="INSTRUCTION" missed="0" covered="6"/><counter type="LINE" missed="0" covered="2"/><counter type="COMPLEXITY" missed="0" covered="1"/><counter type="METHOD" missed="0" covered="1"/></method><method name="getContent" desc="()Ljava/lang/String;" line="14"><counter type="INSTRUCTION" missed="3" covered="0"/><counter type="LINE" missed="1" covered="0"/><counter type="COMPLEXITY" missed="1" covered="0"/><counter type="METHOD" missed="1" covered="0"/></method><method name="digit" desc="(I)Z" line="22"><counter type="INSTRUCTION" missed="0" covered="10"/><counter type="BRANCH" missed="0" covered="4"/><counter type="LINE" missed="0" covered="1"/><counter type="COMPLEXITY" missed="0" covered="3"/><counter type="METHOD" missed="0" covered="1"/></method><method name="getNextSymbol" desc="()I" line="33"><counter type="INSTRUCTION" missed="0" covered="22"/><counter type="BRANCH" missed="0" covered="2"/><counter type="LINE" missed="0" covered="5"/><counter type="COMPLEXITY" missed="0" covered="2"/><counter type="METHOD" missed="0" covered="1"/></method><method name="putBackSymbol" desc="(I)V" line="53"><counter type="INSTRUCTION" missed="4" covered="11"/><counter type="BRANCH" missed="1" covered="1"/><counter type="LINE" missed="1" covered="3"/><counter type="COMPLEXITY" missed="1" covered="1"/><counter type="METHOD" missed="0" covered="1"/></method><method name="error" desc="(Ljava/lang/String;)V" line="69"><counter type="INSTRUCTION" missed="6" covered="0"/><counter type="LINE" missed="3" covered="0"/><counter type="COMPLEXITY" missed="1" covered="0"/><counter type="METHOD" missed="1" covered="0"/></method><counter type="INSTRUCTION" missed="13" covered="49"/><counter type="BRANCH" missed="1" covered="7"/><counter type="LINE" missed="5" covered="11"/><counter type="COMPLEXITY" missed="3" covered="7"/><counter type="METHOD" missed="2" covered="4"/><counter type="CLASS" missed="0" covered="1"/></class><sourcefile name="FileManager.java"><line nr="21" mi="2" ci="0" mb="0" cb="0"/><line nr="22" mi="5" ci="0" mb="0" cb="0"/><line nr="33" mi="11" ci="0" mb="2" cb="0"/><line nr="34" mi="5" ci="0" mb="0" cb="0"/><line nr="37" mi="5" ci="0" mb="0" cb="0"/><line nr="40" mi="4" ci="0" mb="0" cb="0"/><line nr="44" mi="5" ci="0" mb="0" cb="0"/><line nr="46" mi="3" ci="0" mb="2" cb="0"/><line nr="47" mi="3" ci="0" mb="0" cb="0"/><line nr="48" mi="4" ci="0" mb="0" cb="0"/><line nr="50" mi="5" ci="0" mb="0" cb="0"/><line nr="51" mi="1" ci="0" mb="0" cb="0"/><line nr="53" mi="2" ci="0" mb="0" cb="0"/><line nr="54" mi="1" ci="0" mb="0" cb="0"/><line nr="55" mi="4" ci="0" mb="0" cb="0"/><line nr="56" mi="1" ci="0" mb="0" cb="0"/><line nr="58" mi="5" ci="0" mb="0" cb="0"/><line nr="59" mi="8" ci="0" mb="0" cb="0"/><line nr="61" mi="9" ci="0" mb="0" cb="0"/><line nr="63" mi="2" ci="0" mb="0" cb="0"/><line nr="64" mi="10" ci="0" mb="2" cb="0"/><line nr="65" mi="2" ci="0" mb="0" cb="0"/><line nr="67" mi="10" ci="0" mb="2" cb="0"/><line nr="68" mi="9" ci="0" mb="0" cb="0"/><line nr="69" mi="1" ci="0" mb="0" cb="0"/><line nr="70" mi="1" ci="0" mb="0" cb="0"/><line nr="71" mi="1" ci="0" mb="0" cb="0"/><line nr="72" mi="1" ci="0" mb="0" cb="0"/><line nr="74" mi="5" ci="0" mb="0" cb="0"/><line nr="85" mi="11" ci="0" mb="2" cb="0"/><line nr="86" mi="5" ci="0" mb="0" cb="0"/><line nr="89" mi="2" ci="0" mb="0" cb="0"/><line nr="91" mi="8" ci="0" mb="2" cb="0"/><line nr="92" mi="8" ci="0" mb="2" cb="0"/><line nr="93" mi="7" ci="0" mb="0" cb="0"/><line nr="95" mi="6" ci="0" mb="2" cb="0"/><line nr="96" mi="3" ci="0" mb="0" cb="0"/><line nr="100" mi="3" ci="0" mb="0" cb="0"/><line nr="103" mi="5" ci="0" mb="0" cb="0"/><line nr="104" mi="3" ci="0" mb="0" cb="0"/><line nr="105" mi="1" ci="0" mb="0" cb="0"/><line nr="106" mi="4" ci="0" mb="0" cb="0"/><line nr="107" mi="1" ci="0" mb="0" cb="0"/><line nr="108" mi="1" ci="0" mb="0" cb="0"/><line nr="113" mi="37" ci="0" mb="0" cb="0"/><line nr="115" mi="5" ci="0" mb="0" cb="0"/><line nr="117" mi="3" ci="0" mb="0" cb="0"/><line nr="118" mi="8" ci="0" mb="0" cb="0"/><line nr="119" mi="1" ci="0" mb="0" cb="0"/><counter type="INSTRUCTION" missed="247" covered="0"/><counter type="BRANCH" missed="16" covered="0"/><counter type="LINE" missed="49" covered="0"/><counter type="COMPLEXITY" missed="12" covered="0"/><counter type="METHOD" missed="4" covered="0"/><counter type="CLASS" missed="1" covered="0"/></sourcefile><sourcefile name="Parser.java"><line nr="7" mi="3" ci="0" mb="0" cb="0"/><line nr="16" mi="3" ci="0" mb="0" cb="0"/><line nr="18" mi="5" ci="0" mb="0" cb="0"/><line nr="20" mi="3" ci="0" mb="0" cb="0"/><line nr="21" mi="3" ci="0" mb="0" cb="0"/><line nr="23" mi="3" ci="0" mb="0" cb="0"/><line nr="24" mi="3" ci="0" mb="0" cb="0"/><line nr="26" mi="3" ci="0" mb="0" cb="0"/><line nr="27" mi="3" ci="0" mb="0" cb="0"/><line nr="29" m
[...]
"2" cb="0"/><line nr="191" mi="5" ci="0" mb="0" cb="0"/><line nr="192" mi="4" ci="0" mb="0" cb="0"/><line nr="193" mi="3" ci="0" mb="0" cb="0"/><line nr="194" mi="7" ci="0" mb="0" cb="0"/><line nr="195" mi="4" ci="0" mb="0" cb="0"/><line nr="198" mi="6" ci="0" mb="0" cb="0"/><line nr="201" mi="4" ci="0" mb="0" cb="0"/><line nr="202" mi="1" ci="0" mb="0" cb="0"/><line nr="205" mi="2" ci="0" mb="0" cb="0"/><line nr="206" mi="4" ci="0" mb="0" cb="0"/><line nr="207" mi="4" ci="0" mb="0" cb="0"/><line nr="208" mi="4" ci="0" mb="0" cb="0"/><line nr="209" mi="7" ci="0" mb="0" cb="0"/><line nr="210" mi="4" ci="0" mb="0" cb="0"/><line nr="211" mi="5" ci="0" mb="0" cb="0"/><line nr="212" mi="1" ci="0" mb="0" cb="0"/><line nr="224" mi="6" ci="0" mb="0" cb="0"/><line nr="236" mi="4" ci="0" mb="2" cb="0"/><line nr="237" mi="2" ci="0" mb="0" cb="0"/><line nr="239" mi="5" ci="0" mb="0" cb="0"/><line nr="252" mi="3" ci="0" mb="2" cb="0"/><line nr="253" mi="2" ci="0" mb="0" cb="0"/><line nr="255" mi="5" ci="0" mb="0" cb="0"/><line nr="266" mi="3" ci="0" mb="0" cb="0"/><line nr="279" mi="5" ci="0" mb="2" cb="0"/><line nr="280" mi="9" ci="0" mb="0" cb="0"/><line nr="284" mi="2" ci="0" mb="0" cb="0"/><line nr="287" mi="5" ci="0" mb="2" cb="0"/><line nr="288" mi="5" ci="0" mb="0" cb="0"/><line nr="290" mi="3" ci="0" mb="0" cb="0"/><line nr="293" mi="4" ci="0" mb="2" cb="0"/><line nr="294" mi="9" ci="0" mb="2" cb="0"/><line nr="295" mi="14" ci="0" mb="0" cb="0"/><line nr="296" mi="1" ci="0" mb="0" cb="0"/><line nr="297" mi="1" ci="0" mb="0" cb="0"/><line nr="300" mi="8" ci="0" mb="2" cb="0"/><line nr="301" mi="14" ci="0" mb="0" cb="0"/><line nr="302" mi="1" ci="0" mb="0" cb="0"/><line nr="303" mi="1" ci="0" mb="0" cb="0"/><line nr="307" mi="2" ci="0" mb="0" cb="0"/><line nr="327" mi="4" ci="0" mb="0" cb="0"/><line nr="340" mi="4" ci="0" mb="0" cb="0"/><line nr="354" mi="11" ci="0" mb="6" cb="0"/><line nr="355" mi="6" ci="0" mb="0" cb="0"/><line nr="357" mi="4" ci="0" mb="2" cb="0"/><line nr="358" mi="3" ci="0" mb="0" cb="0"/><line nr="361" mi="4" ci="0" mb="0" cb="0"/><line nr="362" mi="2" ci="0" mb="0" cb="0"/><line nr="364" mi="16" ci="0" mb="2" cb="0"/><line nr="365" mi="7" ci="0" mb="0" cb="0"/><line nr="368" mi="9" ci="0" mb="0" cb="0"/><line nr="385" mi="4" ci="0" mb="0" cb="0"/><line nr="387" mi="7" ci="0" mb="0" cb="0"/><line nr="396" mi="4" ci="0" mb="2" cb="0"/><line nr="397" mi="5" ci="0" mb="0" cb="0"/><line nr="399" mi="6" ci="0" mb="0" cb="0"/><line nr="411" mi="11" ci="0" mb="0" cb="0"/><line nr="422" mi="11" ci="0" mb="0" cb="0"/><line nr="432" mi="11" ci="0" mb="0" cb="0"/><line nr="442" mi="7" ci="0" mb="0" cb="0"/><line nr="453" mi="4" ci="0" mb="2" cb="0"/><line nr="454" mi="10" ci="0" mb="0" cb="0"/><line nr="456" mi="3" ci="0" mb="2" cb="0"/><line nr="457" mi="4" ci="0" mb="0" cb="0"/><line nr="459" mi="9" ci="0" mb="2" cb="0"/><line nr="460" mi="9" ci="0" mb="0" cb="0"/><line nr="463" mi="6" ci="0" mb="0" cb="0"/><line nr="465" mi="1" ci="0" mb="0" cb="0"/><line nr="466" mi="7" ci="0" mb="0" cb="0"/><line nr="470" mi="2" ci="0" mb="0" cb="0"/><line nr="479" mi="8" ci="0" mb="0" cb="0"/><line nr="481" mi="4" ci="0" mb="2" cb="0"/><line nr="482" mi="9" ci="0" mb="2" cb="0"/><line nr="483" mi="12" ci="0" mb="0" cb="0"/><line nr="486" mi="3" ci="0" mb="2" cb="0"/><line nr="487" mi="9" ci="0" mb="2" cb="0"/><line nr="488" mi="12" ci="0" mb="0" cb="0"/><line nr="492" mi="5" ci="0" mb="0" cb="0"/><line nr="495" mi="2" ci="0" mb="0" cb="0"/><line nr="504" mi="3" ci="0" mb="0" cb="0"/><line nr="505" mi="9" ci="0" mb="0" cb="0"/><counter type="INSTRUCTION" missed="806" covered="0"/><counter type="BRANCH" missed="56" covered="0"/><counter type="LINE" missed="175" covered="0"/><counter type="COMPLEXITY" missed="55" covered="0"/><counter type="METHOD" missed="27" covered="0"/><counter type="CLASS" missed="1" covered="0"/></sourcefile><sourcefile name="MatrixOperations.java"><line nr="21" mi="3" ci="0" mb="0" cb="0"/><line nr="24" mi="6" ci="0" mb="0" cb="0"/><line nr="25" mi="4" ci="0" mb="0" cb="0"/><line nr="28" mi="16" ci="0" mb="8" cb="0"/><line nr="30" mi="6" ci="0" mb="0" cb="0"/><line nr="31" mi="3" ci="0" mb="0" cb="0"/><line nr="33" mi="1" ci="0" mb="0" cb="0"/><line nr="36" mi="8" ci="0" mb="2" cb="0"/><line nr="37" mi="8" ci="0" mb="2" cb="0"/><line nr="38" mi="16" ci="0" mb="4" cb="0"/><line nr="39" mi="25" ci="0" mb="0" cb="0"/><line nr="42" mi="38" ci="0" mb="0" cb="0"/><line nr="48" mi="5" ci="0" mb="0" cb="0"/><line nr="51" mi="2" ci="0" mb="0" cb="0"/><line nr="61" mi="3" ci="0" mb="0" cb="0"/><line nr="62" mi="6" ci="0" mb="0" cb="0"/><line nr="64" mi="8" ci="0" mb="2" cb="0"/><line nr="65" mi="8" ci="0" mb="2" cb="0"/><line nr="66" mi="24" ci="0" mb="0" cb="0"/><line nr="70" mi="5" ci="0" mb="0" cb="0"/><line nr="81" mi="3" ci="0" mb="0" cb="0"/><line nr="82" mi="6" ci="0" mb="0" cb="0"/><line nr="83" mi="4" ci="0" mb="0" cb="0"/><line nr="85" mi="8" ci="0" mb="2" cb="0"/><line nr="86" mi="8" ci="0" mb="2" cb="0"/><line nr="87" mi="38" ci="0" mb="0" cb="0"/><line nr="92" mi="5" ci="0" mb="0" cb="0"/><line nr="102" mi="5" ci="0" mb="0" cb="0"/><line nr="112" mi="3" ci="0" mb="0" cb="0"/><line nr="113" mi="6" ci="0" mb="0" cb="0"/><line nr="115" mi="8" ci="0" mb="2" cb="0"/><line nr="116" mi="8" ci="0" mb="2" cb="0"/><line nr="117" mi="13" ci="0" mb="0" cb="0"/><line nr="121" mi="5" ci="0" mb="0" cb="0"/><line nr="136" mi="3" ci="0" mb="0" cb="0"/><line nr="138" mi="4" ci="0" mb="2" cb="0"/><line nr="139" mi="3" ci="0" mb="0" cb="0"/><line nr="140" mi="6" ci="0" mb="0" cb="0"/><line nr="145" mi="4" ci="0" mb="2" cb="0"/><line nr="146" mi="5" ci="0" mb="0" cb="0"/><line nr="147" mi="15" ci="0" mb="6" cb="0"/><line nr="149" mi="5" ci="0" mb="0" cb="0"/><line nr="151" mi="4" ci="0" mb="0" cb="0"/><line nr="154" mi="2" ci="0" mb="0" cb="0"/><line nr="165" mi="3" ci="0" mb="0" cb="0"/><line nr="166" mi="6" ci="0" mb="0" cb="0"/><line nr="169" mi="3" ci="0" mb="2" cb="0"/><line nr="170" mi="4" ci="0" mb="0" cb="0"/><line nr="172" mi="5" ci="0" mb="0" cb="0"/><line nr="175" mi="8" ci="0" mb="2" cb="0"/><line nr="176" mi="8" ci="0" mb="2" cb="0"/><line nr="177" mi="41" ci="0" mb="0" cb="0"/><line nr="178" mi="41" ci="0" mb="0" cb="0"/><line nr="182" mi="2" ci="0" mb="0" cb="0"/><line nr="195" mi="3" ci="0" mb="0" cb="0"/><line nr="196" mi="6" ci="0" mb="0" cb="0"/><line nr="197" mi="4" ci="0" mb="0" cb="0"/><line nr="199" mi="8" ci="0" mb="2" cb="0"/><line nr="200" mi="8" ci="0" mb="2" cb="0"/><line nr="202" mi="70" ci="0" mb="0" cb="0"/><line nr="207" mi="5" ci="0" mb="0" cb="0"/><line nr="219" mi="7" ci="0" mb="0" cb="0"/><line nr="230" mi="3" ci="0" mb="0" cb="0"/><line nr="231" mi="6" ci="0" mb="0" cb="0"/><line nr="233" mi="8" ci="0" mb="2" cb="0"/><line nr="234" mi="8" ci="0" mb="2" cb="0"/><line nr="235" mi="50" ci="0" mb="0" cb="0"/><line nr="240" mi="5" ci="0" mb="0" cb="0"/><line nr="251" mi="3" ci="0" mb="0" cb="0"/><line nr="252" mi="6" ci="0" mb="0" cb="0"/><line nr="253" mi="4" ci="0" mb="0" cb="0"/><line nr="255" mi="8" ci="0" mb="2" cb="0"/><line nr="256" mi="8" ci="0" mb="2" cb="0"/><line nr="257" mi="134" ci="0" mb="0" cb="0"/><line nr="266" mi="5" ci="0" mb="0" cb="0"/><line nr="277" mi="4" ci="0" mb="0" cb="0"/><line nr="278" mi="7" ci="0" mb="0" cb="0"/><line nr="289" mi="4" ci="0" mb="0" cb="0"/><line nr="290" mi="4" ci="0" mb="0" cb="0"/><line nr="301" mi="5" ci="0" mb="0" cb="0"/><line nr="312" mi="3" ci="0" mb="0" cb="0"/><line nr="313" mi="6" ci="0" mb="0" cb="0"/><line nr="314" mi="4" ci="0" mb="0" cb="0"/><line nr="316" mi="8" ci="0" mb="2" cb="0"/><line nr="317" mi="7" ci="0" mb="0" cb="0"/><line nr="318" mi="7" ci="0" mb="0" cb="0"/><line nr="322" mi="6" ci="0" mb="0" cb="0"/><line nr="324" mi="8" ci="0" mb="2" cb="0"/><line nr="325" mi="3" ci="0" mb="2" cb="0"/><line nr="326" mi="5" ci="0" mb="0" cb="0"/><line nr="327" mi="5" ci="0" mb="0" cb="0"/><line nr="328" mi="6" ci="0" mb="0" cb="0"/><line nr="330" mi="7" ci="0" mb="0" cb="0"/><line nr="331" mi="7" ci="0" mb="0" cb="0"/><line nr="332" mi="7" ci="0" mb="0" cb="0"/><line nr="336" mi="2" ci="0" mb="0" cb="0"/><line nr="341" mi="3" ci="0" mb="0" cb="0"/><line nr="342" mi="6" ci="0" mb="0" cb="0"/><line nr="343" mi="2" ci="0" mb="0" cb="0"/><line nr="345" mi="8" ci="0" mb="2" cb="0"/><line nr="346" mi="7" ci="0" mb="0" cb="0"/><line nr="347" mi="7" ci="0" mb="0" cb="0"/><line nr="350" mi="2" ci="0" mb="0" cb="0"/><line nr="351" mi="6" ci="0" mb="0" cb="0"/><line nr="353" mi="8" ci="0" mb="2" cb="0"/><line nr="354" mi="3" ci="0" mb="2" cb="0"/><line nr="355" mi="8" ci="0" mb="0" cb="0"/><line nr="356" mi="5" ci="0" mb="0" cb="0"/><line nr="357" mi="6" ci="0" mb="0" cb="0"/><line nr="359" mi="12" ci="0" mb="0" cb="0"/><line nr="360" mi="7" ci="0" mb="0" cb="0"/><line nr="361" mi="7" ci="0" mb="0" cb="0"/><line nr="365" mi="2" ci="0" mb="0" cb="0"/><line nr="374" mi="3" ci="0" mb="0" cb="0"/><line nr="375" mi="7" ci="0" mb="0" cb="0"/><line nr="377" mi="8" ci="0" mb="2" cb="0"/><line nr="378" mi="8" ci="0" mb="2" cb="0"/><line nr="379" mi="19" ci="0" mb="0" cb="0"/><line nr="383" mi="2" ci="0" mb="0" cb="0"/><line nr="392" mi="3" ci="0" mb="0" cb="0"/><line nr="393" mi="7" ci="0" mb="0" cb="0"/><line nr="395" mi="8" ci="0" mb="2" cb="0"/><line nr="396" mi="8" ci="0" mb="2" cb="0"/><line nr="397" mi="19" ci="0" mb="0" cb="0"/><line nr="401" mi="2" ci="0" mb="0" cb="0"/><line nr="412" mi="3" ci="0" mb="0" cb="0"/><line nr="413" mi="3" ci="0" mb="0" cb="0"/><line nr="415" mi="5" ci="0" mb="2" cb="0"/><line nr="416" mi="9" ci="0" mb="0" cb="0"/><line nr="418" mi="4" ci="0" mb="2" cb="0"/><line nr="419" mi="7" ci="0" mb="0" cb="0"/><line nr="422" mi="8" ci="0" mb="2" cb="0"/><line nr="423" mi="8" ci="0" mb="2" cb="0"/><line nr="424" mi="19" ci="0" mb="0" cb="0"/><line nr="428" mi="2" ci="0" mb="0" cb="0"/><line nr="439" mi="3" ci="0" mb="0" cb="0"/><line nr="440" mi="3" ci="0" mb="0" cb="0"/><line nr="442" mi="5" ci="0" mb="2" cb="0"/><line nr="443" mi="9" ci="0" mb="0" cb="0"/><line nr="445" mi="4" ci="0" mb="2" cb="0"/><line nr="446" mi="7" ci="0" mb="0" cb="0"/><line nr="449" mi="8" ci="0" mb="2" cb="0"/><line nr="450" mi="8" ci="0" mb="2" cb="0"/><line nr="451" mi="19" ci="0" mb="0" cb="0"/><line nr="455" mi="2" ci="0" mb="0" cb="0"/><line nr="466" mi="3" ci="0" mb="0" cb="0"/><line nr="467" mi="6" ci="0" mb="0" cb="0"/><line nr="469" mi="8" ci="0" mb="2" cb="0"/><line nr="470" mi="8" ci="0" mb="2" cb="0"/><line nr="471" mi="12" ci="0" mb="0" cb="0"/><line nr="475" mi="5" ci="0" mb="0" cb="0"/><line nr="487" mi="3" ci="0" mb="0" cb="0"/><line nr="488" mi="6" ci="0" mb="0" cb="0"/><line nr="490" mi="8" ci="0" mb="2" cb="0"/><line nr="491" mi="8" ci="0" mb="2" cb="0"/><line nr="492" mi="12" ci="0" mb="0" cb="0"/><line nr="496" mi="5" ci="0" mb="0" cb="0"/><line nr="506" mi="3" ci="0" mb="0" cb="0"/><line nr="517" mi="3" ci="0" mb="0" cb="0"/><line nr="518" mi="6" ci="0" mb="0" cb="0"/><line nr="520" mi="2" ci="0" mb="0" cb="0"/><line nr="523" mi="8" ci="0" mb="2" cb="0"/><line nr="524" mi="8" ci="0" mb="2" cb="0"/><line nr="526" mi="13" ci="0" mb="4" cb="0"/><line nr="527" mi="13" ci="0" mb="4" cb="0"/><line nr="528" mi="11" ci="0" mb="0" cb="0"/><line nr="534" mi="5" ci="0" mb="0" cb="0"/><line nr="544" mi="3" ci="0" mb="0" cb="0"/><line nr="545" mi="6" ci="0" mb="0" cb="0"/><line nr="547" mi="8" ci="0" mb="2" cb="0"/><line nr="548" mi="8" ci="0" mb="2" cb="0"/><line nr="549" mi="12" ci="0" mb="0" cb="0"/><line nr="553" mi="5" ci="0" mb="0" cb="0"/><line nr="565" mi="4" ci="0" mb="0" cb="0"/><line nr="577" mi="4" ci="0" mb="0" cb="0"/><line nr="589" mi="4" ci="0" mb="0" cb="0"/><line nr="601" mi="2" ci="0" mb="0" cb="0"/><line nr="603" mi="8" ci="0" mb="4" cb="0"/><line nr="604" mi="7" ci="0" mb="0" cb="0"/><line nr="606" mi="8" ci="0" mb="4" cb="0"/><line nr="607" mi="7" ci="0" mb="0" cb="0"/><line nr="608" mi="7" ci="0" mb="0" cb="0"/><line nr="609" mi="7" ci="0" mb="0" cb="0"/><line nr="610" mi="7" ci="0" mb="0" cb="0"/><line nr="612" mi="8" ci="0" mb="0" cb="0"/><line nr="613" mi="1" ci="0" mb="0" cb="0"/><line nr="615" mi="8" ci="0" mb="2" cb="0"/><line nr="616" mi="6" ci="0" mb="0" cb="0"/><line nr="618" mi="8" ci="0" mb="0" cb="0"/><line nr="619" mi="9" ci="0" mb="0" cb="0"/><line nr="621" mi="7" ci="0" mb="0" cb="0"/><line nr="625" mi="2" ci="0" mb="0" cb="0"/><line nr="636" mi="2" ci="0" mb="0" cb="0"/><line nr="637" mi="4" ci="0" mb="0" cb="0"/><line nr="639" mi="15" ci="0" mb="0" cb="0"/><line nr="641" mi="10" ci="0" mb="2" cb="0"/><line nr="642" mi="11" ci="0" mb="0" cb="0"/><line nr="645" mi="4" ci="0" mb="0" cb="0"/><line nr="657" mi="3" ci="0" mb="0" cb="0"/><line nr="659" mi="3" ci="0" mb="2" cb="0"/><line nr="660" mi="7" ci="0" mb="0" cb="0"/><line nr="663" mi="8" ci="0" mb="4" cb="0"/><line nr="664" mi="7" ci="0" mb="0" cb="0"/><line nr="665" mi="7" ci="0" mb="0" cb="0"/><line nr="666" mi="7" ci="0" mb="0" cb="0"/><line nr="667" mi="7" ci="0" mb="0" cb="0"/><line nr="669" mi="8" ci="0" mb="0" cb="0"/><line nr="672" mi="3" ci="0" mb="0" cb="0"/><line nr="684" mi="5" ci="0" mb="0" cb="0"/><line nr="700" mi="3" ci="0" mb="0" cb="0"/><line nr="701" mi="2" ci="0" mb="0" cb="0"/><line nr="703" mi="2" ci="0" mb="2" cb="0"/><line nr="704" mi="11" ci="0" mb="2" cb="0"/><line nr="705" mi="15" ci="0" mb="0" cb="0"/><line nr="709" mi="16" ci="0" mb="0" cb="0"/><line nr="711" mi="10" ci="0" mb="2" cb="0"/><line nr="712" mi="11" ci="0" mb="2" cb="0"/><line nr="713" mi="5" ci="0" mb="2" cb="0"/><line nr="714" mi="13" ci="0" mb="0" cb="0"/><line nr="716" mi="16" ci="0" mb="0" cb="0"/><line nr="721" mi="3" ci="0" mb="2" cb="0"/><line nr="722" mi="7" ci="0" mb="2" cb="0"/><line nr="723" mi="11" ci="0" mb="0" cb="0"/><line nr="727" mi="18" ci="0" mb="0" cb="0"/><line nr="729" mi="10" ci="0" mb="2" cb="0"/><line nr="730" mi="11" ci="0" mb="2" cb="0"/><line nr="731" mi="7" ci="0" mb="2" cb="0"/><line nr="732" mi="13" ci="0" mb="0" cb="0"/><line nr="734" mi="18" ci="0" mb="0" cb="0"/><line nr="740" mi="6" ci="0" mb="0" cb="0"/><line nr="743" mi="2" ci="0" mb="0" cb="0"/><line nr="754" mi="5" ci="0" mb="0" cb="0"/><line nr="777" mi="4" ci="0" mb="0" cb="0"/><line nr="780" mi="2" ci="0" mb="0" cb="0"/><line nr="781" mi="2" ci="0" mb="0" cb="0"/><line nr="783" mi="8" ci="0" mb="4" cb="0"/><line nr="784" mi="9" ci="0" mb="2" cb="0"/><line nr="785" mi="9" ci="0" mb="0" cb="0"/><line nr="787" mi="8" ci="0" mb="2" cb="0"/><line nr="788" mi="14" ci="0" mb="0" cb="0"/><line nr="792" mi="10" ci="0" mb="2" cb="0"/><line nr="793" mi="7" ci="0" mb="0" cb="0"/><line nr="795" mi="8" ci="0" mb="2" cb="0"/><line nr="796" mi="20" ci="0" mb="0" cb="0"/><line nr="797" mi="1" ci="0" mb="0" cb="0"/><line nr="806" mi="7" ci="0" mb="0" cb="0"/><line nr="809" mi="1" ci="0" mb="0" cb="0"/><line nr="810" mi="2" ci="0" mb="0" cb="0"/><line nr="813" mi="2" ci="0" mb="0" cb="0"/><line nr="842" mi="5" ci="0" mb="2" cb="0"/><line nr="843" mi="3" ci="0" mb="0" cb="0"/><line nr="868" mi="4" ci="0" mb="0" cb="0"/><line nr="872" mi="2" ci="0" mb="0" cb="0"/><line nr="873" mi="2" ci="0" mb="0" cb="0"/><line nr="875" mi="8" ci="0" mb="4" cb="0"/><line nr="876" mi="2" ci="0" mb="0" cb="0"/><line nr="877" mi="7" ci="0" mb="0" cb="0"/><line nr="879" mi="8" ci="0" mb="2" cb="0"/><line nr="880" mi="9" ci="0" mb="2" cb="0"/><line nr="887" mi="8" ci="0" mb="0" cb="0"/><line nr="889" mi="9" ci="0" mb="2" cb="0"/><line nr="890" mi="2" ci="0" mb="0" cb="0"/><line nr="891" mi="7" ci="0" mb="0" cb="0"/><line nr="895" mi="9" ci="0" mb="2" cb="0"/><line nr="896" mi="3" ci="0" mb="2" cb="0"/><line nr="897" mi="5" ci="0" mb="0" cb="0"/><line nr="900" mi="9" ci="0" mb="0" cb="0"/><line nr="902" mi="8" ci="0" mb="2" cb="0"/><line nr="903" mi="14" ci="0" mb="0" cb="0"/><line nr="906" mi="8" ci="0" mb="2" cb="0"/><line nr="907" mi="7" ci="0" mb="0" cb="0"/><line nr="909" mi="3" ci="0" mb="2" cb="0"/><line nr="910" mi="7" ci="0" mb="0" cb="0"/><line nr="912" mi="10" ci="0" mb="2" cb="0"/><line nr="914" mi="15" ci="0" mb="0" cb="0"/><line nr="915" mi="1" ci="0" mb="0" cb="0"/><line nr="916" mi="7" ci="0" mb="0" cb="0"/><line nr="922" mi="1" ci="0" mb="0" cb="0"/><line nr="923" mi="2" ci="0" mb="0" cb="0"/><line nr="926" mi="2" ci="0" mb="0" cb="0"/><line nr="930" mi="2" ci="0" mb="0" cb="0"/><line nr="956" mi="4" ci="0" mb="0" cb="0"/><line nr="959" mi="2" ci="0" mb="0" cb="0"/><line nr="960" mi="2" ci="0" mb="0" cb="0"/><line nr="962" mi="8" ci="0" mb="4" cb="0"/><line nr="963" mi="9" ci="0" mb="2" cb="0"/><line nr="964" mi="9" ci="0" mb="0" cb="0"/><line nr="966" mi="8" ci="0" mb="2" cb="0"/><line nr="967" mi="14" ci="0" mb="0" cb="0"/><line nr="971" mi="8" ci="0" mb="2" cb="0"/><line nr="972" mi="7" ci="0" mb="0" cb="0"/><line nr="974" mi="3" ci="0" mb="2" cb="0"/><line nr="975" mi="8" ci="0" mb="2" cb="0"/><line nr="976" mi="20" ci="0" mb="0" cb="0"/><line nr="977" mi="1" ci="0" mb="0" cb="0"/><line nr="982" mi="1" ci="0" mb="0" cb="0"/><line nr="983" mi="2" ci="0" mb="0" cb="0"/><line nr="986" mi="2" ci="0" mb="0" cb="0"/><line nr="998" mi="3" ci="0" mb="0" cb="0"/><line nr="999" mi="4" ci="0" mb="0" cb="0"/><line nr="1000" mi="4" ci="0" mb="0" cb="0"/><line nr="1002" mi="3" ci="0" mb="0" cb="0"/><line nr="1015" mi="3" ci="0" mb="0" cb="0"/><line nr="1017" mi="3" ci="0" mb="2" cb="0"/><line nr="1018" mi="7" ci="0" mb="0" cb="0"/><line nr="1021" mi="7" ci="0" mb="0" cb="0"/><line nr="1023" mi="8" ci="0" mb="2" cb="0"/><line nr="1024" mi="9" ci="0" mb="0" cb="0"/><line nr="1027" mi="2" ci="0" mb="0" cb="0"/><line nr="1040" mi="3" ci="0" mb="0" cb="0"/><line nr="1054" mi="3" ci="0" mb="0" cb="0"/><line nr="1055" mi="3" ci="0" mb="0" cb="0"/><line nr="1056" mi="3" ci="0" mb="0" cb="0"/><line nr="1058" mi="9" ci="0" mb="2" cb="0"/><line nr="1059" mi="5" ci="0" mb="2" cb="0"/><line nr="1060" mi="1" ci="0" mb="0" cb="0"/><line nr="1067" mi="2" ci="0" mb="0" cb="0"/><line nr="1078" mi="3" ci="0" mb="0" cb="0"/><line nr="1079" mi="6" ci="0" mb="0" cb="0"/><line nr="1090" mi="3" ci="0" mb="0" cb="0"/><line nr="1092" mi="3" ci="0" mb="2" cb="0"/><line nr="1093" mi="5" ci="0" mb="0" cb="0"/><line nr="1096" mi="3" ci="0" mb="0" cb="0"/><line nr="1097" mi="2" ci="0" mb="0" cb="0"/><line nr="1099" mi="10" ci="0" mb="2" cb="0"/><line nr="1100" mi="11" ci="0" mb="0" cb="0"/><line nr="1103" mi="7" ci="0" mb="2" cb="0"/><line nr="1112" mi="5" ci="0" mb="0" cb="0"/><line nr="1116" mi="10" ci="0" mb="0" cb="0"/><line nr="1127" mi="3" ci="0" mb="0" cb="0"/><line nr="1146" mi="8" ci="0" mb="0" cb="0"/><line nr="1147" mi="4" ci="0" mb="0" cb="0"/><line nr="1149" mi="3" ci="0" mb="2" cb="0"/><line nr="1150" mi="5" ci="0" mb="0" cb="0"/><line nr="1153" mi="8" ci="0" mb="2" cb="0"/><line nr="1155" mi="8" ci="0" mb="0" cb="0"/><line nr="1158" mi="2" ci="0" mb="0" cb="0"/><line nr="1168" mi="7" ci="0" mb="0" cb="0"/><line nr="1170" mi="8" ci="0" mb="2" cb="0"/><line nr="1171" mi="8" ci="0" mb="2" cb="0"/><line nr="1172" mi="13" ci="0" mb="0" cb="0"/><line nr="1176" mi="2" ci="0" mb="0" cb="0"/><counter type="INSTRUCTION" missed="2568" covered="0"/><counter type="BRANCH" missed="226" covered="0"/><counter type="LINE" missed="342" covered="0"/><counter type="COMPLEXITY" missed="160" covered="0"/><counter type="METHOD" missed="47" covered="0"/><counter type="CLASS" missed="1" covered="0"/></sourcefile><counter type="INSTRUCTION" missed="12482" covered="196"/><counter type="BRANCH" missed="939" covered="14"/><counter type="LINE" missed="1770" covered="52"/><counter type="COMPLEXITY" missed="735" covered="14"/><counter type="METHOD" missed="261" covered="10"/><counter type="CLASS" missed="14" covered="3"/></package><counter type="INSTRUCTION" missed="16102" covered="703"/><counter type="BRANCH" missed="1242" covered="75"/><counter type="LINE" missed="2308" covered="177"/><counter type="COMPLEXITY" missed="999" covered="52"/><counter type="METHOD" missed="360" covered="31"/><counter type="CLASS" missed="23" covered="10"/></report>