<?xml version="1.0" encoding="UTF-8" standalone="yes"?><!DOCTYPE report PUBLIC "-//JACOCO//DTD Report 1.1//EN" "report.dtd"><report name="Java-Linear-Algebra"><sessioninfo id="DESKTOP-3F0SSFQ-fe00496a" start="1632785396729" dump="1632785398884"/><sessioninfo id="DESKTOP-3F0SSFQ-9cdf880c" start="1632787027066" dump="1632787028389"/><sessioninfo id="DESKTOP-3F0SSFQ-33e4a7ad" start="1632787824685" dump="1632787826107"/><sessioninfo id="DESKTOP-3F0SSFQ-d759012b" start="1632787898313" dump="1632787899650"/><sessioninfo id="DESKTOP-3F0SSFQ-653be16e" start="1632788590487" dump="1632788591452"/><sessioninfo id="DESKTOP-3F0SSFQ-e4543b44" start="1632788616892" dump="1632788617864"/><sessioninfo id="DESKTOP-3F0SSFQ-4d4af810" start="1632788635046" dump="1632788635903"/><sessioninfo id="DESKTOP-3F0SSFQ-ca0ff9dc" start="1632789177899" dump="1632789179094"/><sessioninfo id="DESKTOP-3F0SSFQ-2b03aa12" start="1632789197815" dump="1632789198970"/><sessioninfo id="DESKTOP-3F0SSFQ-92377961" start="1632789713743" dump="1632789715200"/><sessioninfo id="DESKTOP-3F0SSFQ-f67dcf9d" start="1632791223035" dump="1632791223756"/><sessioninfo id="DESKTOP-3F0SSFQ-3deffdcc" start="1632791225995" dump="1632791227517"/><sessioninfo id="DESKTOP-3F0SSFQ-8370ba74" start="1632791234697" dump="1632791236818"/><sessioninfo id="DESKTOP-3F0SSFQ-e80853d4" start="1632791240963" dump="1632791242073"/><sessioninfo id="DESKTOP-3F0SSFQ-9ee31791" start="1632791253485" dump="1632791254576"/><sessioninfo id="DESKTOP-3F0SSFQ-58a45499" start="1632791643884" dump="1632791645145"/><sessioninfo id="DESKTOP-3F0SSFQ-6b36a7ae" start="1632791710919" dump="1632791711976"/><sessioninfo id="DESKTOP-3F0SSFQ-cd238e7f" start="1632792212364" dump="1632792213589"/><sessioninfo id="DESKTOP-3F0SSFQ-32a355ac" start="1632792226532" dump="1632792227738"/><sessioninfo id="DESKTOP-3F0SSFQ-cf2ae673" start="1632792263916" dump="1632792265083"/><sessioninfo id="DESKTOP-3F0SSFQ-d8ae4a1d" start="1632792284518" dump="1632792285894"/><sessioninfo id="DESKTOP-3F0SSFQ-590642cc" start="1632792572203" dump="1632792573348"/><sessioninfo id="DESKTOP-3F0SSFQ-c18502e8" start="1632792970189" dump="1632792971270"/><sessioninfo id="DESKTOP-3F0SSFQ-bb68ec51" start="1632793008312" dump="1632793009524"/><sessioninfo id="DESKTOP-3F0SSFQ-dc7eaf97" start="1632794014578" dump="1632794015732"/><sessioninfo id="DESKTOP-3F0SSFQ-4fd69810" start="1632794041217" dump="1632794042229"/><sessioninfo id="DESKTOP-3F0SSFQ-96825214" start="1632794338912" dump="1632794340518"/><sessioninfo id="DESKTOP-3F0SSFQ-89a0fc42" start="1632794376493" dump="1632794377631"/><sessioninfo id="DESKTOP-3F0SSFQ-cab82cf0" start="1632794402490" dump="1632794403864"/><sessioninfo id="DESKTOP-3F0SSFQ-c139591e" start="1632796470111" dump="1632796470839"/><sessioninfo id="DESKTOP-3F0SSFQ-82b8fd28" start="1632796538375" dump="1632796539119"/><sessioninfo id="DESKTOP-3F0SSFQ-3bdff75d" start="1632796570427" dump="1632796571185"/><sessioninfo id="DESKTOP-3F0SSFQ-cdb98687" start="1632796751134" dump="1632796751986"/><sessioninfo id="DESKTOP-3F0SSFQ-e6b68394" start="1632796813525" dump="1632796814279"/><sessioninfo id="DESKTOP-3F0SSFQ-9c517ae6" start="1632796822743" dump="1632796823495"/><sessioninfo id="DESKTOP-3F0SSFQ-7849bf85" start="1632805631900" dump="1632805632787"/><sessioninfo id="DESKTOP-3F0SSFQ-8af91b33" start="1634341976579" dump="1634341977263"/><sessioninfo id="DESKTOP-3F0SSFQ-3c496517" start="1634341993197" dump="1634341994053"/><sessioninfo id="DESKTOP-3F0SSFQ-a1df1e07" start="1634342019237" dump="1634342019963"/><sessioninfo id="DESKTOP-3F0SSFQ-aff8a924" start="1634342037885" dump="1634342038662"/><sessioninfo id="DESKTOP-3F0SSFQ-f94da3ae" start="1634342585320" dump="1634342586098"/><sessioninfo id="Jacobs-MacBook-Pro.local-f3f79794" start="1634836555186" dump="1634836564541"/><sessioninfo id="DESKTOP-3F0SSFQ-1c4bcb6b" start="1643427498985" dump="1643427499604"/><sessioninfo id="BLD-5f143199" start="1647898351210" dump="1647898351662"/><sessioninfo id="BLD-d03d1266" start="1647898491358" dump="1647898491794"/><sessioninfo id="BLD-13bcee4f" start="1647898569818" dump="1647898570267"/><sessioninfo id="BLD-73b3ed2a" start="1647898592627" dump="1647898593088"/><sessioninfo id="BLD-9ce2ccfd" start="1647898684168" dump="1647898684603"/><sessioninfo id="BLD-2afa8ef6" start="1647898735356" dump="1647898735807"/><sessioninfo id="BLD-edd601d3" start="1647898881563" dump="1647898882013"/><sessioninfo id="BLD-c28ecaff" start="1647899008302" dump="1647899008717"/><sessioninfo id="BLD-55cd338f" start="1647899075318" dump="1647899075734"/><sessioninfo id="BLD-e4801ee3" start="1647899243059" dump="1647899243476"/><sessioninfo id="BLD-9f351c8a" start="1647899359485" dump="1647899359897"/><sessioninfo id="BLD-9eacc799" start="1647899387049" dump="1647899387474"/><sessioninfo id="BLD-b904ea4e" start="1647899413544" dump="1647899413951"/><sessioninfo id="BLD-644b10e9" start="1647899764441" dump="1647899764877"/><sessioninfo id="BLD-dcf1263f" start="1647899789708" dump="1647899790139"/><sessioninfo id="BLD-c8bba310" start="1647899824720" dump="1647899825142"/><sessioninfo id="BLD-f13f0532" start="1647900114267" dump="1647900114710"/><sessioninfo id="BLD-4d60d8a9" start="1647900249802" dump="1647900250217"/><sessioninfo id="BLD-7c76e99b" start="1647900266246" dump="1647900266662"/><sessioninfo id="BLD-6e4c34ba" start="1647900330699" dump="1647900331108"/><sessioninfo id="BLD-611d5be4" start="1647900412281" dump="1647900412740"/><sessioninfo id="BLD-fbf836d9" start="1647900429127" dump="1647900429548"/><sessioninfo id="BLD-cf666b95" start="1647900528924" dump="1647900529345"/><sessioninfo id="BLD-3ac3eaab" start="1647900559463" dump="1647900559876"/><sessioninfo id="BLD-eb30d151" start="1647900754458" dump="1647900754875"/><sessioninfo id="BLD-4704b508" start="1647900990010" dump="1647900990438"/><sessioninfo id="BLD-a9161df8" start="1647901024091" dump="1647901024523"/><sessioninfo id="BLD-8d1de9c8" start="1647901051302" dump="1647901051745"/><sessioninfo id="BLD-384b8695" start="1647901063007" dump="1647901063422"/><sessioninfo id="BLD-dce664e1" start="1647901440753" dump="1647901441166"/><sessioninfo id="BLD-5871c6dc" start="1647901459647" dump="1647901460070"/><sessioninfo id="BLD-ec3d5b51" start="1647901469720" dump="1647901470113"/><sessioninfo id="BLD-c4a22b0" start="1647901479124" dump="1647901479564"/><sessioninfo id="BLD-e17dbfe3" start="1647901493629" dump="1647901494034"/><sessioninfo id="BLD-6691bb9b" start="1647901503444" dump="1647901503856"/><sessioninfo id="BLD-f402c671" start="1647901559561" dump="1647901559963"/><sessioninfo id="BLD-df63c0c1" start="1647901569760" dump="1647901570152"/><sessioninfo id="BLD-730deef4" start="1647901579008" dump="1647901579401"/><sessioninfo id="BLD-47ae258d" start="1647901657037" dump="1647901657471"/><sessioninfo id="BLD-65f519f5" start="1647901669672" dump="1647901670101"/><sessioninfo id="BLD-69c63fbe" start="1647901680865" dump="1647901681280"/><sessioninfo id="BLD-a715049" start="1647901692073" dump="1647901692469"/><sessioninfo id="BLD-a82e1f3a" start="1647902090352" dump="1647902090777"/><sessioninfo id="BLD-36a12ee0" start="1647902106493" dump="1647902106911"/><sessioninfo id="BLD-575cc61a" start="1647902120045" dump="1647902120457"/><sessioninfo id="BLD-4bb34530" start="1647902136497" dump="1647902136914"/><sessioninfo id="BLD-448d89fb" start="1647902215123" dump="1647902215541"/><sessioninfo id="BLD-9b3ee8d6" start="1647902326225" dump="1647902326643"/><sessioninfo id="BLD-26b02335" start="1647902337997" dump="1647902338413"/><sessioninfo id="BLD-6ca80015" start="1647902463488" dump="1647902463928"/><sessioninfo id="BLD-422a9384" start="1647902551745" dump="1647902552199"/><sessioninfo id="BLD-f789f3a" start="1647903011738" dump="1647903012203"/><sessioninfo id="BLD-80bee3b2" start="1647903119372" dump="1647903119790"/><sessioninfo id="BLD-dbbdfdd8" start="1647903148298" dump="1647903148710"/><sessioninfo id="BLD-5208a62a" start="1647903822790" dump="1647903823195"/><sessioninfo id="BLD-4f2bd873" start="1647903829758" dump="1647903830147"/><sessioninfo id="BLD-87d85318" start="1647903847796" dump="1647903848217"/><sessioninfo id="BLD-7daa79c0" start="1647903893842" dump="1647903894257"/><sessioninfo id="BLD-b0aa7c38" start="1647903928627" dump="1647903929041"/><sessioninfo id="BLD-8225c5c2" start="1647903942898" dump="1647903943306"/><sessioninfo id="BLD-cd5cc3dc" start="1647904008785" dump="1647904009198"/><sessioninfo id="BLD-4e532446" start="1647904023242" dump="1647904023646"/><sessioninfo id="BLD-ccbe17aa" start="1647904193535" dump="1647904193943"/><sessioninfo id="BLD-bd389192" start="1647904222644" dump="1647904223052"/><sessioninfo id="BLD-63813cab" start="1647904519756" dump="1647904520157"/><sessioninfo id="BLD-fee079ee" start="1647904753554" dump="1647904754520"/><sessioninfo id="BLD-d8399d8c" start="1647904823931" dump="1647904824868"/><sessioninfo id="BLD-8c069a1b" start="1647904844863" dump="1647904845258"/><sessioninfo id="BLD-1a4546d0" start="1647904869272" dump="1647904869664"/><sessioninfo id="BLD-158d6146" start="1647904915196" dump="1647904915593"/><sessioninfo id="BLD-df44e80a" start="1647904930191" dump="1647904930604"/><sessioninfo id="BLD-aa032da9" start="1647904941411" dump="1647904941827"/><sessioninfo id="BLD-88e54f0a" start="1647986007052" dump="1647986007524"/><sessioninfo id="BLD-11ef7812" start="1647986028903" dump="1647986029370"/><sessioninfo id="BLD-45f5b741" start="1647986047341" dump="1647986047770"/><sessioninfo id="BLD-d8bc2629" start="1647986066452" dump="1647986066860"/><sessioninfo id="BLD-5c533f79" start="1647986084518" dump="1647986084950"/><sessioninfo id="BLD-16314474" start="1647988531357" dump="1647988531795"/><sessioninfo id="BLD-23250d6e" start="1647988572313" dump="1647988572775"/><sessioninfo id="BLD-9dc70764" start="1647988630338" dump="1647988630773"/><sessioninfo id="BLD-141f0a9c" start="1647988672259" dump="1647988672692"/><sessioninfo id="BLD-a87a5eca" start="1647988683254" dump="1647988683699"/><sessioninfo id="BLD-f07af7a9" start="1647988867333" dump="1647988867765"/><sessioninfo id="BLD-3bc2e0eb" start="1647988897184" dump="1647988897624"/><sessioninfo id="BLD-c52cc34" start="1647989235329" dump="1647989235783"/><sessioninfo id="BLD-915d4cb5" start="1647989407823" dump="1647989408240"/><sessioninfo id="BLD-f0e815ea" start="1647989466375" dump="1647989466790"/><sessioninfo id="BLD-99edb312" start="1647989937405" dump="1647989937863"/><sessioninfo id="BLD-d0e8055a" start="1647990042605" dump="1647990043033"/><sessioninfo id="BLD-918a466" start="1647990128976" dump="1647990129411"/><sessioninfo id="BLD-ced5ae41" start="1647990358314" dump="1647990358782"/><sessioninfo id="BLD-6926cfa5" start="1647990708932" dump="1647990709409"/><sessioninfo id="BLD-40511bbd" start="1647990720573" dump="1647990721063"/><sessioninfo id="BLD-8c00f2a" start="1647991694038" dump="1647991694464"/><sessioninfo id="BLD-c32762a5" start="1648002182658" dump="1648002183162"/><sessioninfo id="BLD-cf6d6f82" start="1648002474782" dump="1648002475312"/><sessioninfo id="BLD-ef04d919" start="1648002502682" dump="1648002503136"/><sessioninfo id="BLD-3a616cd7" start="1648002601296" dump="1648002601764"/><sessioninfo id="BLD-de784c09" start="1648002703785" dump="1648002704238"/><sessioninfo id="BLD-d94dea2c" start="1648002737252" dump="1648002737706"/><sessioninfo id="BLD-58ed1b2f" start="1648003385137" dump="1648003385696"/><sessioninfo id="BLD-d96e8843" start="1648003788776" dump="1648003789254"/><sessioninfo id="BLD-6990374e" start="1648005744106" dump="1648005744559"/><sessioninfo id="BLD-625de177" start="1648006228471" dump="1648006228909"/><sessioninfo id="BLD-90080ce6" start="1648007384220" dump="1648007384784"/><sessioninfo id="BLD-73ed5a2f" start="1648007521911" dump="1648007522617"/><sessioninfo id="BLD-acbe5570" start="1648007616430" dump="1648007617125"/><sessioninfo id="BLD-d51d481d" start="1648007625777" dump="1648007626421"/><sessioninfo id="BLD-9c872883" start="1648008450016" dump="1648008450643"/><sessioninfo id="BLD-26dc340c" start="1648008819880" dump="1648008820461"/><sessioninfo id="BLD-c5819925" start="1648009579527" dump="1648009580096"/><sessioninfo id="BLD-7eb27fed" start="1648009797864" dump="1648009798423"/><sessioninfo id="BLD-7606e998" start="1648009915444" dump="1648009916008"/><sessioninfo id="BLD-62ed1053" start="1648010088076" dump="1648010088754"/><sessioninfo id="BLD-460751bf" start="1648010146279" dump="1648010146785"/><sessioninfo id="BLD-f73a4b" start="1648010170477" dump="1648010170992"/><sessioninfo id="BLD-f4661f3" start="1648010308258" dump="1648010308705"/><sessioninfo id="BLD-8d5346ec" start="1648010354549" dump="1648010355170"/><sessioninfo id="BLD-b6f1896" start="1648011171007" dump="1648011171590"/><sessioninfo id="BLD-fd1fdf91" start="1648011183650" dump="1648011184227"/><sessioninfo id="BLD-5b052c7a" start="1648011197028" dump="1648011197651"/><sessioninfo id="BLD-921c9dce" start="1648011360236" dump="1648011360815"/><sessioninfo id="BLD-be274de6" start="1648011422518" dump="1648011423076"/><sessioninfo id="BLD-ba90ae31" start="1648011517821" dump="1648011518322"/><sessioninfo id="BLD-d241f362" start="1648011546361" dump="1648011546833"/><sessioninfo id="BLD-2cf33207" start="1648011563717" dump="1648011564351"/><sessioninfo id="BLD-34e6cba2" start="1648011621676" dump="1648011622328"/><sessioninfo id="BLD-7c86ea4c" start="1648011631695" dump="1648011632122"/><sessioninfo id="BLD-3dc2f10c" start="1648011647817" dump="1648011648348"/><sessioninfo id="BLD-eb3fc027" start="1648011756000" dump="1648011756716"/><sessioninfo id="BLD-484e37f3" start="1648012727262" dump="1648012727700"/><sessioninfo id="BLD-3dab5fc1" start="1648012733290" dump="1648012733940"/><sessioninfo id="BLD-ac748ad" start="1648012757335" dump="1648012757840"/><sessioninfo id="BLD-febfc0cc" start="1648012768918" dump="1648012769452"/><sessioninfo id="BLD-3f27384d" start="1648012779194" dump="1648012779840"/><sessioninfo id="BLD-7191ed85" start="1648012956343" dump="1648012956908"/><sessioninfo id="BLD-f150a0f1" start="1648012971505" dump="1648012972106"/><sessioninfo id="BLD-7653172c" start="1648012986576" dump="1648012987078"/><sessioninfo id="BLD-4c26638c" start="1648013058549" dump="1648013059245"/><sessioninfo id="BLD-23e80093" start="1648013071856" dump="1648013072506"/><sessioninfo id="BLD-adc94ced" start="1648013088284" dump="1648013088760"/><sessioninfo id="BLD-d808ff09" start="1648013102077" dump="1648013102775"/><sessioninfo id="BLD-73708a74" start="1648013220378" dump="1648013220966"/><sessioninfo id="BLD-3ccdbc0b" start="1648013235723" dump="1648013236203"/><sessioninfo id="BLD-161ad7f7" start="1648013247628" dump="1648013248200"/><sessioninfo id="BLD-51e7d116" start="1648013274854" dump="1648013275480"/><sessioninfo id="BLD-f25abf84" start="1648013291444" dump="1648013292056"/><sessioninfo id="BLD-8f5fcfa1" start="1648013316069" dump="1648013316810"/><sessioninfo id="BLD-722301d4" start="1648013329853" dump="1648013330343"/><sessioninfo id="BLD-8feadfa8" start="1648013343930" dump="1648013344439"/><sessioninfo id="BLD-5cb48547" start="1648013403396" dump="1648013403977"/><sessioninfo id="BLD-62abb693" start="1648013415090" dump="1648013415949"/><sessioninfo id="BLD-9a32bf97" start="1648013454676" dump="1648013455230"/><sessioninfo id="BLD-f07b812e" start="1648013474360" dump="1648013474867"/><sessioninfo id="BLD-c0c73418" start="1648013508949" dump="1648013509514"/><sessioninfo id="BLD-cc37a0bf" start="1648013531518" dump="1648013532141"/><sessioninfo id="BLD-61dea6c2" start="1648013543001" dump="1648013543541"/><sessioninfo id="BLD-7a2c16b9" start="1648013729496" dump="1648013729984"/><sessioninfo id="BLD-5d32d470" start="1648014261504" dump="1648014262138"/><sessioninfo id="BLD-41fe00a9" start="1648014284538" dump="1648014285117"/><sessioninfo id="BLD-6ce46e8e" start="1648014300087" dump="1648014300629"/><sessioninfo id="BLD-155148ba" start="1648014315898" dump="1648014316387"/><sessioninfo id="BLD-cd482c54" start="1648015029341" dump="1648015029991"/><sessioninfo id="BLD-7a74231a" start="1648073778551" dump="1648073779033"/><sessioninfo id="BLD-255dc3dc" start="1648074247903" dump="1648074248325"/><sessioninfo id="BLD-6a0f1015" start="1648075024321" dump="1648075024786"/><sessioninfo id="BLD-3bb3a318" start="1648076968215" dump="1648076968643"/><sessioninfo id="BLD-1a184610" start="1648077643398" dump="1648077643829"/><sessioninfo id="BLD-11464e9a" start="1648077728931" dump="1648077729365"/><sessioninfo id="BLD-b1a6e671" start="1648077761529" dump="1648077761970"/><sessioninfo id="BLD-4b587722" start="1648077821157" dump="1648077821604"/><sessioninfo id="BLD-f5a00201" start="1648077943096" dump="1648077943497"/><sessioninfo id="BLD-cd93d6fc" start="1648078235459" dump="1648078235898"/><sessioninfo id="BLD-80486b65" start="1648078242870" dump="1648078243282"/><sessioninfo id="BLD-aa27378e" start="1648078249578" dump="1648078249989"/><sessioninfo id="BLD-7f11c4a4" start="1648078445484" dump="1648078445955"/><sessioninfo id="BLD-252fe5bb" start="1648079894500" dump="1648079895019"/><sessioninfo id="BLD-a3c67e25" start="1648080309444" dump="1648080309851"/><sessioninfo id="BLD-ecff14b5" start="1648080343326" dump="1648080343712"/><sessioninfo id="BLD-66080afa" start="1648081073924" dump="1648081074343"/><sessioninfo id="BLD-837244bc" start="1648081577593" dump="1648081578023"/><sessioninfo id="BLD-f4ebceb6" start="1648087075933" dump="1648087076354"/><package name="linalg/concurrent"><class name="linalg/concurrent/ThreadTypes" sourcefilename="ThreadTypes.java"><method name="&lt;clinit&gt;" desc="()V" line="7"><counter type="INSTRUCTION" missed="27" covered="0"/><counter type="LINE" missed="2" covered="0"/><counter type="COMPLEXITY" missed="1" covered="0"/><counter type="METHOD" missed="1" covered="0"/></method><counter type="INSTRUCTION" missed="27" covered="0"/><counter type="LINE" missed="2" covered="0"/><counter type="COMPLEXITY" missed="1" covered="0"/><counter type="METHOD" missed="1" covered="0"/><counter type="CLASS" missed="1" covered="0"/></class><class name="linalg/concurrent/MatrixAdditionWorker" sourcefilename="MatrixAdditionWorker.java"><method name="&lt;init&gt;" desc="(Llinalg/concurrent/ThreadedMatrixAddition;II)V" line="19"><counter type="INSTRUCTION" missed="20" covered="0"/><counter type="LINE" missed="7" covered="0"/><counter type="COMPLEXITY" missed="1" covered="0"/><counter type="METHOD" missed="1" covered="0"/></method><method name="&lt;init&gt;" desc="(Llinalg/concurrent/ThreadedMatrixAddition;IIII)V" line="38"><counter type="INSTRUCTION" missed="18" covered="0"/><counter type="LINE" missed="7" covered="0"/><counter type="COMPLEXITY" missed="1" covered="0"/><counter type="METHOD" missed="1" covered="0"/></method><method name="run" desc="()V" line="51"><counter type="INSTRUCTION" missed="67" covered="0"/><counter type="BRANCH" missed="4" covered="0"/><counter type="LINE" missed="4" covered="0"/><counter type="COMPLEXITY" missed="3" covered="0"/><counter type="METHOD" missed="1" covered="0"/></method><counter type="INSTRUCTION" missed="105" covered="0"/><counter type="BRANCH" missed="4" covered="0"/><counter type="LINE" missed="18" covered="0"/><counter type="COMPLEXITY" missed="5" covered="0"/><counter type="METHOD" missed="3" covered="0"/><counter type="CLASS" missed="1" covered="0"/></class><class name="linalg/concurrent/AllocateThreads" sourcefilename="AllocateThreads.java"><method name="&lt;init&gt;" desc="()V" line="9"><counter type="INSTRUCTION" missed="7" covered="0"/><counter type="LINE" missed="2" covered="0"/><counter type="COMPLEXITY" missed="1" covered="0"/><counter type="METHOD" missed="1" covered="0"/></method><method name="byRows" desc="(IIILlinalg/concurrent/ThreadTypes;)[Ljava/lang/Thread;" line="25"><counter type="INSTRUCTION" missed="2" covered="0"/><counter type="LINE" missed="1" covered="0"/><counter type="COMPLEXITY" missed="1" covered="0"/><counter type="METHOD" missed="1" covered="0"/></method><method name="byCols" desc="(IIILlinalg/concurrent/ThreadTypes;)[Ljava/lang/Thread;" line="41"><counter type="INSTRUCTION" missed="2" covered="0"/><counter type="LINE" missed="1" covered="0"/><counter type="COMPLEXITY" missed="1" covered="0"/><counter type="METHOD" missed="1" covered="0"/></method><method name="byRowsAndCols" desc="(IIILlinalg/concurrent/ThreadTypes;)[Ljava/lang/Thread;" line="57"><counter type="INSTRUCTION" missed="2" covered="0"/><counter type="LINE" missed="1" covered="0"/><counter type="COMPLEXITY" missed="1" covered="0"/><counter type="METHOD" missed="1" covered="0"/></method><counter type="INSTRUCTION" missed="13" covered="0"/><counter type="LINE" missed="5" covered="0"/><counter type="COMPLEXITY" missed="4" covered="0"/><counter type="METHOD" missed="4" covered="0"/><counter type="CLASS" missed="1" covered="0"/></class><class name="linalg/concurrent/ThreadedMatrixAddition" sourcefilename="ThreadedMatrixAddition.java"><method name="&lt;init&gt;" desc="(Llinalg/Matrix;Llinalg/Matrix;)V" line="30"><counter type="INSTRUCTION" missed="37" covered="0"/><counter type="BRANCH" missed="2" covered="0"/><counter type="LINE" missed="9" covered="0"/><counter type="COMPLEXITY" missed="2" covered="0"/><counter type="METHOD" missed="1" covered="0"/></method><method name="add" desc="()Llinalg/Matrix;" line="51"><counter type="INSTRUCTION" missed="49" covered="0"/><counter type="BRANCH" missed="4" covered="0"/><counter type="LINE" missed="13" covered="0"/><counter type="COMPLEXITY" missed="3" covered="0"/><counter type="METHOD" missed="1" covered="0"/></method><method name="allocateThreadsByRows" desc="()V" line="78"><counter type="INSTRUCTION" missed="50" covered="0"/><counter type="BRANCH" missed="4" covered="0"/><counter type="LINE" missed="10" covered="0"/><counter type="COMPLEXITY" missed="3" covered="0"/><counter type="METHOD" missed="1" covered="0"/></method><method name="&lt;clinit&gt;" desc="()V" line="15"><counter type="INSTRUCTION" missed="4" covered="0"/><counter type="LINE" missed="1" covered="0"/><counter type="COMPLEXITY" missed="1" covered="0"/><counter type="METHOD" missed="1" covered="0"/></method><counter type="INSTRUCTION" missed="140" covered="0"/><counter type="BRANCH" missed="10" covered="0"/><counter type="LINE" missed="33" covered="0"/><counter type="COMPLEXITY" missed="9" covered="0"/><counter type="METHOD" missed="4" covered="0"/><counter type="CLASS" missed="1" covered="0"/></class><sourcefile name="ThreadTypes.java"><line nr="7" mi="3" ci="0" mb="0" cb="0"/><line nr="8" mi="24" ci="0" mb="0" cb="0"/><counter type="INSTRUCTION" missed="27" covered="0"/><counter type="LINE" missed="2" covered="0"/><counter type="COMPLEXITY" missed="1" covered="0"/><counter type="METHOD" missed="1" covered="0"/><counter type="CLASS" missed="1" covered="0"/></sourcefile><sourcefile name="MatrixAdditionWorker.java"><line nr="19" mi="2" ci="0" mb="0" cb="0"/><line nr="20" mi="3" ci="0" mb="0" cb="0"/><line nr="21" mi="3" ci="0" mb="0" cb="0"/><line nr="22" mi="3" ci="0" mb="0" cb="0"/><line nr="23" mi="3" ci="0" mb="0" cb="0"/><line nr="24" mi="5" ci="0" mb="0" cb="0"/><line nr="25" mi="1" ci="0" mb="0" cb="0"/><line nr="38" mi="2" ci="0" mb="0" cb="0"/><line nr="39" mi="3" ci="0" mb="0" cb="0"/><line nr="40" mi="3" ci="0" mb="0" cb="0"/><line nr="41" mi="3" ci="0" mb="0" cb="0"/><line nr="42" mi="3" ci="0" mb="0" cb="0"/><line nr="43" mi="3" ci="0" mb="0" cb="0"/><line nr="44" mi="1" ci="0" mb="0" cb="0"/><line nr="51" mi="9" ci="0" mb="2" cb="0"/><line nr="52" mi="9" ci="0" mb="2" cb="0"/><line nr="53" mi="48" ci="0" mb="0" cb="0"/><line nr="57" mi="1" ci="0" mb="0" cb="0"/><counter type="INSTRUCTION" missed="105" covered="0"/><counter type="BRANCH" missed="4" covered="0"/><counter type="LINE" missed="18" covered="0"/><counter type="COMPLEXITY" missed="5" covered="0"/><counter type="METHOD" missed="3" covered="0"/><counter type="CLASS" missed="1" covered="0"/></sourcefile><sourcefile name="ThreadedMatrixAddition.java"><line nr="15" mi="4" ci="0" mb="0" cb="0"/><line nr="30" mi="2" ci="0" mb="0" cb="0"/><line nr="31" mi="3" ci="0" mb="0" cb="0"/><line nr="32" mi="3" ci="0" mb="0" cb="0"/><line nr="33" mi="7" ci="0" mb="0" cb="0"/><line nr="36" mi="5" ci="0" mb="2" cb="0"/><line nr="37" mi="6" ci="0" mb="0" cb="0"/><line nr="39" mi="3" ci="0" mb="0" cb="0"/><line nr="42" mi="7" ci="0" mb="0" cb="0"/><line nr="43" mi="1" ci="0" mb="0" cb="0"/><line nr="51" mi="2" ci="0" mb="0" cb="0"/><line nr="53" mi="11" ci="0" mb="2" cb="0"/><line nr="54" mi="2" ci="0" mb="0" cb="0"/><line nr="55" mi="1" ci="0" mb="0" cb="0"/><line nr="57" mi="11" ci="0" mb="2" cb="0"/><line nr="59" mi="2" ci="0" mb="0" cb="0"/><line nr="60" mi="1" ci="0" mb="0" cb="0"/><line nr="61" mi="2" ci="0" mb="0" cb="0"/><line nr="62" mi="1" ci="0" mb="0" cb="0"/><line nr="63" mi="1" ci="0" mb="0" cb="0"/><line nr="65" mi="3" ci="0" mb="0" cb="0"/><line nr="66" mi="6" ci="0" mb="0" cb="0"/><line nr="68" mi="6" ci="0" mb="0" cb="0"/><line nr="78" mi="8" ci="0" mb="0" cb="0"/><line nr="79" mi="2" ci="0" mb="0" cb="0"/><line nr="80" mi="3" ci="0" mb="0" cb="0"/><line nr="82" mi="8" ci="0" mb="2" cb="0"/><line nr="83" mi="10" ci="0" mb="0" cb="0"/><line nr="84" mi="2" ci="0" mb="0" cb="0"/><line nr="86" mi="6" ci="0" mb="2" cb="0"/><line nr="87" mi="5" ci="0" mb="0" cb="0"/><line nr="89" mi="5" ci="0" mb="0" cb="0"/><line nr="92" mi="1" ci="0" mb="0" cb="0"/><counter type="INSTRUCTION" missed="140" covered="0"/><counter type="BRANCH" missed="10" covered="0"/><counter type="LINE" missed="33" covered="0"/><counter type="COMPLEXITY" missed="9" covered="0"/><counter type="METHOD" missed="4" covered="0"/><counter type="CLASS" missed="1" covered="0"/></sourcefile><sourcefile name="AllocateThreads.java"><line nr="9" mi="2" ci="0" mb="0" cb="0"/><line nr="10" mi="5" ci="0" mb="0" cb="0"/><line nr="25" mi="2" ci="0" mb="0" cb="0"/><line nr="41" mi="2" ci="0" mb="0" cb="0"/><line nr="57" mi="2" ci="0" mb="0" cb="0"/><counter type="INSTRUCTION" missed="13" covered="0"/><counter type="LINE" missed="5" covered="0"/><counter type="COMPLEXITY" missed="4" covered="0"/><counter type="METHOD" missed="4" covered="0"/><counter type="CLASS" missed="1" covered="0"/></sourcefile><counter type="INSTRUCTION" missed="285" covered="0"/><counter type="BRANCH" missed="14" covered="0"/><counter type="LINE" missed="58" covered="0"/><counter type="COMPLEXITY" missed="19" covered="0"/><counter type="METHOD" missed="12" covered="0"/><counter type="CLASS" missed="4" covered="0"/></package><package name="linalg/complex_number"><class name="linalg/complex_number/CNumber" sourcefilename="CNumber.java"><method name="&lt;init&gt;" desc="()V" line="66"><counter type="INSTRUCTION" missed="9" covered="0"/><counter type="LINE" missed="3" covered="0"/><counter type="COMPLEXITY" missed="1" covered="0"/><counter type="METHOD" missed="1" covered="0"/></method><method name="&lt;init&gt;" desc="(D)V" line="71"><counter type="INSTRUCTION" missed="0" covered="9"/><counter type="LINE" missed="0" covered="4"/><counter type="COMPLEXITY" missed="0" covered="1"/><counter type="METHOD" missed="0" covered="1"/></method><method name="&lt;init&gt;" desc="(DD)V" line="77"><counter type="INSTRUCTION" missed="9" covered="0"/><counter type="LINE" missed="4" covered="0"/><counter type="COMPLEXITY" missed="1" covered="0"/><counter type="METHOD" missed="1" covered="0"/></method><method name="&lt;init&gt;" desc="(Ljava/lang/String;)V" line="83"><counter type="INSTRUCTION" missed="0" covered="16"/><counter type="LINE" missed="0" covered="5"/><counter type="COMPLEXITY" missed="0" covered="1"/><counter type="METHOD" missed="0" covered="1"/></method><method name="&lt;init&gt;" desc="(Llinalg/complex_number/CNumber;)V" line="91"><counter type="INSTRUCTION" missed="0" covered="11"/><counter type="LINE" missed="0" covered="4"/><counter type="COMPLEXITY" missed="0" covered="1"/><counter type="METHOD" missed="0" covered="1"/></method><method name="randn" desc="(Z)Llinalg/complex_number/CNumber;" line="106"><counter type="INSTRUCTION" missed="19" covered="0"/><counter type="BRANCH" missed="2" covered="0"/><counter type="LINE" missed="5" covered="0"/><counter type="COMPLEXITY" missed="2" covered="0"/><counter type="METHOD" missed="1" covered="0"/></method><method name="randn" desc="()Llinalg/complex_number/CNumber;" line="125"><counter type="INSTRUCTION" missed="3" covered="0"/><counter type="LINE" missed="1" covered="0"/><counter type="COMPLEXITY" missed="1" covered="0"/><counter type="METHOD" missed="1" covered="0"/></method><method name="random" desc="()Llinalg/complex_number/CNumber;" line="134"><counter type="INSTRUCTION" missed="5" covered="0"/><counter type="LINE" missed="1" covered="0"/><counter type="COMPLEXITY" missed="1" covered="0"/><counter type="METHOD" missed="1" covered="0"/></method><method name="random" desc="(D)Llinalg/complex_number/CNumber;" line="147"><counter type="INSTRUCTION" missed="67" covered="0"/><counter type="BRANCH" missed="2" covered="0"/><counter type="LINE" missed="6" covered="0"/><counter type="COMPLEXITY" missed="2" covered="0"/><counter type="METHOD" missed="1" covered="0"/></method><method name="random" desc="(DD[Z)Llinalg/complex_number/CNumber;" line="181"><counter type="INSTRUCTION" missed="67" covered="0"/><counter type="BRANCH" missed="12" covered="0"/><counter type="LINE" missed="10" covered="0"/><counter type="COMPLEXITY" missed="7" covered="0"/><counter type="METHOD" missed="1" covered="0"/></method><method name="conjugate" desc="(Llinalg/complex_number/CNumber;)Llinalg/complex_number/CNumber;" line="212"><counter type="INSTRUCTION" missed="9" covered="0"/><counter type="LINE" missed="1" covered="0"/><counter type="COMPLEXITY" missed="1" covered="0"/><counter type="METHOD" missed="1" covered="0"/></method><method name="add" desc="(Llinalg/complex_number/CNumber;Llinalg/complex_number/CNumber;)Llinalg/complex_number/CNumber;" line="224"><counter type="INSTRUCTION" missed="14" covered="0"/><counter type="LINE" missed="1" covered="0"/><counter type="COMPLEXITY" missed="1" covered="0"/><counter type="METHOD" missed="1" covered="0"/></method><method name="add" desc="(Llinalg/complex_number/CNumber;Llinalg/complex_number/CNumber;[Llinalg/complex_number/CNumber;)Llinalg/complex_number/CNumber;" line="238"><counter type="INSTRUCTION" missed="40" covered="0"/><counter type="BRANCH" missed="2" covered="0"/><counter type="LINE" missed="6" covered="0"/><counter type="COMPLEXITY" missed="2" covered="0"/><counter type="METHOD" missed="1" covered="0"/></method><method name="subtract" desc="(Llinalg/complex_number/CNumber;Llinalg/complex_number/CNumber;)Llinalg/complex_number/CNumber;" line="258"><counter type="INSTRUCTION" missed="14" covered="0"/><counter type="LINE" missed="1" covered="0"/><counter type="COMPLEXITY" missed="1" covered="0"/><counter type="METHOD" missed="1" covered="0"/></method><method name="multiply" desc="(Llinalg/complex_number/CNumber;Llinalg/complex_number/CNumber;)Llinalg/complex_number/CNumber;" line="270"><counter type="INSTRUCTION" missed="26" covered="0"/><counter type="LINE" missed="1" covered="0"/><counter type="COMPLEXITY" missed="1" covered="0"/><counter type="METHOD" missed="1" covered="0"/></method><method name="divide" desc="(Llinalg/complex_number/CNumber;Llinalg/complex_number/CNumber;)Llinalg/complex_number/CNumber;" line="282"><counter type="INSTRUCTION" missed="74" covered="0"/><counter type="BRANCH" missed="6" covered="0"/><counter type="LINE" missed="7" covered="0"/><counter type="COMPLEXITY" missed="4" covered="0"/><counter type="METHOD" missed="1" covered="0"/></method><method name="abs" desc="(Llinalg/complex_number/CNumber;)Llinalg/complex_number/CNumber;" line="309"><counter type="INSTRUCTION" missed="6" covered="0"/><counter type="LINE" missed="1" covered="0"/><counter type="COMPLEXITY" missed="1" covered="0"/><counter type="METHOD" missed="1" covered="0"/></method><method name="inv" desc="(Llinalg/complex_number/CNumber;)Llinalg/complex_number/CNumber;" line="323"><counter type="INSTRUCTION" missed="4" covered="0"/><counter type="LINE" missed="1" covered="0"/><counter type="COMPLEXITY" missed="1" covered="0"/><counter type="METHOD" missed="1" covered="0"/></method><method name="addInv" desc="(Llinalg/complex_number/CNumber;)Llinalg/complex_number/CNumber;" line="337"><counter type="INSTRUCTION" missed="4" covered="0"/><counter type="LINE" missed="1" covered="0"/><counter type="COMPLEXITY" missed="1" covered="0"/><counter type="METHOD" missed="1" covered="0"/></method><method name="pow" desc="(Llinalg/complex_number/CNumber;I)Llinalg/complex_number/CNumber;" line="355"><counter type="INSTRUCTION" missed="40" covered="0"/><counter type="BRANCH" missed="8" covered="0"/><counter type="LINE" missed="11" covered="0"/><counter type="COMPLEXITY" missed="5" covered="0"/><counter type="METHOD" missed="1" covered="0"/></method><method name="pow" desc="(Llinalg/complex_number/CNumber;Llinalg/complex_number/CNumber;)Llinalg/complex_number/CNumber;" line="387"><counter type="INSTRUCTION" missed="28" covered="0"/><counter type="BRANCH" missed="4" covered="0"/><counter type="LINE" missed="7" covered="0"/><counter type="COMPLEXITY" missed="3" covered="0"/><counter type="METHOD" missed="1" covered="0"/></method><method name="exp" desc="(D)Llinalg/complex_number/CNumber;" line="408"><counter type="INSTRUCTION" missed="2" covered="0"/><counter type="LINE" missed="1" covered="0"/><counter type="COMPLEXITY" missed="1" covered="0"/><counter type="METHOD" missed="1" covered="0"/></method><method name="exp" desc="(Llinalg/complex_number/CNumber;)Llinalg/complex_number/CNumber;" line="419"><counter type="INSTRUCTION" missed="2" covered="0"/><counter type="LINE" missed="1" covered="0"/><counter type="COMPLEXITY" missed="1" covered="0"/><counter type="METHOD" missed="1" covered="0"/></method><method name="sqrt" desc="(Llinalg/complex_number/CNumber;)Llinalg/complex_number/CNumber;" line="435"><counter type="INSTRUCTION" missed="62" covered="0"/><counter type="BRANCH" missed="8" covered="0"/><counter type="LINE" missed="13" covered="0"/><counter type="COMPLEXITY" missed="5" covered="0"/><counter type="METHOD" missed="1" covered="0"/></method><method name="allSqrt" desc="(Llinalg/complex_number/CNumber;)[Llinalg/complex_number/CNumber;" line="468"><counter type="INSTRUCTION" missed="18" covered="0"/><counter type="LINE" missed="4" covered="0"/><counter type="COMPLEXITY" missed="1" covered="0"/><counter type="METHOD" missed="1" covered="0"/></method><method name="sign" desc="(Llinalg/complex_number/CNumber;)Llinalg/complex_number/CNumber;" line="483"><counter type="INSTRUCTION" missed="14" covered="0"/><counter type="BRANCH" missed="2" covered="0"/><counter type="LINE" missed="3" covered="0"/><counter type="COMPLEXITY" missed="2" covered="0"/><counter type="METHOD" missed="1" covered="0"/></method><method name="equals" desc="(Ljava/lang/Object;)Z" line="498"><counter type="INSTRUCTION" missed="0" covered="24"/><counter type="BRANCH" missed="3" covered="3"/><counter type="LINE" missed="0" covered="6"/><counter type="COMPLEXITY" missed="3" covered="1"/><counter type="METHOD" missed="0" covered="1"/></method><method name="equals" desc="(D)Z" line="521"><counter type="INSTRUCTION" missed="16" covered="0"/><counter type="BRANCH" missed="4" covered="0"/><counter type="LINE" missed="4" covered="0"/><counter type="COMPLEXITY" missed="3" covered="0"/><counter type="METHOD" missed="1" covered="0"/></method><method name="round" desc="(Llinalg/complex_number/CNumber;I)Llinalg/complex_number/CNumber;" line="542"><counter type="INSTRUCTION" missed="30" covered="0"/><counter type="BRANCH" missed="2" covered="0"/><counter type="LINE" missed="5" covered="0"/><counter type="COMPLEXITY" missed="2" covered="0"/><counter type="METHOD" missed="1" covered="0"/></method><method name="nearZero" desc="(D)Z" line="564"><counter type="INSTRUCTION" missed="9" covered="0"/><counter type="BRANCH" missed="2" covered="0"/><counter type="LINE" missed="1" covered="0"/><counter type="COMPLEXITY" missed="2" covered="0"/><counter type="METHOD" missed="1" covered="0"/></method><method name="compareTo" desc="(Llinalg/complex_number/CNumber;)I" line="578"><counter type="INSTRUCTION" missed="18" covered="0"/><counter type="BRANCH" missed="4" covered="0"/><counter type="LINE" missed="3" covered="0"/><counter type="COMPLEXITY" missed="3" covered="0"/><counter type="METHOD" missed="1" covered="0"/></method><method name="compareToReal" desc="(Llinalg/complex_number/CNumber;)I" line="594"><counter type="INSTRUCTION" missed="18" covered="0"/><counter type="BRANCH" missed="4" covered="0"/><counter type="LINE" missed="3" covered="0"/><counter type="COMPLEXITY" missed="3" covered="0"/><counter type="METHOD" missed="1" covered="0"/></method><method name="compareToReal" desc="(D)I" line="610"><counter type="INSTRUCTION" missed="7" covered="0"/><counter type="LINE" missed="1" covered="0"/><counter type="COMPLEXITY" missed="1" covered="0"/><counter type="METHOD" missed="1" covered="0"/></method><method name="mag" desc="()D" line="623"><counter type="INSTRUCTION" missed="13" covered="0"/><counter type="LINE" missed="1" covered="0"/><counter type="COMPLEXITY" missed="1" covered="0"/><counter type="METHOD" missed="1" covered="0"/></method><method name="max" desc="([Llinalg/complex_number/CNumber;)Llinalg/complex_number/CNumber;" line="638"><counter type="INSTRUCTION" missed="28" covered="0"/><counter type="BRANCH" missed="4" covered="0"/><counter type="LINE" missed="5" covered="0"/><counter type="COMPLEXITY" missed="3" covered="0"/><counter type="METHOD" missed="1" covered="0"/></method><method name="min" desc="([Llinalg/complex_number/CNumber;)Llinalg/complex_number/CNumber;" line="661"><counter type="INSTRUCTION" missed="28" covered="0"/><counter type="BRANCH" missed="4" covered="0"/><counter type="LINE" missed="5" covered="0"/><counter type="COMPLEXITY" missed="3" covered="0"/><counter type="METHOD" missed="1" covered="0"/></method><method name="getReal" desc="()D" line="677"><counter type="INSTRUCTION" missed="3" covered="0"/><counter type="LINE" missed="1" covered="0"/><counter type="COMPLEXITY" missed="1" covered="0"/><counter type="METHOD" missed="1" covered="0"/></method><method name="getImaginary" desc="()D" line="685"><counter type="INSTRUCTION" missed="3" covered="0"/><counter type="LINE" missed="1" covered="0"/><counter type="COMPLEXITY" missed="1" covered="0"/><counter type="METHOD" missed="1" covered="0"/></method><method name="isReal" desc="()Z" line="695"><counter type="INSTRUCTION" missed="9" covered="0"/><counter type="BRANCH" missed="2" covered="0"/><counter type="LINE" missed="1" covered="0"/><counter type="COMPLEXITY" missed="2" covered="0"/><counter type="METHOD" missed="1" covered="0"/></method><method name="isComplex" desc="()Z" line="705"><counter type="INSTRUCTION" missed="9" covered="0"/><counter type="BRANCH" missed="2" covered="0"/><counter type="LINE" missed="1" covered="0"/><counter type="COMPLEXITY" missed="2" covered="0"/><counter type="METHOD" missed="1" covered="0"/></method><method name="isImaginary" desc="()Z" line="715"><counter type="INSTRUCTION" missed="14" covered="0"/><counter type="BRANCH" missed="4" covered="0"/><counter type="LINE" missed="1" covered="0"/><counter type="COMPLEXITY" missed="3" covered="0"/><counter type="METHOD" missed="1" covered="0"/></method><method name="isInt" desc="()Z" line="725"><counter type="INSTRUCTION" missed="21" covered="0"/><counter type="BRANCH" missed="4" covered="0"/><counter type="LINE" missed="6" covered="0"/><counter type="COMPLEXITY" missed="3" covered="0"/><counter type="METHOD" missed="1" covered="0"/></method><method name="doubleValue" desc="()D" line="742"><counter type="INSTRUCTION" missed="3" covered="0"/><counter type="LINE" missed="1" covered="0"/><counter type="COMPLEXITY" missed="1" covered="0"/><counter type="METHOD" missed="1" covered="0"/></method><method name="floatValue" desc="()F" line="752"><counter type="INSTRUCTION" missed="4" covered="0"/><counter type="LINE" missed="1" covered="0"/><counter type="COMPLEXITY" missed="1" covered="0"/><counter type="METHOD" missed="1" covered="0"/></method><method name="intValue" desc="()I" line="762"><counter type="INSTRUCTION" missed="4" covered="0"/><counter type="LINE" missed="1" covered="0"/><counter type="COMPLEXITY" missed="1" covered="0"/><counter type="METHOD" missed="1" covered="0"/></method><method name="longValue" desc="()J" line="772"><counter type="INSTRUCTION" missed="4" covered="0"/><counter type="LINE" missed="1" covered="0"/><counter type="COMPLEXITY" missed="1" covered="0"/><counter type="METHOD" missed="1" covered="0"/></method><method name="doubleImaginaryValue" desc="()D" line="780"><counter type="INSTRUCTION" missed="3" covered="0"/><counter type="LINE" missed="1" covered="0"/><counter type="COMPLEXITY" missed="1" covered="0"/><counter type="METHOD" missed="1" covered="0"/></method><method name="floatImaginaryValue" desc="()F" line="790"><counter type="INSTRUCTION" missed="4" covered="0"/><counter type="LINE" missed="1" covered="0"/><counter type="COMPLEXITY" missed="1" covered="0"/><counter type="METHOD" missed="1" covered="0"/></method><method name="intImaginaryValue" desc="()I" line="799"><counter type="INSTRUCTION" missed="4" covered="0"/><counter type="LINE" missed="1" covered="0"/><counter type="COMPLEXITY" missed="1" covered="0"/><counter type="METHOD" missed="1" covered="0"/></method><method name="longImaginaryValue" desc="()J" line="809"><counter type="INSTRUCTION" missed="4" covered="0"/><counter type="LINE" missed="1" covered="0"/><counter type="COMPLEXITY" missed="1" covered="0"/><counter type="METHOD" missed="1" covered="0"/></method><method name="length" desc="(Llinalg/complex_number/CNumber;)I" line="818"><counter type="INSTRUCTION" missed="4" covered="0"/><counter type="LINE" missed="1" covered="0"/><counter type="COMPLEXITY" missed="1" covered="0"/><counter type="METHOD" missed="1" covered="0"/></method><method name="toString" desc="()Ljava/lang/String;" line="823"><counter type="INSTRUCTION" missed="97" covered="0"/><counter type="BRANCH" missed="22" covered="0"/><counter type="LINE" missed="22" covered="0"/><counter type="COMPLEXITY" missed="12" covered="0"/><counter type="METHOD" missed="1" covered="0"/></method><method name="&lt;clinit&gt;" desc="()V" line="17"><counter type="INSTRUCTION" missed="0" covered="46"/><counter type="LINE" missed="0" covered="9"/><counter type="COMPLEXITY" missed="0" covered="1"/><counter type="METHOD" missed="0" covered="1"/></method><counter type="INSTRUCTION" missed="893" covered="106"/><counter type="BRANCH" missed="107" covered="3"/><counter type="LINE" missed="160" covered="28"/><counter type="COMPLEXITY" missed="103" covered="5"/><counter type="METHOD" missed="48" covered="5"/><counter type="CLASS" missed="0" covered="1"/></class><sourcefile name="CNumber.java"><line nr="17" mi="0" ci="4" mb="0" cb="0"/><line nr="27" mi="0" ci="5" mb="0" cb="0"/><line nr="32" mi="0" ci="5" mb="0" cb="0"/><line nr="37" mi="0" ci="5" mb="0" cb="0"/><line nr="42" mi="0" ci="5" mb="0" cb="0"/><line nr="47" mi="0" ci="5" mb="0" cb="0"/><line nr="52" mi="0" ci="6" mb="0" cb="0"/><line nr="57" mi="0" ci="5" mb="0" cb="0"/><line nr="62" mi="0" ci="6" mb="0" cb="0"/><line nr="66" mi="2" ci="0" mb="0" cb="0"/><line nr="67" mi="6" ci="0" mb="0" cb="0"/><line nr="68" mi="1" ci="0" mb="0" cb="0"/><line nr="71" mi="0" ci="2" mb="0" cb="0"/><line nr="72" mi="0" ci="3" mb="0" cb="0"/><line nr="73" mi="0" ci="3" mb="0" cb="0"/><line nr="74" mi="0" ci="1" mb="0" cb="0"/><line nr="77" mi="2" ci="0" mb="0" cb="0"/><line nr="78" mi="3" ci="0" mb="0" cb="0"/><line nr="79" mi="3" ci="0" mb="0" cb="0"/><line nr="80" mi="1" ci="0" mb="0" cb="0"/><line nr="83" mi="0" ci="2" mb="0" cb="0"/><line nr="84" mi="0" ci="3" mb="0" cb="0"/><line nr="86" mi="0" ci="5" mb="0" cb="0"/><line nr="87" mi="0" ci="5" mb="0" cb="0"/><line nr="88" mi="0" ci="1" mb="0" cb="0"/><line nr="91" mi="0" ci="2" mb="0" cb="0"/><line nr="92" mi="0" ci="4" mb="0" cb="0"/><line nr="93" mi="0" ci="4" mb="0" cb="0"/><line nr="94" mi="0" ci="1" mb="0" cb="0"/><line nr="106" mi="3" ci="0" mb="0" cb="0"/><line nr="109" mi="2" ci="0" mb="2" cb="0"/><line nr="110" mi="3" ci="0" mb="0" cb="0"/><line nr="111" mi="6" ci="0" mb="0" cb="0"/><line nr="113" mi="5" ci="0" mb="0" cb="0"/><line nr="125" mi="3" ci="0" mb="0" cb="0"/><line nr="134" mi="5" ci="0" mb="0" cb="0"/><line nr="147" mi="4" ci="0" mb="2" cb="0"/><line nr="148" mi="5" ci="0" mb="0" cb="0"/><line nr="152" mi="4" ci="0" mb="0" cb="0"/><line nr="153" mi="9" ci="0" mb="0" cb="0"/><line nr="155" mi="39" ci="0" mb="0" cb="0"/><line nr="160" mi="6" ci="0" mb="0" cb="0"/><line nr="181" mi="4" ci="0" mb="2" cb="0"/><line nr="182" mi="7" ci="0" mb="0" cb="0"/><line nr="185" mi="4" ci="0" mb="2" cb="0"/><line nr="186" mi="7" ci="0" mb="0" cb="0"/><line nr="190" mi="8" ci="0" mb="4" cb="0"/><line nr="191" mi="8" ci="0" mb="4" cb="0"/><line nr="192" mi="7" ci="0" mb="0" cb="0"/><line nr="196" mi="8" ci="0" mb="0" cb="0"/><line nr="197" mi="3" ci="0" mb="0" cb="0"/><line nr="199" mi="11" ci="0" mb="0" cb="0"/><line nr="212" mi="9" ci="0" mb="0" cb="0"/><line nr="224" mi="14" ci="0" mb="0" cb="0"/><line nr="238" mi="6" ci="0" mb="0" cb="0"/><line nr="239" mi="6" ci="0" mb="0" cb="0"/><line nr="241" mi="8" ci="0" mb="2" cb="0"/><line nr="242" mi="7" ci="0" mb="0" cb="0"/><line nr="243" mi="7" ci="0" mb="0" cb="0"/><line nr="246" mi="6" ci="0" mb="0" cb="0"/><line nr="258" mi="14" ci="0" mb="0" cb="0"/><line nr="270" mi="26" ci="0" mb="0" cb="0"/><line nr="282" mi="2" ci="0" mb="0" cb="0"/><line nr="284" mi="8" ci="0" mb="4" cb="0"/><line nr="285" mi="3" ci="0" mb="0" cb="0"/><line nr="286" mi="4" ci="0" mb="2" cb="0"/><line nr="287" mi="5" ci="0" mb="0" cb="0"/><line nr="289" mi="50" ci="0" mb="0" cb="0"/><line nr="295" mi="2" ci="0" mb="0" cb="0"/><line nr="309" mi="6" ci="0" mb="0" cb="0"/><line nr="323" mi="4" ci="0" mb="0" cb="0"/><line nr="337" mi="4" ci="0" mb="0" cb="0"/><line nr="355" mi="2" ci="0" mb="2" cb="0"/><line nr="356" mi="3" ci="0" mb="0" cb="0"/><line nr="357" mi="2" ci="0" mb="2" cb="0"/><line nr="358" mi="2" ci="0" mb="0" cb="0"/><line nr="360" mi="8" ci="0" mb="2" cb="0"/><line nr="361" mi="4" ci="0" mb="0" cb="0"/><line nr="364" mi="2" ci="0" mb="0" cb="0"/><line nr="366" mi="7" ci="0" mb="2" cb="0"/><line nr="367" mi="4" ci="0" mb="0" cb="0"/><line nr="370" mi="4" ci="0" mb="0" cb="0"/><line nr="373" mi="2" ci="0" mb="0" cb="0"/><line nr="387" mi="2" ci="0" mb="0" cb="0"/><line nr="389" mi="3" ci="0" mb="2" cb="0"/><line nr="390" mi="6" ci="0" mb="0" cb="0"/><line nr="391" mi="3" ci="0" mb="2" cb="0"/><line nr="392" mi="6" ci="0" mb="0" cb="0"/><line nr="394" mi="6" ci="0" mb="0" cb="0"/><line nr="397" mi="2" ci="0" mb="0" cb="0"/><line nr="408" mi="2" ci="0" mb="0" cb="0"/><line nr="419" mi="2" ci="0" mb="0" cb="0"/><line nr="435" mi="3" ci="0" mb="2" cb="0"/><line nr="436" mi="4" ci="0" mb="2" cb="0"/><line nr="437" mi="8" ci="0" mb="0" cb="0"/><line nr="439" mi="11" ci="0" mb="0" cb="0"/><line nr="442" mi="6" ci="0" mb="0" cb="0"/><line nr="444" mi="3" ci="0" mb="0" cb="0"/><line nr="445" mi="3" ci="0" mb="0" cb="0"/><line nr="446" mi="1" ci="0" mb="0" cb="0"/><line nr="447" mi="5" ci="0" mb="0" cb="0"/><line nr="448" mi="3" ci="0" mb="0" cb="0"/><line nr="451" mi="7" ci="0" mb="4" cb="0"/><line nr="452" mi="6" ci="0" mb="0" cb="0"/><line nr="456" mi="2" ci="0" mb="0" cb="0"/><line nr="468" mi="3" ci="0" mb="0" cb="0"/><line nr="469" mi="5" ci="0" mb="0" cb="0"/><line nr="470" mi="8" ci="0" mb="0" cb="0"/><line nr="471" mi="2" ci="0" mb="0" cb="0"/><line nr="483" mi="4" ci="0" mb="2" cb="0"/><line nr="484" mi="2" ci="0" mb="0" cb="0"/><line nr="486" mi="8" ci="0" mb="0" cb="0"/><line nr="498" mi="0" ci="2" mb="0" cb="0"/><line nr="500" mi="0" ci="3" mb="1" cb="1"/><line nr="501" mi="0" ci="3" mb="0" cb="0"/><line nr="503" mi="0" ci="12" mb="2" cb="2"/><line nr="504" mi="0" ci="2" mb="0" cb="0"/><line nr="508" mi="0" ci="2" mb="0" cb="0"/><line nr="521" mi="2" ci="0" mb="0" cb="0"/><line nr="523" mi="10" ci="0" mb="4" cb="0"/><line nr="524" mi="2" ci="0" mb="0" cb="0"/><line nr="527" mi="2" ci="0" mb="0" cb="0"/><line nr="542" mi="2" ci="0" mb="2" cb="0"/><line nr="543" mi="6" ci="0" mb="0" cb="0"/><line nr="547" mi="8" ci="0" mb="0" cb="0"/><line nr="548" mi="8" ci="0" mb="0" cb="0"/><line nr="550" mi="6" ci="0" mb="0" cb="0"/><line nr="564" mi="9" ci="0" mb="2" cb="0"/><line nr="578" mi="8" ci="0" mb="2" cb="0"/><line nr="579" mi="8" ci="0" mb="2" cb="0"/><line nr="580" mi="2" ci="0" mb="0" cb="0"/><line nr="594" mi="8" ci="0" mb="2" cb="0"/><line nr="595" mi="8" ci="0" mb="2" cb="0"/><line nr="596" mi="2" ci="0" mb="0" cb="0"/><line nr="610" mi="7" ci="0" mb="0" cb="0"/><line nr="623" mi="13" ci="0" mb="0" cb="0"/><line nr="638" mi="2" ci="0" mb="0" cb="0"/><line nr="640" mi="16" ci="0" mb="2" cb="0"/><line nr="641" mi="6" ci="0" mb="2" cb="0"/><line nr="642" mi="2" ci="0" mb="0" cb="0"/><line nr="646" mi="2" ci="0" mb="0" cb="0"/><line nr="661" mi="2" ci="0" mb="0" cb="0"/><line nr="663" mi="16" ci="0" mb="2" cb="0"/><line nr="664" mi="6" ci="0" mb="2" cb="0"/><line nr="665" mi="2" ci="0" mb="0" cb="0"/><line nr="669" mi="2" ci="0" mb="0" cb="0"/><line nr="677" mi="3" ci="0" mb="0" cb="0"/><line nr="685" mi="3" ci="0" mb="0" cb="0"/><line nr="695" mi="9" ci="0" mb="2" cb="0"/><line nr="705" mi="9" ci="0" mb="2" cb="0"/><line nr="715" mi="14" ci="0" mb="4" cb="0"/><line nr="725" mi="2" ci="0" mb="0" cb="0"/><line nr="727" mi="3" ci="0" mb="2" cb="0"/><line nr="728" mi="3" ci="0" mb="0" cb="0"/><line nr="729" mi="9" ci="0" mb="2" cb="0"/><line nr="731" mi="2" ci="0" mb="0" cb="0"/><line nr="734" mi="2" ci="0" mb="0" cb="0"/><line nr="742" mi="3" ci="0" mb="0" cb="0"/><line nr="752" mi="4" ci="0" mb="0" cb="0"/><line nr="762" mi="4" ci="0" mb="0" cb="0"/><line nr="772" mi="4" ci="0" mb="0" cb="0"/><line nr="780" mi="3" ci="0" mb="0" cb="0"/><line nr="790" mi="4" ci="0" mb="0" cb="0"/><line nr="799" mi="4" ci="0" mb="0" cb="0"/><line nr="809" mi="4" ci="0" mb="0" cb="0"/><line nr="818" mi="4" ci="0" mb="0" cb="0"/><line nr="823" mi="2" ci="0" mb="0" cb="0"/><line nr="825" mi="6" ci="0" mb="0" cb="0"/><line nr="827" mi="4" ci="0" mb="2" cb="0"/><line nr="828" mi="6" ci="0" mb="2" cb="0"/><line nr="829" mi="6" ci="0" mb="0" cb="0"/><line nr="831" mi="4" ci="0" mb="0" cb="0"/><line nr="835" mi="4" ci="0" mb="2" cb="0"/><line nr="836" mi="8" ci="0" mb="4" cb="0"/><line nr="837" mi="3" ci="0" mb="0" cb="0"/><line nr="838" mi="4" ci="0" mb="0" cb="0"/><line nr="839" mi="4" ci="0" mb="2" cb="0"/><line nr="840" mi="3" ci="0" mb="0" cb="0"/><line nr="843" mi="6" ci="0" mb="2" cb="0"/><line nr="844" mi="4" ci="0" mb="2" cb="0"/><line nr="845" mi="4" ci="0" mb="2" cb="0"/><line nr="846" mi="4" ci="0" mb="0" cb="0"/><line nr="848" mi="6" ci="0" mb="0" cb="0"/><line nr="852" mi="4" ci="0" mb="0" cb="0"/><line nr="855" mi="3" ci="0" mb="0" cb="0"/><line nr="858" mi="8" ci="0" mb="4" cb="0"/><line nr="859" mi="2" ci="0" mb="0" cb="0"/><line nr="862" mi="2" ci="0" mb="0" cb="0"/><counter type="INSTRUCTION" missed="893" covered="106"/><counter type="BRANCH" missed="107" covered="3"/><counter type="LINE" missed="160" covered="28"/><counter type="COMPLEXITY" missed="103" covered="5"/><counter type="METHOD" missed="48" covered="5"/><counter type="CLASS" missed="0" covered="1"/></sourcefile><counter type="INSTRUCTION" missed="893" covered="106"/><counter type="BRANCH" missed="107" covered="3"/><counter type="LINE" missed="160" covered="28"/><counter type="COMPLEXITY" missed="103" covered="5"/><counter type="METHOD" missed="48" covered="5"/><counter type="CLASS" missed="0" covered="1"/></package><package name="linalg/util"><class name="linalg/util/StringUtils" sourcefilename="StringUtils.java"><method name="&lt;init&gt;" desc="()V" line="4"><counter type="INSTRUCTION" missed="7" covered="0"/><counter type="LINE" missed="2" covered="0"/><counter type="COMPLEXITY" missed="1" covered="0"/><counter type="METHOD" missed="1" covered="0"/></method><method name="center" desc="(Ljava/lang/String;I)Ljava/lang/String;" line="9"><counter type="INSTRUCTION" missed="0" covered="5"/><counter type="LINE" missed="0" covered="1"/><counter type="COMPLEXITY" missed="0" covered="1"/><counter type="METHOD" missed="0" covered="1"/></method><method name="center" desc="(Ljava/lang/String;IC)Ljava/lang/String;" line="13"><counter type="INSTRUCTION" missed="2" covered="43"/><counter type="BRANCH" missed="2" covered="6"/><counter type="LINE" missed="1" covered="8"/><counter type="COMPLEXITY" missed="2" covered="3"/><counter type="METHOD" missed="0" covered="1"/></method><counter type="INSTRUCTION" missed="9" covered="48"/><counter type="BRANCH" missed="2" covered="6"/><counter type="LINE" missed="3" covered="9"/><counter type="COMPLEXITY" missed="3" covered="4"/><counter type="METHOD" missed="1" covered="2"/><counter type="CLASS" missed="0" covered="1"/></class><class name="linalg/util/Token" sourcefilename="Token.java"><method name="&lt;init&gt;" desc="(Ljava/lang/String;Ljava/lang/String;)V" line="16"><counter type="INSTRUCTION" missed="0" covered="9"/><counter type="LINE" missed="0" covered="3"/><counter type="COMPLEXITY" missed="0" covered="1"/><counter type="METHOD" missed="0" covered="1"/></method><method name="isKind" desc="(Ljava/lang/String;)Z" line="28"><counter type="INSTRUCTION" missed="0" covered="5"/><counter type="LINE" missed="0" covered="1"/><counter type="COMPLEXITY" missed="0" covered="1"/><counter type="METHOD" missed="0" covered="1"/></method><method name="getKind" desc="()Ljava/lang/String;" line="36"><counter type="INSTRUCTION" missed="3" covered="0"/><counter type="LINE" missed="1" covered="0"/><counter type="COMPLEXITY" missed="1" covered="0"/><counter type="METHOD" missed="1" covered="0"/></method><method name="getDetails" desc="()Ljava/lang/String;" line="43"><counter type="INSTRUCTION" missed="0" covered="3"/><counter type="LINE" missed="0" covered="1"/><counter type="COMPLEXITY" missed="0" covered="1"/><counter type="METHOD" missed="0" covered="1"/></method><method name="matches" desc="(Ljava/lang/String;Ljava/lang/String;)Z" line="54"><counter type="INSTRUCTION" missed="0" covered="14"/><counter type="BRANCH" missed="1" covered="3"/><counter type="LINE" missed="0" covered="1"/><counter type="COMPLEXITY" missed="1" covered="2"/><counter type="METHOD" missed="0" covered="1"/></method><method name="errorCheck" desc="(Ljava/lang/String;Ljava/lang/String;)V" line="65"><counter type="INSTRUCTION" missed="8" covered="6"/><counter type="BRANCH" missed="1" covered="1"/><counter type="LINE" missed="2" covered="2"/><counter type="COMPLEXITY" missed="1" covered="1"/><counter type="METHOD" missed="0" covered="1"/></method><method name="errorCheck" desc="(Ljava/lang/String;)V" line="78"><counter type="INSTRUCTION" missed="7" covered="6"/><counter type="BRANCH" missed="1" covered="1"/><counter type="LINE" missed="2" covered="2"/><counter type="COMPLEXITY" missed="1" covered="1"/><counter type="METHOD" missed="0" covered="1"/></method><method name="toString" desc="()Ljava/lang/String;" line="90"><counter type="INSTRUCTION" missed="6" covered="0"/><counter type="LINE" missed="1" covered="0"/><counter type="COMPLEXITY" missed="1" covered="0"/><counter type="METHOD" missed="1" covered="0"/></method><counter type="INSTRUCTION" missed="24" covered="43"/><counter type="BRANCH" missed="3" covered="5"/><counter type="LINE" missed="6" covered="10"/><counter type="COMPLEXITY" missed="5" covered="7"/><counter type="METHOD" missed="2" covered="6"/><counter type="CLASS" missed="0" covered="1"/></class><class name="linalg/util/ShapeLexer" sourcefilename="ShapeLexer.java"><method name="&lt;init&gt;" desc="(Ljava/lang/String;)V" line="10"><counter type="INSTRUCTION" missed="6" covered="0"/><counter type="LINE" missed="3" covered="0"/><counter type="COMPLEXITY" missed="1" covered="0"/><counter type="METHOD" missed="1" covered="0"/></method><method name="getContent" desc="()Ljava/lang/String;" line="18"><counter type="INSTRUCTION" missed="3" covered="0"/><counter type="LINE" missed="1" covered="0"/><counter type="COMPLEXITY" missed="1" covered="0"/><counter type="METHOD" missed="1" covered="0"/></method><method name="getNextToken" desc="()Llinalg/util/Token;" line="29"><counter type="INSTRUCTION" missed="120" covered="0"/><counter type="BRANCH" missed="30" covered="0"/><counter type="LINE" missed="33" covered="0"/><counter type="COMPLEXITY" missed="16" covered="0"/><counter type="METHOD" missed="1" covered="0"/></method><counter type="INSTRUCTION" missed="129" covered="0"/><counter type="BRANCH" missed="30" covered="0"/><counter type="LINE" missed="37" covered="0"/><counter type="COMPLEXITY" missed="18" covered="0"/><counter type="METHOD" missed="3" covered="0"/><counter type="CLASS" missed="1" covered="0"/></class><class name="linalg/util/LinAlgArrayUtils" sourcefilename="LinAlgArrayUtils.java"><method name="&lt;init&gt;" desc="()V" line="13"><counter type="INSTRUCTION" missed="7" covered="0"/><counter type="LINE" missed="2" covered="0"/><counter type="COMPLEXITY" missed="1" covered="0"/><counter type="METHOD" missed="1" covered="0"/></method><method name="random" desc="(IIDD[Z)[[Llinalg/complex_number/CNumber;" line="21"><counter type="INSTRUCTION" missed="47" covered="0"/><counter type="BRANCH" missed="6" covered="0"/><counter type="LINE" missed="8" covered="0"/><counter type="COMPLEXITY" missed="4" covered="0"/><counter type="METHOD" missed="1" covered="0"/></method><method name="random" desc="(II)[[Llinalg/complex_number/CNumber;" line="40"><counter type="INSTRUCTION" missed="8" covered="0"/><counter type="LINE" missed="1" covered="0"/><counter type="COMPLEXITY" missed="1" covered="0"/><counter type="METHOD" missed="1" covered="0"/></method><method name="random" desc="(IID)[[Llinalg/complex_number/CNumber;" line="45"><counter type="INSTRUCTION" missed="27" covered="0"/><counter type="BRANCH" missed="4" covered="0"/><counter type="LINE" missed="5" covered="0"/><counter type="COMPLEXITY" missed="3" covered="0"/><counter type="METHOD" missed="1" covered="0"/></method><method name="randomComplex" desc="(II)[[Llinalg/complex_number/CNumber;" line="58"><counter type="INSTRUCTION" missed="27" covered="0"/><counter type="BRANCH" missed="4" covered="0"/><counter type="LINE" missed="5" covered="0"/><counter type="COMPLEXITY" missed="3" covered="0"/><counter type="METHOD" missed="1" covered="0"/></method><method name="randn" desc="(IIZ)[[Llinalg/complex_number/CNumber;" line="71"><counter type="INSTRUCTION" missed="27" covered="0"/><counter type="BRANCH" missed="4" covered="0"/><counter type="LINE" missed="5" covered="0"/><counter type="COMPLEXITY" missed="3" covered="0"/><counter type="METHOD" missed="1" covered="0"/></method><method name="printArr" desc="([[Llinalg/complex_number/CNumber;)V" line="84"><counter type="INSTRUCTION" missed="29" covered="0"/><counter type="BRANCH" missed="4" covered="0"/><counter type="LINE" missed="5" covered="0"/><counter type="COMPLEXITY" missed="3" covered="0"/><counter type="METHOD" missed="1" covered="0"/></method><method name="printArr" desc="([Llinalg/complex_number/CNumber;)V" line="94"><counter type="INSTRUCTION" missed="15" covered="0"/><counter type="BRANCH" missed="2" covered="0"/><counter type="LINE" missed="3" covered="0"/><counter type="COMPLEXITY" missed="2" covered="0"/><counter type="METHOD" missed="1" covered="0"/></method><method name="getDims" desc="([[Llinalg/complex_number/CNumber;)Ljava/lang/String;" line="101"><counter type="INSTRUCTION" missed="8" covered="0"/><counter type="LINE" missed="1" covered="0"/><counter type="COMPLEXITY" missed="1" covered="0"/><counter type="METHOD" missed="1" covered="0"/></method><method name="zeros" desc="(II)[[Llinalg/complex_number/CNumber;" line="106"><counter type="INSTRUCTION" missed="0" covered="29"/><counter type="BRANCH" missed="0" covered="4"/><counter type="LINE" missed="0" covered="5"/><counter type="COMPLEXITY" missed="0" covered="3"/><counter type="METHOD" missed="0" covered="1"/></method><method name="abs" desc="([Llinalg/complex_number/CNumber;)[Llinalg/complex_number/CNumber;" line="119"><counter type="INSTRUCTION" missed="17" covered="0"/><counter type="BRANCH" missed="2" covered="0"/><counter type="LINE" missed="3" covered="0"/><counter type="COMPLEXITY" missed="2" covered="0"/><counter type="METHOD" missed="1" covered="0"/></method><method name="flatten" desc="([[Llinalg/complex_number/CNumber;)[Llinalg/complex_number/CNumber;" line="128"><counter type="INSTRUCTION" missed="40" covered="0"/><counter type="BRANCH" missed="4" covered="0"/><counter type="LINE" missed="7" covered="0"/><counter type="COMPLEXITY" missed="3" covered="0"/><counter type="METHOD" missed="1" covered="0"/></method><method name="getSection" desc="([[Llinalg/complex_number/CNumber;IIII)[[Llinalg/complex_number/CNumber;" line="144"><counter type="INSTRUCTION" missed="42" covered="0"/><counter type="BRANCH" missed="4" covered="0"/><counter type="LINE" missed="5" covered="0"/><counter type="COMPLEXITY" missed="3" covered="0"/><counter type="METHOD" missed="1" covered="0"/></method><method name="contains" desc="([II)Z" line="157"><counter type="INSTRUCTION" missed="26" covered="0"/><counter type="BRANCH" missed="4" covered="0"/><counter type="LINE" missed="6" covered="0"/><counter type="COMPLEXITY" missed="3" covered="0"/><counter type="METHOD" missed="1" covered="0"/></method><method name="extend2D" desc="([Llinalg/complex_number/CNumber;I)[[Llinalg/complex_number/CNumber;" line="189"><counter type="INSTRUCTION" missed="45" covered="0"/><counter type="BRANCH" missed="6" covered="0"/><counter type="LINE" missed="9" covered="0"/><counter type="COMPLEXITY" missed="4" covered="0"/><counter type="METHOD" missed="1" covered="0"/></method><method name="extend2D" desc="([DI)[[Llinalg/complex_number/CNumber;" line="226"><counter type="INSTRUCTION" missed="63" covered="0"/><counter type="BRANCH" missed="8" covered="0"/><counter type="LINE" missed="10" covered="0"/><counter type="COMPLEXITY" missed="5" covered="0"/><counter type="METHOD" missed="1" covered="0"/></method><method name="extend2D" desc="([II)[[Llinalg/complex_number/CNumber;" line="265"><counter type="INSTRUCTION" missed="65" covered="0"/><counter type="BRANCH" missed="8" covered="0"/><counter type="LINE" missed="10" covered="0"/><counter type="COMPLEXITY" missed="5" covered="0"/><counter type="METHOD" missed="1" covered="0"/></method><method name="norm" desc="([Llinalg/complex_number/CNumber;)Llinalg/complex_number/CNumber;" line="291"><counter type="INSTRUCTION" missed="26" covered="0"/><counter type="BRANCH" missed="2" covered="0"/><counter type="LINE" missed="4" covered="0"/><counter type="COMPLEXITY" missed="2" covered="0"/><counter type="METHOD" missed="1" covered="0"/></method><method name="group" desc="([Llinalg/complex_number/CNumber;)[Llinalg/complex_number/CNumber;" line="304"><counter type="INSTRUCTION" missed="54" covered="0"/><counter type="BRANCH" missed="6" covered="0"/><counter type="LINE" missed="8" covered="0"/><counter type="COMPLEXITY" missed="4" covered="0"/><counter type="METHOD" missed="1" covered="0"/></method><counter type="INSTRUCTION" missed="573" covered="29"/><counter type="BRANCH" missed="68" covered="4"/><counter type="LINE" missed="97" covered="5"/><counter type="COMPLEXITY" missed="52" covered="3"/><counter type="METHOD" missed="18" covered="1"/><counter type="CLASS" missed="0" covered="1"/></class><class name="linalg/util/NumberLexer" sourcefilename="NumberLexer.java"><method name="&lt;init&gt;" desc="(Ljava/lang/String;)V" line="22"><counter type="INSTRUCTION" missed="0" covered="6"/><counter type="LINE" missed="0" covered="3"/><counter type="COMPLEXITY" missed="0" covered="1"/><counter type="METHOD" missed="0" covered="1"/></method><method name="getNextToken" desc="()Llinalg/util/Token;" line="35"><counter type="INSTRUCTION" missed="113" covered="136"/><counter type="BRANCH" missed="31" covered="29"/><counter type="LINE" missed="29" covered="36"/><counter type="COMPLEXITY" missed="22" covered="9"/><counter type="METHOD" missed="0" covered="1"/></method><counter type="INSTRUCTION" missed="113" covered="142"/><counter type="BRANCH" missed="31" covered="29"/><counter type="LINE" missed="29" covered="39"/><counter type="COMPLEXITY" missed="22" covered="10"/><counter type="METHOD" missed="0" covered="2"/><counter type="CLASS" missed="0" covered="1"/></class><class name="linalg/util/ExampleMatrices" sourcefilename="ExampleMatrices.java"><method name="&lt;init&gt;" desc="()V" line="27"><counter type="INSTRUCTION" missed="7" covered="0"/><counter type="LINE" missed="2" covered="0"/><counter type="COMPLEXITY" missed="1" covered="0"/><counter type="METHOD" missed="1" covered="0"/></method><method name="&lt;clinit&gt;" desc="()V" line="31"><counter type="INSTRUCTION" missed="893" covered="0"/><counter type="LINE" missed="17" covered="0"/><counter type="COMPLEXITY" missed="1" covered="0"/><counter type="METHOD" missed="1" covered="0"/></method><counter type="INSTRUCTION" missed="900" covered="0"/><counter type="LINE" missed="19" covered="0"/><counter type="COMPLEXITY" missed="2" covered="0"/><counter type="METHOD" missed="2" covered="0"/><counter type="CLASS" missed="1" covered="0"/></class><class name="linalg/util/Parser" sourcefilename="Parser.java"><method name="&lt;init&gt;" desc="()V" line="7"><counter type="INSTRUCTION" missed="3" covered="0"/><counter type="LINE" missed="1" covered="0"/><counter type="COMPLEXITY" missed="1" covered="0"/><counter type="METHOD" missed="1" covered="0"/></method><method name="parseShape" desc="(Ljava/lang/String;)[I" line="16"><counter type="INSTRUCTION" missed="40" covered="0"/><counter type="LINE" missed="11" covered="0"/><counter type="COMPLEXITY" missed="1" covered="0"/><counter type="METHOD" missed="1" covered="0"/></method><method name="parseNumber" desc="(Ljava/lang/String;)[D" line="46"><counter type="INSTRUCTION" missed="85" covered="90"/><counter type="BRANCH" missed="11" covered="7"/><counter type="LINE" missed="17" covered="23"/><counter type="COMPLEXITY" missed="8" covered="2"/><counter type="METHOD" missed="0" covered="1"/></method><counter type="INSTRUCTION" missed="128" covered="90"/><counter type="BRANCH" missed="11" covered="7"/><counter type="LINE" missed="29" covered="23"/><counter type="COMPLEXITY" missed="10" covered="2"/><counter type="METHOD" missed="2" covered="1"/><counter type="CLASS" missed="0" covered="1"/></class><class name="linalg/util/FileManager" sourcefilename="FileManager.java"><method name="&lt;init&gt;" desc="()V" line="21"><counter type="INSTRUCTION" missed="7" covered="0"/><counter type="LINE" missed="2" covered="0"/><counter type="COMPLEXITY" missed="1" covered="0"/><counter type="METHOD" missed="1" covered="0"/></method><method name="readcsv" desc="(Ljava/lang/String;)Llinalg/Matrix;" line="33"><counter type="INSTRUCTION" missed="118" covered="0"/><counter type="BRANCH" missed="8" covered="0"/><counter type="LINE" missed="27" covered="0"/><counter type="COMPLEXITY" missed="5" covered="0"/><counter type="METHOD" missed="1" covered="0"/></method><method name="write2csv" desc="(Llinalg/Matrix;Ljava/lang/String;)V" line="85"><counter type="INSTRUCTION" missed="68" covered="0"/><counter type="BRANCH" missed="8" covered="0"/><counter type="LINE" missed="15" covered="0"/><counter type="COMPLEXITY" missed="5" covered="0"/><counter type="METHOD" missed="1" covered="0"/></method><method name="main" desc="([Ljava/lang/String;)V" line="113"><counter type="INSTRUCTION" missed="54" covered="0"/><counter type="LINE" missed="5" covered="0"/><counter type="COMPLEXITY" missed="1" covered="0"/><counter type="METHOD" missed="1" covered="0"/></method><counter type="INSTRUCTION" missed="247" covered="0"/><counter type="BRANCH" missed="16" covered="0"/><counter type="LINE" missed="49" covered="0"/><counter type="COMPLEXITY" missed="12" covered="0"/><counter type="METHOD" missed="4" covered="0"/><counter type="CLASS" missed="1" covered="0"/></class><class name="linalg/util/Lexer" sourcefilename="Lexer.java"><method name="&lt;init&gt;" desc="()V" line="6"><counter type="INSTRUCTION" missed="0" covered="6"/><counter type="LINE" missed="0" covered="2"/><counter type="COMPLEXITY" missed="0" covered="1"/><counter type="METHOD" missed="0" covered="1"/></method><method name="getContent" desc="()Ljava/lang/String;" line="14"><counter type="INSTRUCTION" missed="3" covered="0"/><counter type="LINE" missed="1" covered="0"/><counter type="COMPLEXITY" missed="1" covered="0"/><counter type="METHOD" missed="1" covered="0"/></method><method name="digit" desc="(I)Z" line="22"><counter type="INSTRUCTION" missed="0" covered="10"/><counter type="BRANCH" missed="0" covered="4"/><counter type="LINE" missed="0" covered="1"/><counter type="COMPLEXITY" missed="0" covered="3"/><counter type="METHOD" missed="0" covered="1"/></method><method name="getNextSymbol" desc="()I" line="33"><counter type="INSTRUCTION" missed="0" covered="22"/><counter type="BRANCH" missed="0" covered="2"/><counter type="LINE" missed="0" covered="5"/><counter type="COMPLEXITY" missed="0" covered="2"/><counter type="METHOD" missed="0" covered="1"/></method><method name="putBackSymbol" desc="(I)V" line="53"><counter type="INSTRUCTION" missed="4" covered="11"/><counter type="BRANCH" missed="1" covered="1"/><counter type="LINE" missed="1" covered="3"/><counter type="COMPLEXITY" missed="1" covered="1"/><counter type="METHOD" missed="0" covered="1"/></method><method name="error" desc="(Ljava/lang/String;)V" line="69"><counter type="INSTRUCTION" missed="6" covered="0"/><counter type="LINE" missed="3" covered="0"/><counter type="COMPLEXITY" missed="1" covered="0"/><counter type="METHOD" missed="1" covered="0"/></method><counter type="INSTRUCTION" missed="13" covered="49"/><counter type="BRANCH" missed="1" covered="7"/><counter type="LINE" missed="5" covered="11"/><counter type="COMPLEXITY" missed="3" covered="7"/><counter type="METHOD" missed="2" covered="4"/><counter type="CLASS" missed="0" covered="1"/></class><sourcefile name="FileManager.java"><line nr="21" mi="2" ci="0" mb="0" cb="0"/><line nr="22" mi="5" ci="0" mb="0" cb="0"/><line nr="33" mi="11" ci="0" mb="2" cb="0"/><line nr="34" mi="5" ci="0" mb="0" cb="0"/><line nr="37" mi="5" ci="0" mb="0" cb="0"/><line nr="40" mi="4" ci="0" mb="0" cb="0"/><line nr="44" mi="5" ci="0" mb="0" cb="0"/><line nr="46" mi="3" ci="0" mb="2" cb="0"/><line nr="47" mi="3" ci="0" mb="0" cb="0"/><line nr="48" mi="4" ci="0" mb="0" cb="0"/><line nr="50" mi="5" ci="0" mb="0" cb="0"/><line nr="51" mi="1" ci="0" mb="0" cb="0"/><line nr="53" mi="2" ci="0" mb="0" cb="0"/><line nr="54" mi="1" ci="0" mb="0" cb="0"/><line nr="55" mi="4" ci="0" mb="0" cb="0"/><line nr="56" mi="1" ci="0" mb="0" cb="0"/><line nr="58" mi="5" ci="0" mb="0" cb="0"/><line nr="59" mi="8" ci="0" mb="0" cb="0"/><line nr="61" mi="9" ci="0" mb="0" cb="0"/><line nr="63" mi="2" ci="0" mb="0" cb="0"/><line nr="64" mi="10" ci="0" mb="2" cb="0"/><line nr="65" mi="2" ci="0" mb="0" cb="0"/><line nr="67" mi="10" ci="0" mb="2" cb="0"/><line nr="68" mi="9" ci="0" mb="0" cb="0"/><line nr="69" mi="1" ci="0" mb="0" cb="0"/><line nr="70" mi="1" ci="0" mb="0" cb="0"/><line nr="71" mi="1" ci="0" mb="0" cb="0"/><line nr="72" mi="1" ci="0" mb="0" cb="0"/><line nr="74" mi="5" ci="0" mb="0" cb="0"/><line nr="85" mi="11" ci="0" mb="2" cb="0"/><line nr="86" mi="5" ci="0" mb="0" cb="0"/><line nr="89" mi="2" ci="0" mb="0" cb="0"/><line nr="91" mi="8" ci="0" mb="2" cb="0"/><line nr="92" mi="8" ci="0" mb="2" cb="0"/><line nr="93" mi="7" ci="0" mb="0" cb="0"/><line nr="95" mi="6" ci="0" mb="2" cb="0"/><line nr="96" mi="3" ci="0" mb="0" cb="0"/><line nr="100" mi="3" ci="0" mb="0" cb="0"/><line nr="103" mi="5" ci="0" mb="0" cb="0"/><line nr="104" mi="3" ci="0" mb="0" cb="0"/><line nr="105" mi="1" ci="0" mb="0" cb="0"/><line nr="106" mi="4" ci="0" mb="0" cb="0"/><line nr="107" mi="1" ci="0" mb="0" cb="0"/><line nr="108" mi="1" ci="0" mb="0" cb="0"/><line nr="113" mi="37" ci="0" mb="0" cb="0"/><line nr="115" mi="5" ci="0" mb="0" cb="0"/><line nr="117" mi="3" ci="0" mb="0" cb="0"/><line nr="118" mi="8" ci="0" mb="0" cb="0"/><line nr="119" mi="1" ci="0" mb="0" cb="0"/><counter type="INSTRUCTION" missed="247" covered="0"/><counter type="BRANCH" missed="16" covered="0"/><counter type="LINE" missed="49" covered="0"/><counter type="COMPLEXITY" missed="12" covered="0"/><counter type="METHOD" missed="4" covered="0"/><counter type="CLASS" missed="1" covered="0"/></sourcefile><sourcefile name="Parser.java"><line nr="7" mi="3" ci="0" mb="0" cb="0"/><line nr="16" mi="3" ci="0" mb="0" cb="0"/><line nr="18" mi="5" ci="0" mb="0" cb="0"/><line nr="20" mi="3" ci="0" mb="0" cb="0"/><line nr="21" mi="3" ci="0" mb="0" cb="0"/><line nr="23" mi="3" ci="0" mb="0" cb="0"/><line nr="24" mi="3" ci="0" mb="0" cb="0"/><line nr="26" mi="3" ci="0" mb="0" cb="0"/><line nr="27" mi="3" ci="0" mb="0" cb="0"/><line nr="29" mi="6" ci="0" mb="0" cb="0"/><line nr="30" mi="6" ci="0" mb="0" cb="0"/><line nr="32" mi="2" ci="0" mb="0" cb="0"/><line nr="46" mi="0" ci="3" mb="0" cb="0"/><line nr="48" mi="0" ci="5" mb="0" cb="0"/><line nr="55" mi="0" ci="3" mb="0" cb="0"/><line nr="56" mi="0" ci="5" mb="0" cb="2"/><line nr="57" mi="0" ci="4" mb="0" cb="0"/><line nr="58" mi="0" ci="5" mb="0" cb="0"/><line nr="61" mi="0" ci="2" mb="0" cb="0"/><line nr="62" mi="0" ci="3" mb="0" cb="0"/><line nr="64" mi="0" ci="5" mb="1" cb="1"/><line nr="65" mi="6" ci="0" mb="0" cb="0"/><line nr="66" mi="5" ci="0" mb="0" cb="0"/><line nr="68" mi="0" ci="5" mb="1" cb="1"/><line nr="69" mi="2" ci="0" mb="0" cb="0"/><line nr="70" mi="4" ci="0" mb="0" cb="0"/><line nr="72" mi="3" ci="0" mb="0" cb="0"/><line nr="73" mi="4" ci="0" mb="0" cb="0"/><line nr="75" mi="5" ci="0" mb="2" cb="0"/><line nr="76" mi="5" ci="0" mb="0" cb="0"/><line nr="79" mi="7" ci="0" mb="0" cb="0"/><line nr="83" mi="0" ci="2" mb="0" cb="0"/><line nr="85" mi="4" ci="4" mb="3" cb="1"/><line nr="86" mi="3" ci="0" mb="0" cb="0"/><line nr="89" mi="0" ci="3" mb="0" cb="0"/><line nr="92" mi="0" ci="5" mb="1" cb="1"/><line nr="93" mi="3" ci="0" mb="0" cb="0"/><line nr="94" mi="4" ci="0" mb="0" cb="0"/><line nr="96" mi="6" ci="0" mb="0" cb="0"/><line nr="97" mi="4" ci="0" mb="0" cb="0"/><line nr="99" mi="5" ci="0" mb="2" cb="0"/><line nr="100" mi="8" ci="0" mb="0" cb="0"/><line nr="104" mi="0" ci="3" mb="0" cb="0"/><line nr="106" mi="0" ci="3" mb="0" cb="0"/><line nr="107" mi="0" ci="4" mb="0" cb="0"/><line nr="109" mi="0" ci="3" mb="0" cb="0"/><line nr="110" mi="0" ci="4" mb="0" cb="0"/><line nr="112" mi="0" ci="6" mb="0" cb="0"/><line nr="113" mi="0" ci="6" mb="0" cb="0"/><line nr="115" mi="0" ci="5" mb="1" cb="1"/><line nr="116" mi="7" ci="0" mb="0" cb="0"/><line nr="122" mi="0" ci="2" mb="0" cb="0"/><counter type="INSTRUCTION" missed="128" covered="90"/><counter type="BRANCH" missed="11" covered="7"/><counter type="LINE" missed="29" covered="23"/><counter type="COMPLEXITY" missed="10" covered="2"/><counter type="METHOD" missed="2" covered="1"/><counter type="CLASS" missed="0" covered="1"/></sourcefile><sourcefile name="ShapeLexer.java"><line nr="10" mi="2" ci="0" mb="0" cb="0"/><line nr="11" mi="3" ci="0" mb="0" cb="0"/><line nr="12" mi="1" ci="0" mb="0" cb="0"/><line nr="18" mi="3" ci="0" mb="0" cb="0"/><line nr="29" mi="2" ci="0" mb="0" cb="0"/><line nr="30" mi="2" ci="0" mb="0" cb="0"/><line nr="31" mi="2" ci="0" mb="0" cb="0"/><line nr="36" mi="3" ci="0" mb="0" cb="0"/><line nr="38" mi="3" ci="0" mb="2" cb="0"/><line nr="39" mi="12" ci="0" mb="8" cb="0"/><line nr="41" mi="3" ci="0" mb="0" cb="0"/><line nr="43" mi="4" ci="0" mb="2" cb="0"/><line nr="44" mi="2" ci="0" mb="0" cb="0"/><line nr="45" mi="6" ci="0" mb="0" cb="0"/><line nr="47" mi="6" ci="0" mb="4" cb="0"/><line nr="48" mi="2" ci="0" mb="0" cb="0"/><line nr="49" mi="2" ci="0" mb="0" cb="0"/><line nr="50" mi="4" ci="0" mb="0" cb="0"/><line nr="52" mi="3" ci="0" mb="2" cb="0"/><line nr="53" mi="2" ci="0" mb="0" cb="0"/><line nr="54" mi="3" ci="0" mb="0" cb="0"/><line nr="57" mi="5" ci="0" mb="0" cb="0"/><line nr="60" mi="3" ci="0" mb="2" cb="0"/><line nr="61" mi="4" ci="0" mb="2" cb="0"/><line nr="62" mi="2" ci="0" mb="0" cb="0"/><line nr="63" mi="6" ci="0" mb="0" cb="0"/><line nr="66" mi="3" ci="0" mb="0" cb="0"/><line nr="67" mi="2" ci="0" mb="0" cb="0"/><line nr="71" mi="2" ci="0" mb="2" cb="0"/><line nr="73" mi="3" ci="0" mb="2" cb="0"/><line nr="74" mi="6" ci="0" mb="0" cb="0"/><line nr="76" mi="3" ci="0" mb="2" cb="0"/><line nr="77" mi="6" ci="0" mb="0" cb="0"/><line nr="79" mi="3" ci="0" mb="2" cb="0"/><line nr="80" mi="6" ci="0" mb="0" cb="0"/><line nr="83" mi="3" ci="0" mb="0" cb="0"/><line nr="84" mi="2" ci="0" mb="0" cb="0"/><counter type="INSTRUCTION" missed="129" covered="0"/><counter type="BRANCH" missed="30" covered="0"/><counter type="LINE" missed="37" covered="0"/><counter type="COMPLEXITY" missed="18" covered="0"/><counter type="METHOD" missed="3" covered="0"/><counter type="CLASS" missed="1" covered="0"/></sourcefile><sourcefile name="NumberLexer.java"><line nr="22" mi="0" ci="2" mb="0" cb="0"/><line nr="23" mi="0" ci="3" mb="0" cb="0"/><line nr="24" mi="0" ci="1" mb="0" cb="0"/><line nr="35" mi="0" ci="2" mb="0" cb="0"/><line nr="36" mi="0" ci="2" mb="0" cb="0"/><line nr="37" mi="0" ci="2" mb="0" cb="0"/><line nr="42" mi="0" ci="3" mb="0" cb="0"/><line nr="44" mi="0" ci="3" mb="0" cb="2"/><line nr="45" mi="0" ci="12" mb="4" cb="4"/><line nr="47" mi="3" ci="0" mb="0" cb="0"/><line nr="49" mi="0" ci="3" mb="1" cb="1"/><line nr="50" mi="2" ci="0" mb="0" cb="0"/><line nr="51" mi="6" ci="0" mb="0" cb="0"/><line nr="53" mi="0" ci="3" mb="0" cb="2"/><line nr="54" mi="0" ci="2" mb="0" cb="0"/><line nr="55" mi="0" ci="5" mb="0" cb="0"/><line nr="56" mi="0" ci="3" mb="0" cb="0"/><line nr="58" mi="0" ci="4" mb="0" cb="2"/><line nr="59" mi="0" ci="2" mb="0" cb="0"/><line nr="60" mi="0" ci="6" mb="0" cb="0"/><line nr="62" mi="0" ci="3" mb="0" cb="2"/><line nr="63" mi="0" ci="2" mb="0" cb="0"/><line nr="64" mi="0" ci="5" mb="0" cb="0"/><line nr="65" mi="0" ci="3" mb="0" cb="0"/><line nr="67" mi="0" ci="3" mb="1" cb="1"/><line nr="68" mi="0" ci="2" mb="0" cb="0"/><line nr="69" mi="0" ci="3" mb="0" cb="0"/><line nr="72" mi="5" ci="0" mb="0" cb="0"/><line nr="76" mi="0" ci="3" mb="1" cb="1"/><line nr="77" mi="12" ci="0" mb="8" cb="0"/><line nr="79" mi="3" ci="0" mb="0" cb="0"/><line nr="80" mi="3" ci="0" mb="0" cb="0"/><line nr="82" mi="4" ci="0" mb="2" cb="0"/><line nr="83" mi="2" ci="0" mb="0" cb="0"/><line nr="84" mi="6" ci="0" mb="0" cb="0"/><line nr="87" mi="3" ci="0" mb="0" cb="0"/><line nr="88" mi="3" ci="0" mb="0" cb="0"/><line nr="91" mi="0" ci="3" mb="1" cb="1"/><line nr="92" mi="0" ci="4" mb="1" cb="1"/><line nr="93" mi="2" ci="0" mb="0" cb="0"/><line nr="94" mi="6" ci="0" mb="0" cb="0"/><line nr="96" mi="0" ci="3" mb="1" cb="1"/><line nr="97" mi="2" ci="0" mb="0" cb="0"/><line nr="98" mi="6" ci="0" mb="0" cb="0"/><line nr="101" mi="0" ci="3" mb="0" cb="0"/><line nr="102" mi="0" ci="3" mb="0" cb="0"/><line nr="105" mi="3" ci="0" mb="2" cb="0"/><line nr="106" mi="4" ci="0" mb="2" cb="0"/><line nr="107" mi="2" ci="0" mb="0" cb="0"/><line nr="108" mi="6" ci="0" mb="0" cb="0"/><line nr="111" mi="5" ci="0" mb="0" cb="0"/><line nr="114" mi="3" ci="0" mb="2" cb="0"/><line nr="115" mi="4" ci="0" mb="2" cb="0"/><line nr="116" mi="2" ci="0" mb="0" cb="0"/><line nr="117" mi="6" ci="0" mb="0" cb="0"/><line nr="120" mi="3" ci="0" mb="0" cb="0"/><line nr="121" mi="2" ci="0" mb="0" cb="0"/><line nr="125" mi="0" ci="2" mb="0" cb="2"/><line nr="127" mi="0
[...]
><line nr="42" mi="1" ci="0" mb="0" cb="0"/><line nr="52" mi="2" ci="0" mb="0" cb="0"/><line nr="53" mi="3" ci="0" mb="2" cb="0"/><line nr="54" mi="8" ci="0" mb="0" cb="0"/><line nr="55" mi="3" ci="0" mb="0" cb="0"/><line nr="56" mi="4" ci="0" mb="0" cb="0"/><line nr="57" mi="2" ci="0" mb="2" cb="0"/><line nr="58" mi="8" ci="0" mb="0" cb="0"/><line nr="59" mi="3" ci="0" mb="0" cb="0"/><line nr="60" mi="4" ci="0" mb="0" cb="0"/><line nr="62" mi="6" ci="0" mb="0" cb="0"/><line nr="65" mi="7" ci="0" mb="0" cb="0"/><line nr="66" mi="3" ci="0" mb="0" cb="0"/><line nr="67" mi="3" ci="0" mb="0" cb="0"/><line nr="68" mi="1" ci="0" mb="0" cb="0"/><line nr="76" mi="2" ci="0" mb="0" cb="0"/><line nr="77" mi="5" ci="0" mb="0" cb="0"/><line nr="78" mi="4" ci="0" mb="0" cb="0"/><line nr="79" mi="3" ci="0" mb="0" cb="0"/><line nr="80" mi="7" ci="0" mb="0" cb="0"/><line nr="81" mi="3" ci="0" mb="0" cb="0"/><line nr="82" mi="4" ci="0" mb="0" cb="0"/><line nr="83" mi="1" ci="0" mb="0" cb="0"/><line nr="93" mi="2" ci="0" mb="0" cb="0"/><line nr="94" mi="3" ci="0" mb="2" cb="0"/><line nr="95" mi="5" ci="0" mb="0" cb="0"/><line nr="96" mi="4" ci="0" mb="0" cb="0"/><line nr="97" mi="3" ci="0" mb="0" cb="0"/><line nr="98" mi="7" ci="0" mb="0" cb="0"/><line nr="99" mi="4" ci="0" mb="0" cb="0"/><line nr="100" mi="2" ci="0" mb="2" cb="0"/><line nr="101" mi="5" ci="0" mb="0" cb="0"/><line nr="102" mi="4" ci="0" mb="0" cb="0"/><line nr="103" mi="3" ci="0" mb="0" cb="0"/><line nr="104" mi="7" ci="0" mb="0" cb="0"/><line nr="105" mi="4" ci="0" mb="0" cb="0"/><line nr="107" mi="6" ci="0" mb="0" cb="0"/><line nr="110" mi="4" ci="0" mb="0" cb="0"/><line nr="111" mi="1" ci="0" mb="0" cb="0"/><line nr="119" mi="2" ci="0" mb="0" cb="0"/><line nr="120" mi="5" ci="0" mb="0" cb="0"/><line nr="121" mi="4" ci="0" mb="0" cb="0"/><line nr="122" mi="3" ci="0" mb="0" cb="0"/><line nr="123" mi="7" ci="0" mb="0" cb="0"/><line nr="124" mi="3" ci="0" mb="0" cb="0"/><line nr="125" mi="4" ci="0" mb="0" cb="0"/><line nr="126" mi="1" ci="0" mb="0" cb="0"/><line nr="136" mi="2" ci="0" mb="0" cb="0"/><line nr="137" mi="3" ci="0" mb="2" cb="0"/><line nr="138" mi="5" ci="0" mb="0" cb="0"/><line nr="139" mi="4" ci="0" mb="0" cb="0"/><line nr="140" mi="3" ci="0" mb="0" cb="0"/><line nr="141" mi="7" ci="0" mb="0" cb="0"/><line nr="142" mi="4" ci="0" mb="0" cb="0"/><line nr="143" mi="2" ci="0" mb="2" cb="0"/><line nr="144" mi="5" ci="0" mb="0" cb="0"/><line nr="145" mi="4" ci="0" mb="0" cb="0"/><line nr="146" mi="3" ci="0" mb="0" cb="0"/><line nr="147" mi="7" ci="0" mb="0" cb="0"/><line nr="148" mi="4" ci="0" mb="0" cb="0"/><line nr="150" mi="6" ci="0" mb="0" cb="0"/><line nr="153" mi="4" ci="0" mb="0" cb="0"/><line nr="154" mi="1" ci="0" mb="0" cb="0"/><line nr="162" mi="2" ci="0" mb="0" cb="0"/><line nr="163" mi="5" ci="0" mb="0" cb="0"/><line nr="164" mi="4" ci="0" mb="0" cb="0"/><line nr="165" mi="3" ci="0" mb="0" cb="0"/><line nr="166" mi="7" ci="0" mb="0" cb="0"/><line nr="167" mi="3" ci="0" mb="0" cb="0"/><line nr="168" mi="4" ci="0" mb="0" cb="0"/><line nr="169" mi="1" ci="0" mb="0" cb="0"/><line nr="179" mi="2" ci="0" mb="0" cb="0"/><line nr="180" mi="3" ci="0" mb="2" cb="0"/><line nr="181" mi="5" ci="0" mb="0" cb="0"/><line nr="182" mi="4" ci="0" mb="0" cb="0"/><line nr="183" mi="3" ci="0" mb="0" cb="0"/><line nr="184" mi="7" ci="0" mb="0" cb="0"/><line nr="185" mi="4" ci="0" mb="0" cb="0"/><line nr="187" mi="2" ci="0" mb="2" cb="0"/><line nr="188" mi="5" ci="0" mb="0" cb="0"/><line nr="189" mi="4" ci="0" mb="0" cb="0"/><line nr="190" mi="3" ci="0" mb="0" cb="0"/><line nr="191" mi="7" ci="0" mb="0" cb="0"/><line nr="192" mi="4" ci="0" mb="0" cb="0"/><line nr="195" mi="6" ci="0" mb="0" cb="0"/><line nr="198" mi="4" ci="0" mb="0" cb="0"/><line nr="199" mi="1" ci="0" mb="0" cb="0"/><line nr="202" mi="2" ci="0" mb="0" cb="0"/><line nr="203" mi="4" ci="0" mb="0" cb="0"/><line nr="204" mi="4" ci="0" mb="0" cb="0"/><line nr="205" mi="4" ci="0" mb="0" cb="0"/><line nr="206" mi="7" ci="0" mb="0" cb="0"/><line nr="207" mi="4" ci="0" mb="0" cb="0"/><line nr="208" mi="5" ci="0" mb="0" cb="0"/><line nr="209" mi="1" ci="0" mb="0" cb="0"/><line nr="221" mi="6" ci="0" mb="0" cb="0"/><line nr="233" mi="4" ci="0" mb="2" cb="0"/><line nr="234" mi="2" ci="0" mb="0" cb="0"/><line nr="236" mi="5" ci="0" mb="0" cb="0"/><line nr="249" mi="3" ci="0" mb="2" cb="0"/><line nr="250" mi="2" ci="0" mb="0" cb="0"/><line nr="252" mi="5" ci="0" mb="0" cb="0"/><line nr="263" mi="3" ci="0" mb="0" cb="0"/><line nr="276" mi="5" ci="0" mb="2" cb="0"/><line nr="277" mi="9" ci="0" mb="0" cb="0"/><line nr="281" mi="2" ci="0" mb="0" cb="0"/><line nr="284" mi="5" ci="0" mb="2" cb="0"/><line nr="285" mi="5" ci="0" mb="0" cb="0"/><line nr="287" mi="3" ci="0" mb="0" cb="0"/><line nr="290" mi="4" ci="0" mb="2" cb="0"/><line nr="291" mi="9" ci="0" mb="2" cb="0"/><line nr="292" mi="14" ci="0" mb="0" cb="0"/><line nr="293" mi="1" ci="0" mb="0" cb="0"/><line nr="294" mi="1" ci="0" mb="0" cb="0"/><line nr="297" mi="8" ci="0" mb="2" cb="0"/><line nr="298" mi="14" ci="0" mb="0" cb="0"/><line nr="299" mi="1" ci="0" mb="0" cb="0"/><line nr="300" mi="1" ci="0" mb="0" cb="0"/><line nr="304" mi="2" ci="0" mb="0" cb="0"/><line nr="324" mi="4" ci="0" mb="0" cb="0"/><line nr="337" mi="4" ci="0" mb="0" cb="0"/><line nr="351" mi="11" ci="0" mb="6" cb="0"/><line nr="352" mi="6" ci="0" mb="0" cb="0"/><line nr="354" mi="4" ci="0" mb="2" cb="0"/><line nr="355" mi="3" ci="0" mb="0" cb="0"/><line nr="358" mi="4" ci="0" mb="0" cb="0"/><line nr="359" mi="2" ci="0" mb="0" cb="0"/><line nr="361" mi="16" ci="0" mb="2" cb="0"/><line nr="362" mi="7" ci="0" mb="0" cb="0"/><line nr="365" mi="9" ci="0" mb="0" cb="0"/><line nr="382" mi="4" ci="0" mb="0" cb="0"/><line nr="384" mi="7" ci="0" mb="0" cb="0"/><line nr="393" mi="4" ci="0" mb="2" cb="0"/><line nr="394" mi="5" ci="0" mb="0" cb="0"/><line nr="396" mi="6" ci="0" mb="0" cb="0"/><line nr="408" mi="11" ci="0" mb="0" cb="0"/><line nr="419" mi="11" ci="0" mb="0" cb="0"/><line nr="424" mi="11" ci="0" mb="0" cb="0"/><line nr="428" mi="7" ci="0" mb="0" cb="0"/><line nr="437" mi="8" ci="0" mb="0" cb="0"/><line nr="439" mi="4" ci="0" mb="2" cb="0"/><line nr="440" mi="9" ci="0" mb="2" cb="0"/><line nr="441" mi="12" ci="0" mb="0" cb="0"/><line nr="444" mi="3" ci="0" mb="2" cb="0"/><line nr="445" mi="9" ci="0" mb="2" cb="0"/><line nr="446" mi="12" ci="0" mb="0" cb="0"/><line nr="450" mi="5" ci="0" mb="0" cb="0"/><line nr="453" mi="2" ci="0" mb="0" cb="0"/><line nr="462" mi="3" ci="0" mb="0" cb="0"/><line nr="463" mi="9" ci="0" mb="0" cb="0"/><counter type="INSTRUCTION" missed="751" covered="0"/><counter type="BRANCH" missed="50" covered="0"/><counter type="LINE" missed="165" covered="0"/><counter type="COMPLEXITY" missed="51" covered="0"/><counter type="METHOD" missed="26" covered="0"/><counter type="CLASS" missed="1" covered="0"/></sourcefile><sourcefile name="MatrixOperations.java"><line nr="21" mi="3" ci="0" mb="0" cb="0"/><line nr="24" mi="6" ci="0" mb="0" cb="0"/><line nr="25" mi="4" ci="0" mb="0" cb="0"/><line nr="27" mi="16" ci="0" mb="8" cb="0"/><line nr="30" mi="6" ci="0" mb="0" cb="0"/><line nr="31" mi="3" ci="0" mb="0" cb="0"/><line nr="33" mi="1" ci="0" mb="0" cb="0"/><line nr="36" mi="8" ci="0" mb="2" cb="0"/><line nr="37" mi="8" ci="0" mb="2" cb="0"/><line nr="38" mi="16" ci="0" mb="4" cb="0"/><line nr="39" mi="25" ci="0" mb="0" cb="0"/><line nr="42" mi="38" ci="0" mb="0" cb="0"/><line nr="48" mi="5" ci="0" mb="0" cb="0"/><line nr="51" mi="2" ci="0" mb="0" cb="0"/><line nr="61" mi="3" ci="0" mb="0" cb="0"/><line nr="62" mi="6" ci="0" mb="0" cb="0"/><line nr="64" mi="8" ci="0" mb="2" cb="0"/><line nr="65" mi="8" ci="0" mb="2" cb="0"/><line nr="66" mi="24" ci="0" mb="0" cb="0"/><line nr="70" mi="5" ci="0" mb="0" cb="0"/><line nr="81" mi="3" ci="0" mb="0" cb="0"/><line nr="82" mi="6" ci="0" mb="0" cb="0"/><line nr="83" mi="4" ci="0" mb="0" cb="0"/><line nr="85" mi="8" ci="0" mb="2" cb="0"/><line nr="86" mi="8" ci="0" mb="2" cb="0"/><line nr="87" mi="38" ci="0" mb="0" cb="0"/><line nr="92" mi="5" ci="0" mb="0" cb="0"/><line nr="102" mi="5" ci="0" mb="0" cb="0"/><line nr="117" mi="3" ci="0" mb="0" cb="0"/><line nr="119" mi="4" ci="0" mb="2" cb="0"/><line nr="120" mi="3" ci="0" mb="0" cb="0"/><line nr="121" mi="6" ci="0" mb="0" cb="0"/><line nr="126" mi="8" ci="0" mb="4" cb="0"/><line nr="127" mi="5" ci="0" mb="0" cb="0"/><line nr="129" mi="4" ci="0" mb="0" cb="0"/><line nr="132" mi="2" ci="0" mb="0" cb="0"/><line nr="148" mi="3" ci="0" mb="0" cb="0"/><line nr="149" mi="6" ci="0" mb="0" cb="0"/><line nr="150" mi="4" ci="0" mb="0" cb="0"/><line nr="152" mi="8" ci="0" mb="2" cb="0"/><line nr="153" mi="8" ci="0" mb="2" cb="0"/><line nr="155" mi="70" ci="0" mb="0" cb="0"/><line nr="161" mi="5" ci="0" mb="0" cb="0"/><line nr="173" mi="7" ci="0" mb="0" cb="0"/><line nr="184" mi="3" ci="0" mb="0" cb="0"/><line nr="185" mi="6" ci="0" mb="0" cb="0"/><line nr="187" mi="8" ci="0" mb="2" cb="0"/><line nr="188" mi="8" ci="0" mb="2" cb="0"/><line nr="189" mi="50" ci="0" mb="0" cb="0"/><line nr="194" mi="5" ci="0" mb="0" cb="0"/><line nr="205" mi="3" ci="0" mb="0" cb="0"/><line nr="206" mi="6" ci="0" mb="0" cb="0"/><line nr="207" mi="4" ci="0" mb="0" cb="0"/><line nr="209" mi="8" ci="0" mb="2" cb="0"/><line nr="210" mi="8" ci="0" mb="2" cb="0"/><line nr="211" mi="134" ci="0" mb="0" cb="0"/><line nr="220" mi="5" ci="0" mb="0" cb="0"/><line nr="231" mi="4" ci="0" mb="0" cb="0"/><line nr="232" mi="7" ci="0" mb="0" cb="0"/><line nr="243" mi="4" ci="0" mb="0" cb="0"/><line nr="244" mi="4" ci="0" mb="0" cb="0"/><line nr="255" mi="5" ci="0" mb="0" cb="0"/><line nr="266" mi="3" ci="0" mb="0" cb="0"/><line nr="267" mi="6" ci="0" mb="0" cb="0"/><line nr="268" mi="4" ci="0" mb="0" cb="0"/><line nr="270" mi="8" ci="0" mb="2" cb="0"/><line nr="271" mi="7" ci="0" mb="0" cb="0"/><line nr="272" mi="7" ci="0" mb="0" cb="0"/><line nr="276" mi="6" ci="0" mb="0" cb="0"/><line nr="278" mi="8" ci="0" mb="2" cb="0"/><line nr="279" mi="3" ci="0" mb="2" cb="0"/><line nr="280" mi="5" ci="0" mb="0" cb="0"/><line nr="281" mi="5" ci="0" mb="0" cb="0"/><line nr="282" mi="6" ci="0" mb="0" cb="0"/><line nr="284" mi="7" ci="0" mb="0" cb="0"/><line nr="285" mi="7" ci="0" mb="0" cb="0"/><line nr="286" mi="7" ci="0" mb="0" cb="0"/><line nr="290" mi="2" ci="0" mb="0" cb="0"/><line nr="301" mi="3" ci="0" mb="0" cb="0"/><line nr="302" mi="6" ci="0" mb="0" cb="0"/><line nr="304" mi="8" ci="0" mb="2" cb="0"/><line nr="305" mi="8" ci="0" mb="2" cb="0"/><line nr="306" mi="12" ci="0" mb="0" cb="0"/><line nr="310" mi="5" ci="0" mb="0" cb="0"/><line nr="322" mi="3" ci="0" mb="0" cb="0"/><line nr="323" mi="6" ci="0" mb="0" cb="0"/><line nr="325" mi="8" ci="0" mb="2" cb="0"/><line nr="326" mi="8" ci="0" mb="2" cb="0"/><line nr="327" mi="12" ci="0" mb="0" cb="0"/><line nr="331" mi="5" ci="0" mb="0" cb="0"/><line nr="341" mi="3" ci="0" mb="0" cb="0"/><line nr="352" mi="3" ci="0" mb="0" cb="0"/><line nr="353" mi="6" ci="0" mb="0" cb="0"/><line nr="355" mi="2" ci="0" mb="0" cb="0"/><line nr="358" mi="8" ci="0" mb="2" cb="0"/><line nr="359" mi="8" ci="0" mb="2" cb="0"/><line nr="361" mi="13" ci="0" mb="4" cb="0"/><line nr="362" mi="13" ci="0" mb="4" cb="0"/><line nr="363" mi="11" ci="0" mb="0" cb="0"/><line nr="369" mi="5" ci="0" mb="0" cb="0"/><line nr="379" mi="3" ci="0" mb="0" cb="0"/><line nr="380" mi="6" ci="0" mb="0" cb="0"/><line nr="382" mi="8" ci="0" mb="2" cb="0"/><line nr="383" mi="8" ci="0" mb="2" cb="0"/><line nr="384" mi="12" ci="0" mb="0" cb="0"/><line nr="388" mi="5" ci="0" mb="0" cb="0"/><line nr="400" mi="4" ci="0" mb="0" cb="0"/><line nr="412" mi="4" ci="0" mb="0" cb="0"/><line nr="424" mi="4" ci="0" mb="0" cb="0"/><line nr="436" mi="2" ci="0" mb="0" cb="0"/><line nr="438" mi="8" ci="0" mb="4" cb="0"/><line nr="439" mi="7" ci="0" mb="0" cb="0"/><line nr="441" mi="8" ci="0" mb="4" cb="0"/><line nr="442" mi="7" ci="0" mb="0" cb="0"/><line nr="443" mi="7" ci="0" mb="0" cb="0"/><line nr="444" mi="7" ci="0" mb="0" cb="0"/><line nr="445" mi="7" ci="0" mb="0" cb="0"/><line nr="447" mi="8" ci="0" mb="0" cb="0"/><line nr="448" mi="1" ci="0" mb="0" cb="0"/><line nr="450" mi="8" ci="0" mb="2" cb="0"/><line nr="451" mi="6" ci="0" mb="0" cb="0"/><line nr="453" mi="8" ci="0" mb="0" cb="0"/><line nr="454" mi="9" ci="0" mb="0" cb="0"/><line nr="456" mi="7" ci="0" mb="0" cb="0"/><line nr="460" mi="2" ci="0" mb="0" cb="0"/><line nr="471" mi="2" ci="0" mb="0" cb="0"/><line nr="472" mi="4" ci="0" mb="0" cb="0"/><line nr="474" mi="15" ci="0" mb="0" cb="0"/><line nr="476" mi="10" ci="0" mb="2" cb="0"/><line nr="477" mi="11" ci="0" mb="0" cb="0"/><line nr="480" mi="4" ci="0" mb="0" cb="0"/><line nr="492" mi="3" ci="0" mb="0" cb="0"/><line nr="494" mi="3" ci="0" mb="2" cb="0"/><line nr="495" mi="7" ci="0" mb="0" cb="0"/><line nr="498" mi="8" ci="0" mb="4" cb="0"/><line nr="499" mi="7" ci="0" mb="0" cb="0"/><line nr="500" mi="7" ci="0" mb="0" cb="0"/><line nr="501" mi="7" ci="0" mb="0" cb="0"/><line nr="502" mi="7" ci="0" mb="0" cb="0"/><line nr="504" mi="8" ci="0" mb="0" cb="0"/><line nr="507" mi="3" ci="0" mb="0" cb="0"/><line nr="519" mi="5" ci="0" mb="0" cb="0"/><line nr="535" mi="3" ci="0" mb="0" cb="0"/><line nr="536" mi="2" ci="0" mb="0" cb="0"/><line nr="538" mi="2" ci="0" mb="2" cb="0"/><line nr="539" mi="11" ci="0" mb="2" cb="0"/><line nr="540" mi="15" ci="0" mb="0" cb="0"/><line nr="544" mi="16" ci="0" mb="0" cb="0"/><line nr="546" mi="10" ci="0" mb="2" cb="0"/><line nr="547" mi="11" ci="0" mb="2" cb="0"/><line nr="548" mi="5" ci="0" mb="2" cb="0"/><line nr="549" mi="13" ci="0" mb="0" cb="0"/><line nr="551" mi="16" ci="0" mb="0" cb="0"/><line nr="556" mi="3" ci="0" mb="2" cb="0"/><line nr="557" mi="7" ci="0" mb="2" cb="0"/><line nr="558" mi="11" ci="0" mb="0" cb="0"/><line nr="562" mi="18" ci="0" mb="0" cb="0"/><line nr="564" mi="10" ci="0" mb="2" cb="0"/><line nr="565" mi="11" ci="0" mb="2" cb="0"/><line nr="566" mi="7" ci="0" mb="2" cb="0"/><line nr="567" mi="13" ci="0" mb="0" cb="0"/><line nr="569" mi="18" ci="0" mb="0" cb="0"/><line nr="575" mi="6" ci="0" mb="0" cb="0"/><line nr="578" mi="2" ci="0" mb="0" cb="0"/><line nr="589" mi="5" ci="0" mb="0" cb="0"/><line nr="612" mi="4" ci="0" mb="0" cb="0"/><line nr="615" mi="2" ci="0" mb="0" cb="0"/><line nr="616" mi="2" ci="0" mb="0" cb="0"/><line nr="618" mi="8" ci="0" mb="4" cb="0"/><line nr="619" mi="9" ci="0" mb="2" cb="0"/><line nr="620" mi="9" ci="0" mb="0" cb="0"/><line nr="622" mi="8" ci="0" mb="2" cb="0"/><line nr="623" mi="14" ci="0" mb="0" cb="0"/><line nr="627" mi="10" ci="0" mb="2" cb="0"/><line nr="628" mi="7" ci="0" mb="0" cb="0"/><line nr="630" mi="8" ci="0" mb="2" cb="0"/><line nr="631" mi="20" ci="0" mb="0" cb="0"/><line nr="632" mi="1" ci="0" mb="0" cb="0"/><line nr="641" mi="7" ci="0" mb="0" cb="0"/><line nr="644" mi="1" ci="0" mb="0" cb="0"/><line nr="645" mi="2" ci="0" mb="0" cb="0"/><line nr="648" mi="2" ci="0" mb="0" cb="0"/><line nr="677" mi="5" ci="0" mb="2" cb="0"/><line nr="678" mi="3" ci="0" mb="0" cb="0"/><line nr="703" mi="4" ci="0" mb="0" cb="0"/><line nr="707" mi="2" ci="0" mb="0" cb="0"/><line nr="708" mi="2" ci="0" mb="0" cb="0"/><line nr="710" mi="8" ci="0" mb="4" cb="0"/><line nr="711" mi="2" ci="0" mb="0" cb="0"/><line nr="712" mi="7" ci="0" mb="0" cb="0"/><line nr="714" mi="8" ci="0" mb="2" cb="0"/><line nr="715" mi="9" ci="0" mb="2" cb="0"/><line nr="722" mi="8" ci="0" mb="0" cb="0"/><line nr="724" mi="9" ci="0" mb="2" cb="0"/><line nr="725" mi="2" ci="0" mb="0" cb="0"/><line nr="726" mi="7" ci="0" mb="0" cb="0"/><line nr="730" mi="9" ci="0" mb="2" cb="0"/><line nr="731" mi="3" ci="0" mb="2" cb="0"/><line nr="732" mi="5" ci="0" mb="0" cb="0"/><line nr="735" mi="9" ci="0" mb="0" cb="0"/><line nr="737" mi="8" ci="0" mb="2" cb="0"/><line nr="738" mi="14" ci="0" mb="0" cb="0"/><line nr="741" mi="8" ci="0" mb="2" cb="0"/><line nr="742" mi="7" ci="0" mb="0" cb="0"/><line nr="744" mi="3" ci="0" mb="2" cb="0"/><line nr="745" mi="7" ci="0" mb="0" cb="0"/><line nr="747" mi="10" ci="0" mb="2" cb="0"/><line nr="749" mi="15" ci="0" mb="0" cb="0"/><line nr="750" mi="1" ci="0" mb="0" cb="0"/><line nr="751" mi="7" ci="0" mb="0" cb="0"/><line nr="757" mi="1" ci="0" mb="0" cb="0"/><line nr="758" mi="2" ci="0" mb="0" cb="0"/><line nr="761" mi="2" ci="0" mb="0" cb="0"/><line nr="765" mi="2" ci="0" mb="0" cb="0"/><line nr="791" mi="4" ci="0" mb="0" cb="0"/><line nr="794" mi="2" ci="0" mb="0" cb="0"/><line nr="795" mi="2" ci="0" mb="0" cb="0"/><line nr="797" mi="8" ci="0" mb="4" cb="0"/><line nr="798" mi="9" ci="0" mb="2" cb="0"/><line nr="799" mi="9" ci="0" mb="0" cb="0"/><line nr="801" mi="8" ci="0" mb="2" cb="0"/><line nr="802" mi="14" ci="0" mb="0" cb="0"/><line nr="806" mi="8" ci="0" mb="2" cb="0"/><line nr="807" mi="7" ci="0" mb="0" cb="0"/><line nr="809" mi="3" ci="0" mb="2" cb="0"/><line nr="810" mi="8" ci="0" mb="2" cb="0"/><line nr="811" mi="20" ci="0" mb="0" cb="0"/><line nr="812" mi="1" ci="0" mb="0" cb="0"/><line nr="817" mi="1" ci="0" mb="0" cb="0"/><line nr="818" mi="2" ci="0" mb="0" cb="0"/><line nr="821" mi="2" ci="0" mb="0" cb="0"/><line nr="833" mi="3" ci="0" mb="0" cb="0"/><line nr="834" mi="4" ci="0" mb="0" cb="0"/><line nr="835" mi="4" ci="0" mb="0" cb="0"/><line nr="837" mi="3" ci="0" mb="0" cb="0"/><line nr="850" mi="3" ci="0" mb="0" cb="0"/><line nr="852" mi="3" ci="0" mb="2" cb="0"/><line nr="853" mi="7" ci="0" mb="0" cb="0"/><line nr="856" mi="7" ci="0" mb="0" cb="0"/><line nr="858" mi="8" ci="0" mb="2" cb="0"/><line nr="859" mi="9" ci="0" mb="0" cb="0"/><line nr="862" mi="2" ci="0" mb="0" cb="0"/><line nr="875" mi="3" ci="0" mb="0" cb="0"/><line nr="889" mi="3" ci="0" mb="0" cb="0"/><line nr="890" mi="3" ci="0" mb="0" cb="0"/><line nr="891" mi="3" ci="0" mb="0" cb="0"/><line nr="893" mi="9" ci="0" mb="2" cb="0"/><line nr="894" mi="5" ci="0" mb="2" cb="0"/><line nr="895" mi="1" ci="0" mb="0" cb="0"/><line nr="902" mi="2" ci="0" mb="0" cb="0"/><line nr="913" mi="3" ci="0" mb="0" cb="0"/><line nr="914" mi="6" ci="0" mb="0" cb="0"/><line nr="925" mi="3" ci="0" mb="0" cb="0"/><line nr="927" mi="3" ci="0" mb="2" cb="0"/><line nr="928" mi="5" ci="0" mb="0" cb="0"/><line nr="931" mi="3" ci="0" mb="0" cb="0"/><line nr="932" mi="2" ci="0" mb="0" cb="0"/><line nr="934" mi="10" ci="0" mb="2" cb="0"/><line nr="935" mi="11" ci="0" mb="0" cb="0"/><line nr="938" mi="7" ci="0" mb="2" cb="0"/><line nr="947" mi="5" ci="0" mb="0" cb="0"/><line nr="951" mi="10" ci="0" mb="0" cb="0"/><line nr="962" mi="3" ci="0" mb="0" cb="0"/><line nr="981" mi="8" ci="0" mb="0" cb="0"/><line nr="982" mi="4" ci="0" mb="0" cb="0"/><line nr="984" mi="3" ci="0" mb="2" cb="0"/><line nr="985" mi="5" ci="0" mb="0" cb="0"/><line nr="988" mi="8" ci="0" mb="2" cb="0"/><line nr="990" mi="8" ci="0" mb="0" cb="0"/><line nr="993" mi="2" ci="0" mb="0" cb="0"/><line nr="1003" mi="7" ci="0" mb="0" cb="0"/><line nr="1005" mi="8" ci="0" mb="2" cb="0"/><line nr="1006" mi="8" ci="0" mb="2" cb="0"/><line nr="1007" mi="13" ci="0" mb="0" cb="0"/><line nr="1011" mi="2" ci="0" mb="0" cb="0"/><counter type="INSTRUCTION" missed="2059" covered="0"/><counter type="BRANCH" missed="182" covered="0"/><counter type="LINE" missed="275" covered="0"/><counter type="COMPLEXITY" missed="131" covered="0"/><counter type="METHOD" missed="40" covered="0"/><counter type="CLASS" missed="1" covered="0"/></sourcefile><counter type="INSTRUCTION" missed="11995" covered="196"/><counter type="BRANCH" missed="897" covered="14"/><counter type="LINE" missed="1690" covered="52"/><counter type="COMPLEXITY" missed="699" covered="14"/><counter type="METHOD" missed="246" covered="10"/><counter type="CLASS" missed="13" covered="3"/></package><counter type="INSTRUCTION" missed="15309" covered="703"/><counter type="BRANCH" missed="1180" covered="75"/><counter type="LINE" missed="2182" covered="177"/><counter type="COMPLEXITY" missed="948" covered="52"/><counter type="METHOD" missed="340" covered="31"/><counter type="CLASS" missed="20" covered="10"/></report>